#
# A fatal error has been detected by the Java Runtime Environment:
#
#  EXCEPTION_ACCESS_VIOLATION (0xc0000005) at pc=0x00000000755b3111, pid=3616, tid=3600
#
# JRE version: OpenJDK Runtime Environment AdoptOpenJDK (11.0.9+11) (build 11.0.9+11)
# Java VM: OpenJDK 64-Bit Server VM AdoptOpenJDK (11.0.9+11, mixed mode, tiered, compressed oops, g1 gc, windows-amd64)
# Problematic frame:
# C  [nvoglv64.dll+0x833111]
#
# No core dump will be written. Minidumps are not enabled by default on client versions of Windows
#
# If you would like to submit a bug report, please visit:
#   https://github.com/AdoptOpenJDK/openjdk-support/issues
# The crash happened outside the Java Virtual Machine in native code.
# See problematic frame for where to report the bug.
#

---------------  S U M M A R Y ------------

Command Line: -Dfile.encoding=Cp1252 nelsoncca.CCAProject

Host: Intel(R) Core(TM) i7-8700 CPU @ 3.20GHz, 12 cores, 15G,  Windows 10 , 64 bit Build 18362 (10.0.18362.1350)
Time: Fri Feb 26 09:16:01 2021 Eastern Standard Time elapsed time: 2.524689 seconds (0d 0h 0m 2s)

---------------  T H R E A D  ---------------

Current thread (0x000001740ec21000):  JavaThread "main" [_thread_in_native, id=3600, stack(0x0000006165400000,0x0000006165500000)]

Stack: [0x0000006165400000,0x0000006165500000],  sp=0x00000061654fe4c0,  free space=1017k
Native frames: (J=compiled Java code, j=interpreted, Vv=VM code, C=native code)
C  [nvoglv64.dll+0x833111]

Java frames: (J=compiled Java code, j=interpreted, Vv=VM code)
j  org.lwjgl.system.JNI.invokePPPP(IIJJJJ)J+0
j  org.lwjgl.glfw.GLFW.nglfwCreateWindow(IIJJJ)J+14
j  org.lwjgl.glfw.GLFW.glfwCreateWindow(IILjava/lang/CharSequence;JJ)J+37
j  com.jme3.system.lwjgl.LwjglWindow.createContext(Lcom/jme3/system/AppSettings;)V+314
j  com.jme3.system.lwjgl.LwjglWindow.initInThread()Z+34
j  com.jme3.system.lwjgl.LwjglWindow.run()V+32
j  com.jme3.system.lwjgl.LwjglWindow.create(Z)V+27
j  com.jme3.app.LegacyApplication.start(Lcom/jme3/system/JmeContext$Type;Z)V+92
j  com.jme3.app.LegacyApplication.start()V+5
j  com.jme3.app.SimpleApplication.start()V+51
j  nelsoncca.CCAProject.main([Ljava/lang/String;)V+9
v  ~StubRoutines::call_stub

siginfo: EXCEPTION_ACCESS_VIOLATION (0xc0000005), reading address 0x0000000000000004


Register to memory mapping:

RIP=0x00000000755b3111 nvoglv64.dll
RAX=0x0 is NULL
RBX=0x0 is NULL
RCX=0x000001743f002080 points into unknown readable memory: 00 00 00 00 00 00 00 00
RDX=0x0000000000000002 is an unknown value
RSP=0x00000061654fe4c0 is pointing into the stack for thread: 0x000001740ec21000
RBP=0x0 is NULL
RSI=0x000001743f6ce080 points into unknown readable memory: 00 00 00 00 00 00 00 00
RDI=0x000001743f002080 points into unknown readable memory: 00 00 00 00 00 00 00 00
R8 =0x00000061654fe383 is pointing into the stack for thread: 0x000001740ec21000
R9 =0x000000007ffe3000 points into unknown readable memory: 48 61 6c 54 00 00 00 00
R10=0x00000000546c6148 is an unknown value
R11=0xfffffffff7fe212a is an unknown value
R12=0x0000000041010c1b is an unknown value
R13=0x0000000000000001 is an unknown value
R14=0x0 is NULL
R15=0x0000000000000002 is an unknown value


Registers:
RAX=0x0000000000000000, RBX=0x0000000000000000, RCX=0x000001743f002080, RDX=0x0000000000000002
RSP=0x00000061654fe4c0, RBP=0x0000000000000000, RSI=0x000001743f6ce080, RDI=0x000001743f002080
R8 =0x00000061654fe383, R9 =0x000000007ffe3000, R10=0x00000000546c6148, R11=0xfffffffff7fe212a
R12=0x0000000041010c1b, R13=0x0000000000000001, R14=0x0000000000000000, R15=0x0000000000000002
RIP=0x00000000755b3111, EFLAGS=0x0000000000010246

Top of Stack: (sp=0x00000061654fe4c0)
0x00000061654fe4c0:   000001743f002080 0000000075831768
0x00000061654fe4d0:   00007ffc7f675030 000001743f002080
0x00000061654fe4e0:   000000000007b368 000001743f002080
0x00000061654fe4f0:   000000000007b368 0000000075817ddb
0x00000061654fe500:   0000000000000000 00007ffc7f675030
0x00000061654fe510:   00000061654fe608 00007ffc7f675030
0x00000061654fe520:   00007ffc00000001 00007ffcb1d87170
0x00000061654fe530:   000001743306db20 00007ffcb442f381
0x00000061654fe540:   0000000000000000 0000000000000000
0x00000061654fe550:   00000061654fe608 0000000000000000
0x00000061654fe560:   000001743e779930 0000000000000e10
0x00000061654fe570:   00007ffc7f776000 00007ffc7f776a90
0x00000061654fe580:   0000000000020000 00007ffc7f67528b
0x00000061654fe590:   0000000041010c1b 000001743b169d70
0x00000061654fe5a0:   00007ffc7f675030 0000000000000000
0x00000061654fe5b0:   0000000000020000 0000000000000007 

Instructions: (pc=0x00000000755b3111)
0x00000000755b3011:   38 c6 01 c6 43 4a 01 e8 d3 d8 ff ff 48 8b 43 58
0x00000000755b3021:   65 48 89 04 25 48 12 00 00 48 8b 4b 58 48 81 c1
0x00000000755b3031:   08 02 00 00 e8 d6 08 00 00 48 8b 4b 58 48 81 c1
0x00000000755b3041:   98 01 00 00 e8 c6 08 00 00 48 8b 4b 58 48 81 c1
0x00000000755b3051:   78 02 00 00 e8 b6 08 00 00 48 8b 53 58 83 82 18
0x00000000755b3061:   39 54 00 01 75 2a 45 33 c0 48 8d 8a 28 18 00 00
0x00000000755b3071:   41 8b c0 ff c0 44 89 01 48 8d 89 90 0a 00 00 3d
0x00000000755b3081:   f7 07 00 00 72 ed c7 82 18 39 54 00 01 00 00 00
0x00000000755b3091:   8b 82 18 39 54 00 40 b7 01 89 82 98 0d 00 00 40
0x00000000755b30a1:   0f b6 c7 48 8b 5c 24 30 48 83 c4 20 5f c3 cc 48
0x00000000755b30b1:   85 d2 74 0d 33 c0 83 ba 00 01 00 00 13 48 0f 47
0x00000000755b30c1:   d0 48 89 91 40 ed 54 00 48 89 91 80 ed 54 00 e9
0x00000000755b30d1:   7b eb 57 00 cc cc cc cc cc cc cc cc cc cc cc 40
0x00000000755b30e1:   56 57 48 83 ec 28 48 8b b1 80 ed 54 00 48 8b f9
0x00000000755b30f1:   48 85 f6 0f 84 73 05 00 00 48 8b 86 b8 fb 05 00
0x00000000755b3101:   48 89 6c 24 48 48 8b 2e 4c 89 74 24 50 45 33 f6
0x00000000755b3111:   44 8b 40 04 ff 81 18 39 54 00 4c 89 7c 24 20 44
0x00000000755b3121:   39 b1 18 39 54 00 75 27 41 8b c6 48 81 c1 28 18
0x00000000755b3131:   00 00 ff c0 44 89 31 48 8d 89 90 0a 00 00 3d f7
0x00000000755b3141:   07 00 00 72 ed c7 87 18 39 54 00 01 00 00 00 8b
0x00000000755b3151:   87 18 39 54 00 48 8d 8f 98 0d 00 00 89 01 48 8b
0x00000000755b3161:   87 e8 02 00 00 44 39 40 04 74 53 45 85 c0 74 32
0x00000000755b3171:   b8 6f 45 21 01 41 8b c8 41 f7 e0 41 8b c0 2b c2
0x00000000755b3181:   d1 e8 03 c2 c1 e8 0a 69 c0 f7 07 00 00 2b c8 8b
0x00000000755b3191:   c1 48 69 c8 90 0a 00 00 48 81 c1 28 18 00 00 48
0x00000000755b31a1:   03 cf 48 89 8f e8 02 00 00 c7 81 88 0a 00 00 01
0x00000000755b31b1:   00 00 00 48 8b 87 e8 02 00 00 44 89 40 04 4c 8b
0x00000000755b31c1:   87 e8 02 00 00 48 8d 97 1c 39 54 00 48 8d 8e 00
0x00000000755b31d1:   c9 05 00 e8 f7 da ff ff 48 8b 8f e8 02 00 00 48
0x00000000755b31e1:   8b d7 8b 87 18 39 54 00 89 01 48 8b ce 0f 10 86
0x00000000755b31f1:   04 23 05 00 0f 11 87 38 39 54 00 0f 10 8e 14 23
0x00000000755b3201:   05 00 0f 11 8f 48 39 54 00 f2 0f 10 86 24 23 05 


Stack slot to memory mapping:
stack at sp + 0 slots: 0x000001743f002080 points into unknown readable memory: 00 00 00 00 00 00 00 00
stack at sp + 1 slots: 0x0000000075831768 nvoglv64.dll
stack at sp + 2 slots: 0x00007ffc7f675030 opengl32.dll
stack at sp + 3 slots: 0x000001743f002080 points into unknown readable memory: 00 00 00 00 00 00 00 00
stack at sp + 4 slots: 0x000000000007b368 is an unknown value
stack at sp + 5 slots: 0x000001743f002080 points into unknown readable memory: 00 00 00 00 00 00 00 00
stack at sp + 6 slots: 0x000000000007b368 is an unknown value
stack at sp + 7 slots: 0x0000000075817ddb nvoglv64.dll


---------------  P R O C E S S  ---------------

Threads class SMR info:
_java_thread_list=0x000001743b0bdcd0, length=18, elements={
0x000001740ec21000, 0x00000174327b2800, 0x00000174327b4000, 0x00000174330cd000,
0x00000174330cf000, 0x00000174330d1000, 0x0000017433078000, 0x0000017433085800,
0x0000017433251000, 0x0000017433252800, 0x00000174338a5000, 0x00000174338b4800,
0x00000174338c5800, 0x0000017433907000, 0x000001743ac7b800, 0x000001743b29d000,
0x000001743b412000, 0x000001743ca1d800
}

Java Threads: ( => current thread )
=>0x000001740ec21000 JavaThread "main" [_thread_in_native, id=3600, stack(0x0000006165400000,0x0000006165500000)]
  0x00000174327b2800 JavaThread "Reference Handler" daemon [_thread_blocked, id=3464, stack(0x0000006165b00000,0x0000006165c00000)]
  0x00000174327b4000 JavaThread "Finalizer" daemon [_thread_blocked, id=10832, stack(0x0000006165c00000,0x0000006165d00000)]
  0x00000174330cd000 JavaThread "Signal Dispatcher" daemon [_thread_blocked, id=7932, stack(0x0000006165d00000,0x0000006165e00000)]
  0x00000174330cf000 JavaThread "Attach Listener" daemon [_thread_blocked, id=6516, stack(0x0000006165e00000,0x0000006165f00000)]
  0x00000174330d1000 JavaThread "C2 CompilerThread0" daemon [_thread_blocked, id=8908, stack(0x0000006165f00000,0x0000006166000000)]
  0x0000017433078000 JavaThread "C1 CompilerThread0" daemon [_thread_blocked, id=10972, stack(0x0000006166000000,0x0000006166100000)]
  0x0000017433085800 JavaThread "Sweeper thread" daemon [_thread_blocked, id=4144, stack(0x0000006166100000,0x0000006166200000)]
  0x0000017433251000 JavaThread "Service Thread" daemon [_thread_blocked, id=976, stack(0x0000006166200000,0x0000006166300000)]
  0x0000017433252800 JavaThread "Common-Cleaner" daemon [_thread_blocked, id=1884, stack(0x0000006166400000,0x0000006166500000)]
  0x00000174338a5000 JavaThread "Java2D Disposer" daemon [_thread_blocked, id=7704, stack(0x0000006166500000,0x0000006166600000)]
  0x00000174338b4800 JavaThread "AWT-Shutdown" [_thread_blocked, id=620, stack(0x0000006166600000,0x0000006166700000)]
  0x00000174338c5800 JavaThread "AWT-Windows" daemon [_thread_in_native, id=10700, stack(0x0000006166700000,0x0000006166800000)]
  0x0000017433907000 JavaThread "AWT-EventQueue-0" [_thread_blocked, id=3136, stack(0x0000006166800000,0x0000006166900000)]
  0x000001743ac7b800 JavaThread "Image Fetcher 0" daemon [_thread_blocked, id=4316, stack(0x0000006166c10000,0x0000006166d10000)]
  0x000001743b29d000 JavaThread "D3D Screen Updater" daemon [_thread_blocked, id=656, stack(0x0000006166d10000,0x0000006166e10000)]
  0x000001743b412000 JavaThread "TimerQueue" daemon [_thread_blocked, id=10800, stack(0x0000006166e10000,0x0000006166f10000)]
  0x000001743ca1d800 JavaThread "C2 CompilerThread1" daemon [_thread_blocked, id=6492, stack(0x0000006167280000,0x0000006167380000)]

Other Threads:
  0x00000174327db800 VMThread "VM Thread" [stack: 0x0000006165a00000,0x0000006165b00000] [id=7688]
  0x0000017433252000 WatcherThread [stack: 0x0000006166300000,0x0000006166400000] [id=5036]
  0x000001740ec38000 GCTaskThread "GC Thread#0" [stack: 0x0000006165500000,0x0000006165600000] [id=9976]
  0x000001743abdd000 GCTaskThread "GC Thread#1" [stack: 0x0000006166a20000,0x0000006166b20000] [id=9304]
  0x000001743ac8d800 GCTaskThread "GC Thread#2" [stack: 0x0000006166f80000,0x0000006167080000] [id=8912]
  0x000001743a859800 GCTaskThread "GC Thread#3" [stack: 0x0000006167080000,0x0000006167180000] [id=616]
  0x000001743aa98800 GCTaskThread "GC Thread#4" [stack: 0x0000006167180000,0x0000006167280000] [id=3376]
  0x000001740ec94000 ConcurrentGCThread "G1 Main Marker" [stack: 0x0000006165600000,0x0000006165700000] [id=2332]
  0x000001740ec98000 ConcurrentGCThread "G1 Conc#0" [stack: 0x0000006165700000,0x0000006165800000] [id=10308]
  0x000001743269d000 ConcurrentGCThread "G1 Refine#0" [stack: 0x0000006165800000,0x0000006165900000] [id=11068]
  0x000001743269e000 ConcurrentGCThread "G1 Young RemSet Sampling" [stack: 0x0000006165900000,0x0000006165a00000] [id=8532]

Threads with active compile tasks:

VM state:not at safepoint (normal execution)

VM Mutex/Monitor currently owned by a thread: None

Heap address: 0x000000070a800000, size: 3928 MB, Compressed Oops mode: Zero based, Oop shift amount: 3
Narrow klass base: 0x0000000800000000, Narrow klass shift: 0
Compressed class space size: 1073741824 Address: 0x0000000800000000

Heap:
 garbage-first heap   total 20480K, used 9848K [0x000000070a800000, 0x0000000800000000)
  region size 1024K, 6 young (6144K), 0 survivors (0K)
 Metaspace       used 22002K, capacity 22550K, committed 22656K, reserved 1069056K
  class space    used 2376K, capacity 2644K, committed 2688K, reserved 1048576K
Heap Regions: E=young(eden), S=young(survivor), O=old, HS=humongous(starts), HC=humongous(continues), CS=collection set, F=free, A=archive, TAMS=top-at-mark-start (previous, next)
|   0|0x000000070a800000, 0x000000070a900000, 0x000000070a900000|100%|HS|  |TAMS 0x000000070a800000, 0x000000070a800000| Untracked 
|   1|0x000000070a900000, 0x000000070aa00000, 0x000000070aa00000|100%|HC|  |TAMS 0x000000070a900000, 0x000000070a900000| Untracked 
|   2|0x000000070aa00000, 0x000000070aafffe0, 0x000000070ab00000| 99%| O|  |TAMS 0x000000070aa00000, 0x000000070aa00000| Untracked 
|   3|0x000000070ab00000, 0x000000070abffff8, 0x000000070ac00000| 99%| O|  |TAMS 0x000000070ab00000, 0x000000070ab00000| Untracked 
|   4|0x000000070ac00000, 0x000000070ace8f90, 0x000000070ad00000| 91%| O|  |TAMS 0x000000070ac00000, 0x000000070ac00000| Untracked 
|   5|0x000000070ad00000, 0x000000070adb5160, 0x000000070ae00000| 70%| O|  |TAMS 0x000000070ad00000, 0x000000070ad00000| Untracked 
|   6|0x000000070ae00000, 0x000000070ae00000, 0x000000070af00000|  0%| F|  |TAMS 0x000000070ae00000, 0x000000070ae00000| Untracked 
|   7|0x000000070af00000, 0x000000070af00000, 0x000000070b000000|  0%| F|  |TAMS 0x000000070af00000, 0x000000070af00000| Untracked 
|   8|0x000000070b000000, 0x000000070b000000, 0x000000070b100000|  0%| F|  |TAMS 0x000000070b000000, 0x000000070b000000| Untracked 
|   9|0x000000070b100000, 0x000000070b100000, 0x000000070b200000|  0%| F|  |TAMS 0x000000070b100000, 0x000000070b100000| Untracked 
|  10|0x000000070b200000, 0x000000070b200000, 0x000000070b300000|  0%| F|  |TAMS 0x000000070b200000, 0x000000070b200000| Untracked 
|  11|0x000000070b300000, 0x000000070b300000, 0x000000070b400000|  0%| F|  |TAMS 0x000000070b300000, 0x000000070b300000| Untracked 
|  12|0x000000070b400000, 0x000000070b400000, 0x000000070b500000|  0%| F|  |TAMS 0x000000070b400000, 0x000000070b400000| Untracked 
|  13|0x000000070b500000, 0x000000070b500000, 0x000000070b600000|  0%| F|  |TAMS 0x000000070b500000, 0x000000070b500000| Untracked 
|  14|0x000000070b600000, 0x000000070b681c08, 0x000000070b700000| 50%| E|  |TAMS 0x000000070b600000, 0x000000070b600000| Complete 
|  15|0x000000070b700000, 0x000000070b800000, 0x000000070b800000|100%| E|  |TAMS 0x000000070b700000, 0x000000070b700000| Complete 
|  16|0x000000070b800000, 0x000000070b900000, 0x000000070b900000|100%| E|CS|TAMS 0x000000070b800000, 0x000000070b800000| Complete 
|  17|0x000000070b900000, 0x000000070ba00000, 0x000000070ba00000|100%| E|CS|TAMS 0x000000070b900000, 0x000000070b900000| Complete 
|  18|0x000000070ba00000, 0x000000070bb00000, 0x000000070bb00000|100%| E|CS|TAMS 0x000000070ba00000, 0x000000070ba00000| Complete 
|  19|0x000000070bb00000, 0x000000070bc00000, 0x000000070bc00000|100%| E|CS|TAMS 0x000000070bb00000, 0x000000070bb00000| Complete 

Card table byte_map: [0x0000017427010000,0x00000174277c0000] _byte_map_base: 0x00000174237bc000

Marking Bits (Prev, Next): (CMBitMap*) 0x000001740ec839f8, (CMBitMap*) 0x000001740ec83a30
 Prev Bits: [0x0000017427f70000, 0x000001742bcd0000)
 Next Bits: [0x000001742bcd0000, 0x000001742fa30000)

Polling page: 0x000001740cc20000

Metaspace:

Usage:
  Non-class:     19.44 MB capacity,    19.17 MB ( 99%) used,   219.86 KB (  1%) free+waste,    60.25 KB ( <1%) overhead. 
      Class:      2.58 MB capacity,     2.32 MB ( 90%) used,   235.19 KB (  9%) free+waste,    32.19 KB (  1%) overhead. 
       Both:     22.02 MB capacity,    21.49 MB ( 98%) used,   455.05 KB (  2%) free+waste,    92.44 KB ( <1%) overhead. 

Virtual space:
  Non-class space:       20.00 MB reserved,      19.50 MB ( 98%) committed 
      Class space:        1.00 GB reserved,       2.63 MB ( <1%) committed 
             Both:        1.02 GB reserved,      22.13 MB (  2%) committed 

Chunk freelists:
   Non-Class:  0 bytes
       Class:  12.00 KB
        Both:  12.00 KB

MaxMetaspaceSize: 17179869184.00 GB
CompressedClassSpaceSize: 1.00 GB

CodeHeap 'non-profiled nmethods': size=120000Kb used=580Kb max_used=580Kb free=119419Kb
 bounds [0x000001741edd0000, 0x000001741f040000, 0x0000017426300000]
CodeHeap 'profiled nmethods': size=120000Kb used=3442Kb max_used=3442Kb free=116557Kb
 bounds [0x00000174178a0000, 0x0000017417c00000, 0x000001741edd0000]
CodeHeap 'non-nmethods': size=5760Kb used=1562Kb max_used=1574Kb free=4197Kb
 bounds [0x0000017417300000, 0x0000017417570000, 0x00000174178a0000]
 total_blobs=2903 nmethods=1794 adapters=1020
 compilation: enabled
              stopped_count=0, restarted_count=0
 full_count=0

Compilation events (20 events):
Event: 1.920 Thread 0x0000017433078000 1783       3       java.util.regex.Pattern::lambda$Single$8 (11 bytes)
Event: 1.920 Thread 0x0000017433078000 nmethod 1783 0x0000017417bf0c10 code [0x0000017417bf0dc0, 0x0000017417bf0ef8]
Event: 1.922 Thread 0x0000017433078000 1785   !   3       java.net.URL::<init> (543 bytes)
Event: 1.923 Thread 0x00000174330d1000 1789       4       java.nio.DirectByteBuffer::ix (10 bytes)
Event: 1.923 Thread 0x00000174330d1000 nmethod 1789 0x000001741ee60d10 code [0x000001741ee60ea0, 0x000001741ee60f18]
Event: 1.925 Thread 0x0000017433078000 nmethod 1785 0x0000017417bf0f90 code [0x0000017417bf1680, 0x0000017417bf54a8]
Event: 1.925 Thread 0x0000017433078000 1788       3       sun.misc.Unsafe::putInt (11 bytes)
Event: 1.925 Thread 0x0000017433078000 nmethod 1788 0x0000017417bf7710 code [0x0000017417bf78c0, 0x0000017417bf79b8]
Event: 1.925 Thread 0x0000017433078000 1787       3       java.lang.Integer::toUnsignedLong (7 bytes)
Event: 1.925 Thread 0x0000017433078000 nmethod 1787 0x0000017417bf7a90 code [0x0000017417bf7c40, 0x0000017417bf7d38]
Event: 1.925 Thread 0x0000017433078000 1790       1       org.lwjgl.system.Pointer$Default::address (5 bytes)
Event: 1.925 Thread 0x0000017433078000 nmethod 1790 0x000001741ee60f90 code [0x000001741ee61140, 0x000001741ee611f8]
Event: 1.951 Thread 0x0000017433078000 1791       3       java.util.Collections$SetFromMap::remove (19 bytes)
Event: 1.951 Thread 0x0000017433078000 nmethod 1791 0x0000017417bf7e10 code [0x0000017417bf7fe0, 0x0000017417bf8208]
Event: 1.951 Thread 0x0000017433078000 1792       3       java.util.zip.ZipFile::getZipEntry (301 bytes)
Event: 1.952 Thread 0x0000017433078000 nmethod 1792 0x0000017417bf8310 code [0x0000017417bf86a0, 0x0000017417bfa348]
Event: 1.952 Thread 0x0000017433078000 1793       3       java.security.CodeSource::getCertificates (98 bytes)
Event: 1.953 Thread 0x0000017433078000 nmethod 1793 0x0000017417bfae10 code [0x0000017417bfb080, 0x0000017417bfbc18]
Event: 1.953 Thread 0x0000017433078000 1794       3       java.util.zip.InflaterInputStream::<init> (79 bytes)
Event: 1.953 Thread 0x0000017433078000 nmethod 1794 0x0000017417bfbf10 code [0x0000017417bfc120, 0x0000017417bfc978]

GC Heap History (4 events):
Event: 1.783 GC heap before
{Heap before GC invocations=0 (full 0):
 garbage-first heap   total 251904K, used 21504K [0x000000070a800000, 0x0000000800000000)
  region size 1024K, 20 young (20480K), 0 survivors (0K)
 Metaspace       used 18938K, capacity 19420K, committed 19584K, reserved 1067008K
  class space    used 2118K, capacity 2362K, committed 2432K, reserved 1048576K
}
Event: 1.793 GC heap after
{Heap after GC invocations=1 (full 1):
 garbage-first heap   total 24576K, used 5752K [0x000000070a800000, 0x0000000800000000)
  region size 1024K, 0 young (0K), 0 survivors (0K)
 Metaspace       used 18938K, capacity 19420K, committed 19584K, reserved 1067008K
  class space    used 2118K, capacity 2362K, committed 2432K, reserved 1048576K
}
Event: 1.793 GC heap before
{Heap before GC invocations=1 (full 1):
 garbage-first heap   total 24576K, used 5752K [0x000000070a800000, 0x0000000800000000)
  region size 1024K, 0 young (0K), 0 survivors (0K)
 Metaspace       used 18938K, capacity 19420K, committed 19584K, reserved 1067008K
  class space    used 2118K, capacity 2362K, committed 2432K, reserved 1048576K
}
Event: 1.802 GC heap after
{Heap after GC invocations=2 (full 2):
 garbage-first heap   total 20480K, used 5752K [0x000000070a800000, 0x0000000800000000)
  region size 1024K, 0 young (0K), 0 survivors (0K)
 Metaspace       used 18938K, capacity 19420K, committed 19584K, reserved 1067008K
  class space    used 2118K, capacity 2362K, committed 2432K, reserved 1048576K
}

Deoptimization events (20 events):
Event: 1.876 Thread 0x000001740ec21000 Uncommon trap: trap_request=0xffffff45 fr.pc=0x000001741ee0e894 relative=0x0000000000003474
Event: 1.876 Thread 0x000001740ec21000 Uncommon trap: reason=unstable_fused_if action=reinterpret pc=0x000001741ee0e894 method=jdk.internal.org.objectweb.asm.Frame.execute(IILjdk/internal/org/objectweb/asm/ClassWriter;Ljdk/internal/org/objectweb/asm/Item;)V @ 1 c2
Event: 1.876 Thread 0x000001740ec21000 DEOPT PACKING pc=0x000001741ee0e894 sp=0x00000061654fa620
Event: 1.876 Thread 0x000001740ec21000 DEOPT UNPACKING pc=0x000001741732772f sp=0x00000061654fa5c0 mode 2
Event: 1.877 Thread 0x000001740ec21000 Uncommon trap: trap_request=0xffffffde fr.pc=0x000001741ee3a2f0 relative=0x00000000000030d0
Event: 1.877 Thread 0x000001740ec21000 Uncommon trap: reason=class_check action=maybe_recompile pc=0x000001741ee3a2f0 method=java.lang.invoke.InvokerBytecodeGenerator.emitPushArgument(Ljava/lang/Class;Ljava/lang/Object;)V @ 6 c2
Event: 1.877 Thread 0x000001740ec21000 DEOPT PACKING pc=0x000001741ee3a2f0 sp=0x00000061654fa700
Event: 1.877 Thread 0x000001740ec21000 DEOPT UNPACKING pc=0x000001741732772f sp=0x00000061654fa6e8 mode 2
Event: 1.877 Thread 0x000001740ec21000 Uncommon trap: trap_request=0xffffff4d fr.pc=0x000001741ee39e8c relative=0x0000000000002c6c
Event: 1.877 Thread 0x000001740ec21000 Uncommon trap: reason=unstable_if action=reinterpret pc=0x000001741ee39e8c method=java.lang.invoke.InvokerBytecodeGenerator.getInternalName(Ljava/lang/Class;)Ljava/lang/String; @ 12 c2
Event: 1.877 Thread 0x000001740ec21000 DEOPT PACKING pc=0x000001741ee39e8c sp=0x00000061654fa720
Event: 1.877 Thread 0x000001740ec21000 DEOPT UNPACKING pc=0x000001741732772f sp=0x00000061654fa5a0 mode 2
Event: 1.893 Thread 0x000001740ec21000 Uncommon trap: trap_request=0xffffff4d fr.pc=0x000001741ee5f0dc relative=0x000000000000003c
Event: 1.893 Thread 0x000001740ec21000 Uncommon trap: reason=unstable_if action=reinterpret pc=0x000001741ee5f0dc method=sun.nio.fs.WindowsPathParser.isSlash(C)Z @ 9 c2
Event: 1.893 Thread 0x000001740ec21000 DEOPT PACKING pc=0x000001741ee5f0dc sp=0x00000061654fb940
Event: 1.893 Thread 0x000001740ec21000 DEOPT UNPACKING pc=0x000001741732772f sp=0x00000061654fb8c8 mode 2
Event: 1.952 Thread 0x000001740ec21000 Uncommon trap: trap_request=0xffffffcc fr.pc=0x000001741ee59980 relative=0x00000000000002c0
Event: 1.952 Thread 0x000001740ec21000 Uncommon trap: reason=intrinsic_or_type_checked_inlining action=make_not_entrant pc=0x000001741ee59980 method=java.util.Arrays.copyOf([Ljava/lang/Object;ILjava/lang/Class;)[Ljava/lang/Object; @ 35 c2
Event: 1.952 Thread 0x000001740ec21000 DEOPT PACKING pc=0x000001741ee59980 sp=0x00000061654fe140
Event: 1.952 Thread 0x000001740ec21000 DEOPT UNPACKING pc=0x000001741732772f sp=0x00000061654fe0d0 mode 2

Classes redefined (0 events):
No events

Internal exceptions (20 events):
Event: 0.387 Thread 0x0000017433907000 Exception <a 'java/lang/NoSuchMethodError'{0x00000007191759e0}: 'java.lang.Object java.lang.invoke.DirectMethodHandle$Holder.invokeStatic(java.lang.Object, java.lang.Object, java.lang.Object, java.lang.Object, java.lang.Object, java.lang.Object, java.lang.Object, java.lang.Object, java.lang.Object, java.lang.Object, java.lang.Object, int)'> (0x00000007191759e0) thrown at [./src/hotspot/share/interpreter/linkResolver.cpp, line 773]
Event: 0.388 Thread 0x0000017433907000 Exception <a 'java/lang/NoSuchMethodError'{0x0000000719193b30}: 'java.lang.Object java.lang.invoke.DirectMethodHandle$Holder.invokeStatic(java.lang.Object, java.lang.Object, java.lang.Object, java.lang.Object, java.lang.Object, java.lang.Object, java.lang.Object, java.lang.Object, java.lang.Object, java.lang.Object, java.lang.Object, int, int)'> (0x0000000719193b30) thrown at [./src/hotspot/share/interpreter/linkResolver.cpp, line 773]
Event: 0.388 Thread 0x0000017433907000 Exception <a 'java/lang/NoSuchMethodError'{0x00000007191b28c0}: 'java.lang.Object java.lang.invoke.DirectMethodHandle$Holder.invokeStatic(java.lang.Object, java.lang.Object, java.lang.Object, java.lang.Object, java.lang.Object, java.lang.Object, java.lang.Object, java.lang.Object, java.lang.Object, java.lang.Object, java.lang.Object, int, int, java.lang.Object)'> (0x00000007191b28c0) thrown at [./src/hotspot/share/interpreter/linkResolver.cpp, line 773]
Event: 0.389 Thread 0x0000017433907000 Exception <a 'java/lang/NoSuchMethodError'{0x00000007191d2d18}: 'java.lang.Object java.lang.invoke.DirectMethodHandle$Holder.invokeStatic(java.lang.Object, java.lang.Object, java.lang.Object, java.lang.Object, java.lang.Object, java.lang.Object, java.lang.Object, java.lang.Object, java.lang.Object, java.lang.Object, java.lang.Object, int, int, java.lang.Object, java.lang.Object)'> (0x00000007191d2d18) thrown at [./src/hotspot/share/interpreter/linkResolver.cpp, line 773]
Event: 0.394 Thread 0x0000017433907000 Exception <a 'java/lang/NoSuchMethodError'{0x000000071904dd78}: 'java.lang.Object java.lang.invoke.DirectMethodHandle$Holder.invokeStatic(java.lang.Object, java.lang.Object, java.lang.Object, java.lang.Object, java.lang.Object, java.lang.Object, java.lang.Object, java.lang.Object, java.lang.Object, java.lang.Object, java.lang.Object, java.lang.Object, java.lang.Object, int)'> (0x000000071904dd78) thrown at [./src/hotspot/share/interpreter/linkResolver.cpp, line 773]
Event: 0.394 Thread 0x0000017433907000 Exception <a 'java/lang/NoSuchMethodError'{0x000000071905a4c8}: 'java.lang.Object java.lang.invoke.DirectMethodHandle$Holder.invokeStatic(java.lang.Object, java.lang.Object, java.lang.Object, java.lang.Object, java.lang.Object, java.lang.Object, java.lang.Object, java.lang.Object, java.lang.Object, java.lang.Object, java.lang.Object, java.lang.Object, java.lang.Object, int, int)'> (0x000000071905a4c8) thrown at [./src/hotspot/share/interpreter/linkResolver.cpp, line 773]
Event: 0.399 Thread 0x0000017433907000 Exception <a 'java/lang/ClassNotFoundException'{0x00000007190ad838}: com/sun/java/swing/plaf/windows/resources/spi/windowsProvider> (0x00000007190ad838) thrown at [./src/hotspot/share/classfile/systemDictionary.cpp, line 231]
Event: 0.515 Thread 0x0000017433907000 Exception <a 'java/lang/NoSuchMethodError'{0x0000000718c2c648}: 'java.lang.Object java.lang.invoke.Invokers$Holder.linkToTargetMethod(java.lang.Object, int, java.lang.Object)'> (0x0000000718c2c648) thrown at [./src/hotspot/share/interpreter/linkResolver.cpp, line 773]
Event: 1.815 Thread 0x000001740ec21000 Exception <a 'java/lang/ClassNotFoundException'{0x000000070bbdb138}: sun/util/logging/resources/spi/loggingProvider> (0x000000070bbdb138) thrown at [./src/hotspot/share/classfile/systemDictionary.cpp, line 231]
Event: 1.831 Thread 0x000001740ec21000 Implicit null exception at 0x000001741ee14074 to 0x000001741ee14598
Event: 1.831 Thread 0x000001740ec21000 Implicit null exception at 0x000001741ee135f4 to 0x000001741ee13af0
Event: 1.876 Thread 0x000001740ec21000 Implicit null exception at 0x000001741ee170d0 to 0x000001741ee17540
Event: 1.877 Thread 0x000001740ec21000 Exception <a 'java/lang/NoSuchMethodError'{0x000000070b711e48}: 'void java.lang.invoke.DelegatingMethodHandle$Holder.delegate(java.lang.Object, java.lang.Object, int, java.lang.Object)'> (0x000000070b711e48) thrown at [./src/hotspot/share/interpreter/linkResolver.cpp, line 773]
Event: 1.878 Thread 0x000001740ec21000 Exception <a 'java/lang/NoSuchMethodError'{0x000000070b719858}: 'java.lang.Object java.lang.invoke.DirectMethodHandle$Holder.invokeStaticInit(java.lang.Object, java.lang.Object, java.lang.Object)'> (0x000000070b719858) thrown at [./src/hotspot/share/interpreter/linkResolver.cpp, line 773]
Event: 1.893 Thread 0x000001740ec21000 Exception <a 'sun/nio/fs/WindowsException'{0x000000070b751e90}> (0x000000070b751e90) thrown at [./src/hotspot/share/prims/jni.cpp, line 615]
Event: 1.893 Thread 0x000001740ec21000 Exception <a 'sun/nio/fs/WindowsException'{0x000000070b752420}> (0x000000070b752420) thrown at [./src/hotspot/share/prims/jni.cpp, line 615]
Event: 1.905 Thread 0x000001740ec21000 Exception <a 'sun/nio/fs/WindowsException'{0x000000070b7c5118}> (0x000000070b7c5118) thrown at [./src/hotspot/share/prims/jni.cpp, line 615]
Event: 1.905 Thread 0x000001740ec21000 Exception <a 'sun/nio/fs/WindowsException'{0x000000070b7c54f0}> (0x000000070b7c54f0) thrown at [./src/hotspot/share/prims/jni.cpp, line 615]
Event: 1.920 Thread 0x000001740ec21000 Exception <a 'sun/nio/fs/WindowsException'{0x000000070b651b08}> (0x000000070b651b08) thrown at [./src/hotspot/share/prims/jni.cpp, line 615]
Event: 1.920 Thread 0x000001740ec21000 Exception <a 'sun/nio/fs/WindowsException'{0x000000070b656148}> (0x000000070b656148) thrown at [./src/hotspot/share/prims/jni.cpp, line 615]

Events (20 events):
Event: 1.909 loading class org/lwjgl/system/JNI
Event: 1.909 loading class org/lwjgl/system/JNI done
Event: 1.914 loading class org/lwjgl/system/dyncall/DynCallback
Event: 1.914 loading class org/lwjgl/system/dyncall/DynCallback done
Event: 1.914 loading class org/lwjgl/glfw/GLFW
Event: 1.914 loading class org/lwjgl/glfw/GLFW done
Event: 1.915 loading class org/lwjgl/glfw/GLFWImage$Buffer
Event: 1.915 loading class org/lwjgl/glfw/GLFWImage$Buffer done
Event: 1.916 loading class org/lwjgl/system/StructBuffer
Event: 1.916 loading class org/lwjgl/system/StructBuffer done
Event: 1.922 loading class org/lwjgl/glfw/GLFW$Functions
Event: 1.922 loading class org/lwjgl/glfw/GLFW$Functions done
Event: 1.951 loading class org/lwjgl/glfw/GLFWVidMode
Event: 1.951 loading class org/lwjgl/glfw/GLFWVidMode done
Event: 1.951 loading class org/lwjgl/system/Struct$Member
Event: 1.951 loading class org/lwjgl/system/Struct$Member done
Event: 1.951 loading class org/lwjgl/system/Struct$Layout
Event: 1.951 loading class org/lwjgl/system/Struct$Layout done
Event: 1.952 loading class org/lwjgl/glfw/EventLoop$OffScreen
Event: 1.952 loading class org/lwjgl/glfw/EventLoop$OffScreen done


Dynamic libraries:
0x00007ff7ae350000 - 0x00007ff7ae35d000 	C:\Program Files\AdoptOpenJDK\jdk-11.0.9.11-hotspot\bin\javaw.exe
0x00007ffcb4400000 - 0x00007ffcb45f0000 	C:\WINDOWS\SYSTEM32\ntdll.dll
0x00007ffcb2cd0000 - 0x00007ffcb2d82000 	C:\WINDOWS\System32\KERNEL32.DLL
0x00007ffcb1d30000 - 0x00007ffcb1fd5000 	C:\WINDOWS\System32\KERNELBASE.dll
0x00007ffcb23b0000 - 0x00007ffcb24aa000 	C:\WINDOWS\System32\ucrtbase.dll
0x00007ffcad3e0000 - 0x00007ffcad3f7000 	C:\Program Files\AdoptOpenJDK\jdk-11.0.9.11-hotspot\bin\jli.dll
0x00007ffcad3c0000 - 0x00007ffcad3d5000 	C:\Program Files\AdoptOpenJDK\jdk-11.0.9.11-hotspot\bin\VCRUNTIME140.dll
0x00007ffcb24b0000 - 0x00007ffcb2644000 	C:\WINDOWS\System32\USER32.dll
0x00007ffc9e700000 - 0x00007ffc9e984000 	C:\WINDOWS\WinSxS\amd64_microsoft.windows.common-controls_6595b64144ccf1df_6.0.18362.1379_none_9e7ff3b3e45cc0c4\COMCTL32.dll
0x00007ffcb1b00000 - 0x00007ffcb1b21000 	C:\WINDOWS\System32\win32u.dll
0x00007ffcb37f0000 - 0x00007ffcb388e000 	C:\WINDOWS\System32\msvcrt.dll
0x00007ffcb37c0000 - 0x00007ffcb37e6000 	C:\WINDOWS\System32\GDI32.dll
0x00007ffcb2910000 - 0x00007ffcb2c47000 	C:\WINDOWS\System32\combase.dll
0x00007ffcb1fe0000 - 0x00007ffcb2178000 	C:\WINDOWS\System32\gdi32full.dll
0x00007ffcb4170000 - 0x00007ffcb428f000 	C:\WINDOWS\System32\RPCRT4.dll
0x00007ffcb1c30000 - 0x00007ffcb1cce000 	C:\WINDOWS\System32\msvcp_win.dll
0x00007ffcb21b0000 - 0x00007ffcb2231000 	C:\WINDOWS\System32\bcryptPrimitives.dll
0x00007ffcb32b0000 - 0x00007ffcb32de000 	C:\WINDOWS\System32\IMM32.DLL
0x00007ffca2370000 - 0x00007ffca240b000 	C:\Program Files\AdoptOpenJDK\jdk-11.0.9.11-hotspot\bin\msvcp140.dll
0x00007ffc5c900000 - 0x00007ffc5d443000 	C:\Program Files\AdoptOpenJDK\jdk-11.0.9.11-hotspot\bin\server\jvm.dll
0x00007ffcb4310000 - 0x00007ffcb43b3000 	C:\WINDOWS\System32\ADVAPI32.dll
0x00007ffcb3210000 - 0x00007ffcb32a7000 	C:\WINDOWS\System32\sechost.dll
0x00007ffcb2900000 - 0x00007ffcb2908000 	C:\WINDOWS\System32\PSAPI.DLL
0x00007ffca3960000 - 0x00007ffca3969000 	C:\WINDOWS\SYSTEM32\WSOCK32.dll
0x00007ffcae2e0000 - 0x00007ffcae304000 	C:\WINDOWS\SYSTEM32\WINMM.dll
0x00007ffcaa580000 - 0x00007ffcaa58a000 	C:\WINDOWS\SYSTEM32\VERSION.dll
0x00007ffcb3750000 - 0x00007ffcb37bf000 	C:\WINDOWS\System32\WS2_32.dll
0x00007ffcae2b0000 - 0x00007ffcae2dd000 	C:\WINDOWS\SYSTEM32\winmmbase.dll
0x00007ffcb1be0000 - 0x00007ffcb1c2a000 	C:\WINDOWS\System32\cfgmgr32.dll
0x00007ffcb12c0000 - 0x00007ffcb12d1000 	C:\WINDOWS\System32\kernel.appcore.dll
0x00007ffc9e530000 - 0x00007ffc9e540000 	C:\Program Files\AdoptOpenJDK\jdk-11.0.9.11-hotspot\bin\verify.dll
0x00007ffcaeee0000 - 0x00007ffcaf0d4000 	C:\WINDOWS\SYSTEM32\DBGHELP.DLL
0x00007ffca0bc0000 - 0x00007ffca0bea000 	C:\WINDOWS\SYSTEM32\dbgcore.DLL
0x00007ffc7ab40000 - 0x00007ffc7ab68000 	C:\Program Files\AdoptOpenJDK\jdk-11.0.9.11-hotspot\bin\java.dll
0x00007ffc990a0000 - 0x00007ffc990aa000 	C:\Program Files\AdoptOpenJDK\jdk-11.0.9.11-hotspot\bin\jimage.dll
0x00007ffc90740000 - 0x00007ffc90757000 	C:\Program Files\AdoptOpenJDK\jdk-11.0.9.11-hotspot\bin\zip.dll
0x00007ffcb3940000 - 0x00007ffcb4028000 	C:\WINDOWS\System32\SHELL32.dll
0x00007ffcb3090000 - 0x00007ffcb3137000 	C:\WINDOWS\System32\shcore.dll
0x00007ffcb1380000 - 0x00007ffcb1afb000 	C:\WINDOWS\System32\windows.storage.dll
0x00007ffcb1350000 - 0x00007ffcb1373000 	C:\WINDOWS\System32\profapi.dll
0x00007ffcb12e0000 - 0x00007ffcb132a000 	C:\WINDOWS\System32\powrprof.dll
0x00007ffcb12b0000 - 0x00007ffcb12c0000 	C:\WINDOWS\System32\UMPDC.dll
0x00007ffcb3030000 - 0x00007ffcb3082000 	C:\WINDOWS\System32\shlwapi.dll
0x00007ffcb2390000 - 0x00007ffcb23a7000 	C:\WINDOWS\System32\cryptsp.dll
0x00007ffc79070000 - 0x00007ffc79089000 	C:\Program Files\AdoptOpenJDK\jdk-11.0.9.11-hotspot\bin\net.dll
0x00007ffcaa370000 - 0x00007ffcaa460000 	C:\WINDOWS\SYSTEM32\WINHTTP.dll
0x00007ffcb0af0000 - 0x00007ffcb0b57000 	C:\WINDOWS\system32\mswsock.dll
0x00007ffc78e90000 - 0x00007ffc78ea2000 	C:\Program Files\AdoptOpenJDK\jdk-11.0.9.11-hotspot\bin\nio.dll
0x00007ffc90b60000 - 0x00007ffc90cf9000 	C:\Program Files\AdoptOpenJDK\jdk-11.0.9.11-hotspot\bin\awt.dll
0x00007ffcb3140000 - 0x00007ffcb3205000 	C:\WINDOWS\System32\OLEAUT32.dll
0x00007ffcae0c0000 - 0x00007ffcae14f000 	C:\WINDOWS\SYSTEM32\apphelp.dll
0x00007ffcaf370000 - 0x00007ffcaf409000 	C:\WINDOWS\system32\uxtheme.dll
0x00007ffcb4030000 - 0x00007ffcb4165000 	C:\WINDOWS\System32\MSCTF.dll
0x00007ffcb2e70000 - 0x00007ffcb2fc7000 	C:\WINDOWS\System32\ole32.dll
0x00007ffcaf7b0000 - 0x00007ffcaf7dd000 	C:\WINDOWS\system32\DWMAPI.DLL
0x00007ffc7f650000 - 0x00007ffc7f7a6000 	C:\WINDOWS\system32\opengl32.dll
0x00007ffc7fc90000 - 0x00007ffc7fcbc000 	C:\WINDOWS\SYSTEM32\GLU32.dll
0x00007ffcafdc0000 - 0x00007ffcafde0000 	C:\WINDOWS\SYSTEM32\dxcore.dll
0x00007ffc7ebf0000 - 0x00007ffc7edb7000 	C:\WINDOWS\system32\d3d9.dll
0x00007ffca7550000 - 0x00007ffca763e000 	C:\WINDOWS\System32\DriverStore\FileRepository\nvhdc.inf_amd64_641b900991c063c6\nvldumdx.dll
0x00007ffcb2240000 - 0x00007ffcb238a000 	C:\WINDOWS\System32\crypt32.dll
0x00007ffcb1330000 - 0x00007ffcb1342000 	C:\WINDOWS\System32\MSASN1.dll
0x00007ffcb1cd0000 - 0x00007ffcb1d2c000 	C:\WINDOWS\System32\WINTRUST.DLL
0x00007ffcb2c50000 - 0x00007ffcb2c6d000 	C:\WINDOWS\System32\imagehlp.dll
0x00007ffcb0400000 - 0x00007ffcb0433000 	C:\WINDOWS\system32\rsaenh.dll
0x00007ffcb2180000 - 0x00007ffcb21a6000 	C:\WINDOWS\System32\bcrypt.dll
0x00007ffcb0cc0000 - 0x00007ffcb0ccc000 	C:\WINDOWS\SYSTEM32\CRYPTBASE.dll
0x00007ffc7c290000 - 0x00007ffc7d651000 	C:\WINDOWS\System32\DriverStore\FileRepository\nvhdc.inf_amd64_641b900991c063c6\nvd3dumx.dll
0x00007ffcad3b0000 - 0x00007ffcad3b9000 	C:\Program Files\AdoptOpenJDK\jdk-11.0.9.11-hotspot\bin\prefs.dll
0x00007ffc9de80000 - 0x00007ffc9df02000 	C:\Program Files\AdoptOpenJDK\jdk-11.0.9.11-hotspot\bin\freetype.dll
0x00007ffc9ddd0000 - 0x00007ffc9de76000 	C:\Program Files\AdoptOpenJDK\jdk-11.0.9.11-hotspot\bin\fontmanager.dll
0x00007ffc9ce40000 - 0x00007ffc9cedd000 	C:\WINDOWS\System32\TextInputFramework.dll
0x00007ffcadb40000 - 0x00007ffcadc14000 	C:\WINDOWS\System32\CoreMessaging.dll
0x00007ffcac600000 - 0x00007ffcac92a000 	C:\WINDOWS\System32\CoreUIComponents.dll
0x00007ffcafd50000 - 0x00007ffcafd81000 	C:\WINDOWS\SYSTEM32\ntmarta.dll
0x00007ffcac4a0000 - 0x00007ffcac5f2000 	C:\WINDOWS\SYSTEM32\wintypes.dll
0x00007ffcaa590000 - 0x00007ffcaa837000 	C:\WINDOWS\System32\iertutil.dll
0x00007ffc84d60000 - 0x00007ffc84fbd000 	C:\Users\loopnels162\git\ics4u_loop_nelson_162\bulletjme.dll
0x00007ffc994c0000 - 0x00007ffc99524000 	C:\Users\loopnels162\AppData\Local\Temp\lwjglLoopNels162\3.2.3-build-13\lwjgl.dll
0x00007ffc63600000 - 0x00007ffc63853000 	C:\Users\LOOPNE~1\AppData\Local\Temp\lwjglLoopNels162\3.2.3-build-13\jemalloc.dll
0x00007ffc98d10000 - 0x00007ffc98d72000 	C:\Users\LOOPNE~1\AppData\Local\Temp\lwjglLoopNels162\3.2.3-build-13\glfw.dll
0x00007ffc94200000 - 0x00007ffc94243000 	C:\WINDOWS\SYSTEM32\dinput8.dll
0x00007ffc9dce0000 - 0x00007ffc9dcf1000 	C:\WINDOWS\SYSTEM32\xinput1_4.dll
0x00007ffcb1090000 - 0x00007ffcb10ba000 	C:\WINDOWS\SYSTEM32\DEVOBJ.dll
0x00007ffc9cd20000 - 0x00007ffc9ce3c000 	C:\WINDOWS\SYSTEM32\inputhost.dll
0x00007ffcacaa0000 - 0x00007ffcacb90000 	C:\WINDOWS\SYSTEM32\PROPSYS.dll
0x00007ffcafc20000 - 0x00007ffcafc2e000 	C:\WINDOWS\SYSTEM32\HID.DLL
0x00007ffcb32e0000 - 0x00007ffcb3750000 	C:\WINDOWS\System32\SETUPAPI.DLL
0x0000000074d80000 - 0x000000007743f000 	C:\WINDOWS\System32\DriverStore\FileRepository\nvhdc.inf_amd64_641b900991c063c6\nvoglv64.dll
0x00007ffcadb20000 - 0x00007ffcadb33000 	C:\WINDOWS\SYSTEM32\WTSAPI32.dll
0x00007ffcb0150000 - 0x00007ffcb01a6000 	C:\WINDOWS\SYSTEM32\WINSTA.dll

dbghelp: loaded successfully - version: 4.0.5 - missing functions: none
symbol engine: initialized successfully - sym options: 0x614 - pdb path: .;C:\Program Files\AdoptOpenJDK\jdk-11.0.9.11-hotspot\bin;C:\WINDOWS\SYSTEM32;C:\WINDOWS\WinSxS\amd64_microsoft.windows.common-controls_6595b64144ccf1df_6.0.18362.1379_none_9e7ff3b3e45cc0c4;C:\Program Files\AdoptOpenJDK\jdk-11.0.9.11-hotspot\bin\server;C:\WINDOWS\System32\DriverStore\FileRepository\nvhdc.inf_amd64_641b900991c063c6;C:\Users\loopnels162\git\ics4u_loop_nelson_162;C:\Users\loopnels162\AppData\Local\Temp\lwjglLoopNels162\3.2.3-build-13;C:\Users\LOOPNE~1\AppData\Local\Temp\lwjglLoopNels162\3.2.3-build-13

VM Arguments:
jvm_args: -Dfile.encoding=Cp1252 
java_command: nelsoncca.CCAProject
java_class_path (initial): C:\Users\loopnels162\git\ics4u_loop_nelson_162\target\classes;C:\Users\loopnels162\.m2\repository\org\jmonkeyengine\jme3-core\3.3.2-stable\jme3-core-3.3.2-stable.jar;C:\Users\loopnels162\.m2\repository\org\jmonkeyengine\jme3-desktop\3.3.2-stable\jme3-desktop-3.3.2-stable.jar;C:\Users\loopnels162\.m2\repository\org\jmonkeyengine\jme3-lwjgl3\3.3.2-stable\jme3-lwjgl3-3.3.2-stable.jar;C:\Users\loopnels162\.m2\repository\org\lwjgl\lwjgl\3.2.3\lwjgl-3.2.3.jar;C:\Users\loopnels162\.m2\repository\org\lwjgl\lwjgl-glfw\3.2.3\lwjgl-glfw-3.2.3.jar;C:\Users\loopnels162\.m2\repository\org\lwjgl\lwjgl-jemalloc\3.2.3\lwjgl-jemalloc-3.2.3.jar;C:\Users\loopnels162\.m2\repository\org\lwjgl\lwjgl-openal\3.2.3\lwjgl-openal-3.2.3.jar;C:\Users\loopnels162\.m2\repository\org\lwjgl\lwjgl-opencl\3.2.3\lwjgl-opencl-3.2.3.jar;C:\Users\loopnels162\.m2\repository\org\lwjgl\lwjgl-opengl\3.2.3\lwjgl-opengl-3.2.3.jar;C:\Users\loopnels162\.m2\repository\org\lwjgl\lwjgl\3.2.3\lwjgl-3.2.3-natives-windows.jar;C:\Users\loopnels162\.m2\repository\org\lwjgl\lwjgl\3.2.3\lwjgl-3.2.3-natives-linux.jar;C:\Users\loopnels162\.m2\repository\org\lwjgl\lwjgl\3.2.3\lwjgl-3.2.3-natives-macos.jar;C:\Users\loopnels162\.m2\repository\org\lwjgl\lwjgl-glfw\3.2.3\lwjgl-glfw-3.2.3-natives-windows.jar;C:\Users\loopnels162\.m2\repository\org\lwjgl\lwjgl-glfw\3.2.3\lwjgl-glfw-3.2.3-natives-linux.jar;C:\Users\loopnels162\.m2\repository\org\lwjgl\lwjgl-glfw\3.2.3\lwjgl-glfw-3.2.3-natives-macos.jar;C:\Users\loopnels162\.m2\repository\org\lwjgl\lwjgl-jemalloc\3.2.3\lwjgl-jemalloc-3.2.3-natives-windows.jar;C:\Users\loopnels162\.m2\repository\org\lwjgl\lwjgl-jemalloc\3.2.3\lwjgl-jemalloc-3.2.3-natives-linux.jar;C:\Users\loopnels162\.m2\repository\org\lwjgl\lwjgl-jemalloc\3.2.3\lwjgl-jemalloc-3.2.3-natives-macos.jar;C:\Users\loopnels162\.m2\repository\org\lwjgl\lwjgl-opengl\3.2.3\lwjgl-opengl-3.2.3-natives-windows.jar;C:\Users\loopnels162\.m2\repository\org\lwjgl\lwjgl-opengl\3.2.3\lwjgl-opengl-3.2.3-nat
Launcher Type: SUN_STANDARD

[Global flags]
     intx CICompilerCount                          = 4                                         {product} {ergonomic}
     uint ConcGCThreads                            = 3                                         {product} {ergonomic}
     uint G1ConcRefinementThreads                  = 10                                        {product} {ergonomic}
   size_t G1HeapRegionSize                         = 1048576                                   {product} {ergonomic}
    uintx GCDrainStackTargetSize                   = 64                                        {product} {ergonomic}
   size_t InitialHeapSize                          = 257949696                                 {product} {ergonomic}
   size_t MarkStackSize                            = 4194304                                   {product} {ergonomic}
   size_t MaxHeapSize                              = 4118806528                                {product} {ergonomic}
   size_t MaxNewSize                               = 2470445056                                {product} {ergonomic}
   size_t MinHeapDeltaBytes                        = 1048576                                   {product} {ergonomic}
    uintx NonNMethodCodeHeapSize                   = 5836300                                {pd product} {ergonomic}
    uintx NonProfiledCodeHeapSize                  = 122910970                              {pd product} {ergonomic}
    uintx ProfiledCodeHeapSize                     = 122910970                              {pd product} {ergonomic}
    uintx ReservedCodeCacheSize                    = 251658240                              {pd product} {ergonomic}
     bool SegmentedCodeCache                       = true                                      {product} {ergonomic}
     bool UseCompressedClassPointers               = true                                 {lp64_product} {ergonomic}
     bool UseCompressedOops                        = true                                 {lp64_product} {ergonomic}
     bool UseG1GC                                  = true                                      {product} {ergonomic}
     bool UseLargePagesIndividualAllocation        = false                                  {pd product} {ergonomic}

Logging:
Log output configuration:
 #0: stdout all=warning uptime,level,tags
 #1: stderr all=off uptime,level,tags

Environment Variables:
JAVA_HOME=C:\Program Files\AdoptOpenJDK\jdk-11.0.9.11-hotspot
PATH=C:/Program Files/AdoptOpenJDK/jdk-11.0.9.11-hotspot/bin/client;C:/Program Files/AdoptOpenJDK/jdk-11.0.9.11-hotspot/bin;C:\Program Files\AdoptOpenJDK\jdk-11.0.9.11-hotspot\bin;C:\WINDOWS\system32;C:\WINDOWS;C:\WINDOWS\System32\Wbem;C:\WINDOWS\System32\WindowsPowerShell\v1.0\;C:\WINDOWS\System32\OpenSSH\;C:\WINDOWS\system32\config\systemprofile\AppData\Local\Microsoft\WindowsApps;C:\ProgramData\MinGW\bin;C:\ProgramData\MinGW\msys\1.0\bin;c:\Program Files (x86)\Microsoft SQL Server\100\Tools\Binn\;c:\Program Files\Microsoft SQL Server\100\Tools\Binn\;c:\Program Files\Microsoft SQL Server\100\DTS\Binn\;C:\Users\loopnels162\AppData\Local\Microsoft\WindowsApps;;C:\WINDOWS\system32;
USERNAME=LoopNels162
OS=Windows_NT
PROCESSOR_IDENTIFIER=Intel64 Family 6 Model 158 Stepping 10, GenuineIntel



---------------  S Y S T E M  ---------------

OS: Windows 10 , 64 bit Build 18362 (10.0.18362.1350)
OS uptime: 0 days 1:00 hours

CPU:total 12 (initial active 12) (6 cores per cpu, 2 threads per core) family 6 model 158 stepping 10, cmov, cx8, fxsr, mmx, sse, sse2, sse3, ssse3, sse4.1, sse4.2, popcnt, avx, avx2, aes, clmul, erms, rtm, 3dnowpref, lzcnt, ht, tsc, tscinvbit, bmi1, bmi2, adx, fma

Memory: 4k page, system-wide physical 15710M (11177M free)
TotalPageFile size 18142M (AvailPageFile size 12316M)
current process WorkingSet (physical memory assigned to process): 135M, peak: 135M
current process commit charge ("private bytes"): 214M, peak: 408M

vm_info: OpenJDK 64-Bit Server VM (11.0.9+11) for windows-amd64 JRE (11.0.9+11), built on Oct 24 2020 15:15:35 by "" with MS VC++ 15.9 (VS2017)

END.
