#
# A fatal error has been detected by the Java Runtime Environment:
#
#  EXCEPTION_ACCESS_VIOLATION (0xc0000005) at pc=0x00000000692b3111, pid=7052, tid=2388
#
# JRE version: OpenJDK Runtime Environment AdoptOpenJDK (11.0.9+11) (build 11.0.9+11)
# Java VM: OpenJDK 64-Bit Server VM AdoptOpenJDK (11.0.9+11, mixed mode, tiered, compressed oops, g1 gc, windows-amd64)
# Problematic frame:
# C  [nvoglv64.dll+0x833111]
#
# No core dump will be written. Minidumps are not enabled by default on client versions of Windows
#
# If you would like to submit a bug report, please visit:
#   https://github.com/AdoptOpenJDK/openjdk-support/issues
# The crash happened outside the Java Virtual Machine in native code.
# See problematic frame for where to report the bug.
#

---------------  S U M M A R Y ------------

Command Line: -Dfile.encoding=Cp1252 nelsoncca.CCAProject

Host: Intel(R) Core(TM) i7-8700 CPU @ 3.20GHz, 12 cores, 15G,  Windows 10 , 64 bit Build 18362 (10.0.18362.1350)
Time: Wed Feb 24 12:21:01 2021 Eastern Standard Time elapsed time: 2.159265 seconds (0d 0h 0m 2s)

---------------  T H R E A D  ---------------

Current thread (0x00000180ca632800):  JavaThread "main" [_thread_in_native, id=2388, stack(0x0000000bd9f00000,0x0000000bda000000)]

Stack: [0x0000000bd9f00000,0x0000000bda000000],  sp=0x0000000bd9ffe7d0,  free space=1017k
Native frames: (J=compiled Java code, j=interpreted, Vv=VM code, C=native code)
C  [nvoglv64.dll+0x833111]

Java frames: (J=compiled Java code, j=interpreted, Vv=VM code)
j  org.lwjgl.system.JNI.invokePPPP(JIIJJJ)J+0
j  org.lwjgl.glfw.GLFW.nglfwCreateWindow(IIJJJ)J+14
j  org.lwjgl.glfw.GLFW.glfwCreateWindow(IILjava/lang/CharSequence;JJ)J+33
j  com.jme3.system.lwjgl.LwjglWindow.createContext(Lcom/jme3/system/AppSettings;)V+314
j  com.jme3.system.lwjgl.LwjglWindow.initInThread()Z+34
j  com.jme3.system.lwjgl.LwjglWindow.run()V+32
j  com.jme3.system.lwjgl.LwjglWindow.create(Z)V+27
j  com.jme3.app.LegacyApplication.start(Lcom/jme3/system/JmeContext$Type;Z)V+92
j  com.jme3.app.LegacyApplication.start()V+5
j  com.jme3.app.SimpleApplication.start()V+51
j  nelsoncca.CCAProject.main([Ljava/lang/String;)V+9
v  ~StubRoutines::call_stub

siginfo: EXCEPTION_ACCESS_VIOLATION (0xc0000005), reading address 0x0000000000000004


Register to memory mapping:

RIP=0x00000000692b3111 nvoglv64.dll
RAX=0x0 is NULL
RBX=0x0 is NULL
RCX=0x00000180fa2ed080 points into unknown readable memory: 00 00 00 00 00 00 00 00
RDX=0x0000000000000002 is an unknown value
RSP=0x0000000bd9ffe7d0 is pointing into the stack for thread: 0x00000180ca632800
RBP=0x0 is NULL
RSI=0x00000180faa7c080 points into unknown readable memory: 00 00 00 00 00 00 00 00
RDI=0x00000180fa2ed080 points into unknown readable memory: 00 00 00 00 00 00 00 00
R8 =0x0000000bd9ffe683 is pointing into the stack for thread: 0x00000180ca632800
R9 =0x000000007ffe2000 points into unknown readable memory: 48 61 6c 54 00 00 00 00
R10=0x00000000546c6148 is an unknown value
R11=0xfffffffff87d3be7 is an unknown value
R12=0x000000006201091e is an unknown value
R13=0x0000000000000001 is an unknown value
R14=0x0 is NULL
R15=0x0000000000000002 is an unknown value


Registers:
RAX=0x0000000000000000, RBX=0x0000000000000000, RCX=0x00000180fa2ed080, RDX=0x0000000000000002
RSP=0x0000000bd9ffe7d0, RBP=0x0000000000000000, RSI=0x00000180faa7c080, RDI=0x00000180fa2ed080
R8 =0x0000000bd9ffe683, R9 =0x000000007ffe2000, R10=0x00000000546c6148, R11=0xfffffffff87d3be7
R12=0x000000006201091e, R13=0x0000000000000001, R14=0x0000000000000000, R15=0x0000000000000002
RIP=0x00000000692b3111, EFLAGS=0x0000000000010246

Top of Stack: (sp=0x0000000bd9ffe7d0)
0x0000000bd9ffe7d0:   00000180fa2ed080 0000000069531768
0x0000000bd9ffe7e0:   00007ffee27d5030 00000180fa2ed080
0x0000000bd9ffe7f0:   000000000004b678 00000180fa2ed080
0x0000000bd9ffe800:   000000000004b678 0000000069517ddb
0x0000000bd9ffe810:   0000000000000000 00007ffee27d5030
0x0000000bd9ffe820:   0000000bd9ffe918 00007ffee27d5030
0x0000000bd9ffe830:   00007ffe00000001 00007fff109d7170
0x0000000bd9ffe840:   00000180eea713d0 00007fff134cf381
0x0000000bd9ffe850:   0000000000000000 0000000000000000
0x0000000bd9ffe860:   0000000bd9ffe918 0000000000000000
0x0000000bd9ffe870:   00000180fa1ec190 0000000000000954
0x0000000bd9ffe880:   00007ffee28d6000 00007ffee28d6a90
0x0000000bd9ffe890:   0000000000020000 00007ffee27d528b
0x0000000bd9ffe8a0:   000000006201091e 00000180f8886070
0x0000000bd9ffe8b0:   00007ffee27d5030 0000000000000000
0x0000000bd9ffe8c0:   0000000000020000 0000000000000007 

Instructions: (pc=0x00000000692b3111)
0x00000000692b3011:   38 c6 01 c6 43 4a 01 e8 d3 d8 ff ff 48 8b 43 58
0x00000000692b3021:   65 48 89 04 25 48 12 00 00 48 8b 4b 58 48 81 c1
0x00000000692b3031:   08 02 00 00 e8 d6 08 00 00 48 8b 4b 58 48 81 c1
0x00000000692b3041:   98 01 00 00 e8 c6 08 00 00 48 8b 4b 58 48 81 c1
0x00000000692b3051:   78 02 00 00 e8 b6 08 00 00 48 8b 53 58 83 82 18
0x00000000692b3061:   39 54 00 01 75 2a 45 33 c0 48 8d 8a 28 18 00 00
0x00000000692b3071:   41 8b c0 ff c0 44 89 01 48 8d 89 90 0a 00 00 3d
0x00000000692b3081:   f7 07 00 00 72 ed c7 82 18 39 54 00 01 00 00 00
0x00000000692b3091:   8b 82 18 39 54 00 40 b7 01 89 82 98 0d 00 00 40
0x00000000692b30a1:   0f b6 c7 48 8b 5c 24 30 48 83 c4 20 5f c3 cc 48
0x00000000692b30b1:   85 d2 74 0d 33 c0 83 ba 00 01 00 00 13 48 0f 47
0x00000000692b30c1:   d0 48 89 91 40 ed 54 00 48 89 91 80 ed 54 00 e9
0x00000000692b30d1:   7b eb 57 00 cc cc cc cc cc cc cc cc cc cc cc 40
0x00000000692b30e1:   56 57 48 83 ec 28 48 8b b1 80 ed 54 00 48 8b f9
0x00000000692b30f1:   48 85 f6 0f 84 73 05 00 00 48 8b 86 b8 fb 05 00
0x00000000692b3101:   48 89 6c 24 48 48 8b 2e 4c 89 74 24 50 45 33 f6
0x00000000692b3111:   44 8b 40 04 ff 81 18 39 54 00 4c 89 7c 24 20 44
0x00000000692b3121:   39 b1 18 39 54 00 75 27 41 8b c6 48 81 c1 28 18
0x00000000692b3131:   00 00 ff c0 44 89 31 48 8d 89 90 0a 00 00 3d f7
0x00000000692b3141:   07 00 00 72 ed c7 87 18 39 54 00 01 00 00 00 8b
0x00000000692b3151:   87 18 39 54 00 48 8d 8f 98 0d 00 00 89 01 48 8b
0x00000000692b3161:   87 e8 02 00 00 44 39 40 04 74 53 45 85 c0 74 32
0x00000000692b3171:   b8 6f 45 21 01 41 8b c8 41 f7 e0 41 8b c0 2b c2
0x00000000692b3181:   d1 e8 03 c2 c1 e8 0a 69 c0 f7 07 00 00 2b c8 8b
0x00000000692b3191:   c1 48 69 c8 90 0a 00 00 48 81 c1 28 18 00 00 48
0x00000000692b31a1:   03 cf 48 89 8f e8 02 00 00 c7 81 88 0a 00 00 01
0x00000000692b31b1:   00 00 00 48 8b 87 e8 02 00 00 44 89 40 04 4c 8b
0x00000000692b31c1:   87 e8 02 00 00 48 8d 97 1c 39 54 00 48 8d 8e 00
0x00000000692b31d1:   c9 05 00 e8 f7 da ff ff 48 8b 8f e8 02 00 00 48
0x00000000692b31e1:   8b d7 8b 87 18 39 54 00 89 01 48 8b ce 0f 10 86
0x00000000692b31f1:   04 23 05 00 0f 11 87 38 39 54 00 0f 10 8e 14 23
0x00000000692b3201:   05 00 0f 11 8f 48 39 54 00 f2 0f 10 86 24 23 05 


Stack slot to memory mapping:
stack at sp + 0 slots: 0x00000180fa2ed080 points into unknown readable memory: 00 00 00 00 00 00 00 00
stack at sp + 1 slots: 0x0000000069531768 nvoglv64.dll
stack at sp + 2 slots: 0x00007ffee27d5030 opengl32.dll
stack at sp + 3 slots: 0x00000180fa2ed080 points into unknown readable memory: 00 00 00 00 00 00 00 00
stack at sp + 4 slots: 308856 is a compressed pointer to class: 0x000000080004b678
jdk.internal.ref.CleanerImpl$CleanerCleanable {0x000000080004b680}
stack at sp + 5 slots: 0x00000180fa2ed080 points into unknown readable memory: 00 00 00 00 00 00 00 00
stack at sp + 6 slots: 308856 is a compressed pointer to class: 0x000000080004b678
jdk.internal.ref.CleanerImpl$CleanerCleanable {0x000000080004b680}
stack at sp + 7 slots: 0x0000000069517ddb nvoglv64.dll


---------------  P R O C E S S  ---------------

Threads class SMR info:
_java_thread_list=0x00000180f4974da0, length=17, elements={
0x00000180ca632800, 0x00000180ee1b8000, 0x00000180eea6a800, 0x00000180eea7c800,
0x00000180eea7e800, 0x00000180eea87000, 0x00000180eeacf800, 0x00000180eead7000,
0x00000180eec58800, 0x00000180eec70000, 0x00000180ef27e000, 0x00000180ef27f000,
0x00000180ef232800, 0x00000180ef272800, 0x00000180f490a000, 0x00000180f447b000,
0x00000180f447c000
}

Java Threads: ( => current thread )
=>0x00000180ca632800 JavaThread "main" [_thread_in_native, id=2388, stack(0x0000000bd9f00000,0x0000000bda000000)]
  0x00000180ee1b8000 JavaThread "Reference Handler" daemon [_thread_blocked, id=11060, stack(0x0000000bda600000,0x0000000bda700000)]
  0x00000180eea6a800 JavaThread "Finalizer" daemon [_thread_blocked, id=11300, stack(0x0000000bda700000,0x0000000bda800000)]
  0x00000180eea7c800 JavaThread "Signal Dispatcher" daemon [_thread_blocked, id=4072, stack(0x0000000bda800000,0x0000000bda900000)]
  0x00000180eea7e800 JavaThread "Attach Listener" daemon [_thread_blocked, id=10008, stack(0x0000000bda900000,0x0000000bdaa00000)]
  0x00000180eea87000 JavaThread "C2 CompilerThread0" daemon [_thread_blocked, id=7964, stack(0x0000000bdaa00000,0x0000000bdab00000)]
  0x00000180eeacf800 JavaThread "C1 CompilerThread0" daemon [_thread_blocked, id=8236, stack(0x0000000bdab00000,0x0000000bdac00000)]
  0x00000180eead7000 JavaThread "Sweeper thread" daemon [_thread_blocked, id=1656, stack(0x0000000bdac00000,0x0000000bdad00000)]
  0x00000180eec58800 JavaThread "Service Thread" daemon [_thread_blocked, id=2052, stack(0x0000000bdad00000,0x0000000bdae00000)]
  0x00000180eec70000 JavaThread "Common-Cleaner" daemon [_thread_blocked, id=11760, stack(0x0000000bdaf00000,0x0000000bdb000000)]
  0x00000180ef27e000 JavaThread "Java2D Disposer" daemon [_thread_blocked, id=2144, stack(0x0000000bdb000000,0x0000000bdb100000)]
  0x00000180ef27f000 JavaThread "AWT-Shutdown" [_thread_blocked, id=11608, stack(0x0000000bdb100000,0x0000000bdb200000)]
  0x00000180ef232800 JavaThread "AWT-Windows" daemon [_thread_in_native, id=10736, stack(0x0000000bdb200000,0x0000000bdb300000)]
  0x00000180ef272800 JavaThread "AWT-EventQueue-0" [_thread_blocked, id=9984, stack(0x0000000bdb300000,0x0000000bdb400000)]
  0x00000180f490a000 JavaThread "Image Fetcher 0" daemon [_thread_blocked, id=12092, stack(0x0000000bdb700000,0x0000000bdb800000)]
  0x00000180f447b000 JavaThread "D3D Screen Updater" daemon [_thread_blocked, id=1768, stack(0x0000000bdb800000,0x0000000bdb900000)]
  0x00000180f447c000 JavaThread "TimerQueue" daemon [_thread_blocked, id=7776, stack(0x0000000bdb900000,0x0000000bdba00000)]

Other Threads:
  0x00000180ee1b4000 VMThread "VM Thread" [stack: 0x0000000bda500000,0x0000000bda600000] [id=3972]
  0x00000180eec6f800 WatcherThread [stack: 0x0000000bdae00000,0x0000000bdaf00000] [id=6152]
  0x00000180ca649800 GCTaskThread "GC Thread#0" [stack: 0x0000000bda000000,0x0000000bda100000] [id=12268]
  0x00000180f4346000 GCTaskThread "GC Thread#1" [stack: 0x0000000bdb510000,0x0000000bdb610000] [id=10352]
  0x00000180f46bb000 GCTaskThread "GC Thread#2" [stack: 0x0000000bdba50000,0x0000000bdbb50000] [id=7304]
  0x00000180f426b800 GCTaskThread "GC Thread#3" [stack: 0x0000000bdbb50000,0x0000000bdbc50000] [id=2640]
  0x00000180f4bf3000 GCTaskThread "GC Thread#4" [stack: 0x0000000bdbc50000,0x0000000bdbd50000] [id=9504]
  0x00000180ca6a6800 ConcurrentGCThread "G1 Main Marker" [stack: 0x0000000bda100000,0x0000000bda200000] [id=9752]
  0x00000180ca6a7800 ConcurrentGCThread "G1 Conc#0" [stack: 0x0000000bda200000,0x0000000bda300000] [id=11468]
  0x00000180ee09e800 ConcurrentGCThread "G1 Refine#0" [stack: 0x0000000bda300000,0x0000000bda400000] [id=32]
  0x00000180ee0a1800 ConcurrentGCThread "G1 Young RemSet Sampling" [stack: 0x0000000bda400000,0x0000000bda500000] [id=11772]

Threads with active compile tasks:

VM state:not at safepoint (normal execution)

VM Mutex/Monitor currently owned by a thread: None

Heap address: 0x000000070a800000, size: 3928 MB, Compressed Oops mode: Zero based, Oop shift amount: 3
Narrow klass base: 0x0000000800000000, Narrow klass shift: 0
Compressed class space size: 1073741824 Address: 0x0000000800000000

Heap:
 garbage-first heap   total 24576K, used 10773K [0x000000070a800000, 0x0000000800000000)
  region size 1024K, 6 young (6144K), 0 survivors (0K)
 Metaspace       used 21823K, capacity 22305K, committed 22400K, reserved 1069056K
  class space    used 2381K, capacity 2605K, committed 2688K, reserved 1048576K
Heap Regions: E=young(eden), S=young(survivor), O=old, HS=humongous(starts), HC=humongous(continues), CS=collection set, F=free, A=archive, TAMS=top-at-mark-start (previous, next)
|   0|0x000000070a800000, 0x000000070a900000, 0x000000070a900000|100%|HS|  |TAMS 0x000000070a800000, 0x000000070a800000| Untracked 
|   1|0x000000070a900000, 0x000000070aa00000, 0x000000070aa00000|100%|HC|  |TAMS 0x000000070a900000, 0x000000070a900000| Untracked 
|   2|0x000000070aa00000, 0x000000070aafffa8, 0x000000070ab00000| 99%| O|  |TAMS 0x000000070aa00000, 0x000000070aa00000| Untracked 
|   3|0x000000070ab00000, 0x000000070abffbe0, 0x000000070ac00000| 99%| O|  |TAMS 0x000000070ab00000, 0x000000070ab00000| Untracked 
|   4|0x000000070ac00000, 0x000000070ace7d18, 0x000000070ad00000| 90%| O|  |TAMS 0x000000070ac00000, 0x000000070ac00000| Untracked 
|   5|0x000000070ad00000, 0x000000070ad7a2c0, 0x000000070ae00000| 47%| O|  |TAMS 0x000000070ad00000, 0x000000070ad00000| Untracked 
|   6|0x000000070ae00000, 0x000000070ae23ac0, 0x000000070af00000| 13%| O|  |TAMS 0x000000070ae00000, 0x000000070ae00000| Untracked 
|   7|0x000000070af00000, 0x000000070af00000, 0x000000070b000000|  0%| F|  |TAMS 0x000000070af00000, 0x000000070af00000| Untracked 
|   8|0x000000070b000000, 0x000000070b000000, 0x000000070b100000|  0%| F|  |TAMS 0x000000070b000000, 0x000000070b000000| Untracked 
|   9|0x000000070b100000, 0x000000070b100000, 0x000000070b200000|  0%| F|  |TAMS 0x000000070b100000, 0x000000070b100000| Untracked 
|  10|0x000000070b200000, 0x000000070b200000, 0x000000070b300000|  0%| F|  |TAMS 0x000000070b200000, 0x000000070b200000| Untracked 
|  11|0x000000070b300000, 0x000000070b300000, 0x000000070b400000|  0%| F|  |TAMS 0x000000070b300000, 0x000000070b300000| Untracked 
|  12|0x000000070b400000, 0x000000070b400000, 0x000000070b500000|  0%| F|  |TAMS 0x000000070b400000, 0x000000070b400000| Untracked 
|  13|0x000000070b500000, 0x000000070b500000, 0x000000070b600000|  0%| F|  |TAMS 0x000000070b500000, 0x000000070b500000| Untracked 
|  14|0x000000070b600000, 0x000000070b600000, 0x000000070b700000|  0%| F|  |TAMS 0x000000070b600000, 0x000000070b600000| Untracked 
|  15|0x000000070b700000, 0x000000070b700000, 0x000000070b800000|  0%| F|  |TAMS 0x000000070b700000, 0x000000070b700000| Untracked 
|  16|0x000000070b800000, 0x000000070b800000, 0x000000070b900000|  0%| F|  |TAMS 0x000000070b800000, 0x000000070b800000| Untracked 
|  17|0x000000070b900000, 0x000000070b900000, 0x000000070ba00000|  0%| F|  |TAMS 0x000000070b900000, 0x000000070b900000| Untracked 
|  18|0x000000070ba00000, 0x000000070ba543e8, 0x000000070bb00000| 32%| E|  |TAMS 0x000000070ba00000, 0x000000070ba00000| Complete 
|  19|0x000000070bb00000, 0x000000070bc00000, 0x000000070bc00000|100%| E|CS|TAMS 0x000000070bb00000, 0x000000070bb00000| Complete 
|  20|0x000000070bc00000, 0x000000070bd00000, 0x000000070bd00000|100%| E|CS|TAMS 0x000000070bc00000, 0x000000070bc00000| Complete 
|  21|0x000000070bd00000, 0x000000070be00000, 0x000000070be00000|100%| E|CS|TAMS 0x000000070bd00000, 0x000000070bd00000| Complete 
|  22|0x000000070be00000, 0x000000070bf00000, 0x000000070bf00000|100%| E|CS|TAMS 0x000000070be00000, 0x000000070be00000| Complete 
| 226|0x0000000718a00000, 0x0000000718b00000, 0x0000000718b00000|100%| E|CS|TAMS 0x0000000718a00000, 0x0000000718a00000| Complete 

Card table byte_map: [0x00000180e2a10000,0x00000180e31c0000] _byte_map_base: 0x00000180df1bc000

Marking Bits (Prev, Next): (CMBitMap*) 0x00000180ca6952d8, (CMBitMap*) 0x00000180ca695310
 Prev Bits: [0x00000180e3970000, 0x00000180e76d0000)
 Next Bits: [0x00000180e76d0000, 0x00000180eb430000)

Polling page: 0x00000180c85c0000

Metaspace:

Usage:
  Non-class:     19.24 MB capacity,    18.99 MB ( 99%) used,   198.63 KB (  1%) free+waste,    59.38 KB ( <1%) overhead. 
      Class:      2.54 MB capacity,     2.33 MB ( 91%) used,   191.68 KB (  7%) free+waste,    31.69 KB (  1%) overhead. 
       Both:     21.78 MB capacity,    21.31 MB ( 98%) used,   390.31 KB (  2%) free+waste,    91.06 KB ( <1%) overhead. 

Virtual space:
  Non-class space:       20.00 MB reserved,      19.25 MB ( 96%) committed 
      Class space:        1.00 GB reserved,       2.63 MB ( <1%) committed 
             Both:        1.02 GB reserved,      21.88 MB (  2%) committed 

Chunk freelists:
   Non-Class:  12.00 KB
       Class:  19.00 KB
        Both:  31.00 KB

MaxMetaspaceSize: 17179869184.00 GB
CompressedClassSpaceSize: 1.00 GB

CodeHeap 'non-profiled nmethods': size=120000Kb used=616Kb max_used=616Kb free=119384Kb
 bounds [0x00000180da7e0000, 0x00000180daa50000, 0x00000180e1d10000]
CodeHeap 'profiled nmethods': size=120000Kb used=3330Kb max_used=3330Kb free=116669Kb
 bounds [0x00000180d32b0000, 0x00000180d3600000, 0x00000180da7e0000]
CodeHeap 'non-nmethods': size=5760Kb used=1514Kb max_used=1530Kb free=4245Kb
 bounds [0x00000180d2d10000, 0x00000180d2f80000, 0x00000180d32b0000]
 total_blobs=2760 nmethods=1723 adapters=948
 compilation: enabled
              stopped_count=0, restarted_count=0
 full_count=0

Compilation events (20 events):
Event: 1.689 Thread 0x00000180eea87000 1704       4       sun.security.provider.ByteArrayAccess::b2iBig64 (614 bytes)
Event: 1.690 Thread 0x00000180eea87000 nmethod 1704 0x00000180da879190 code [0x00000180da879320, 0x00000180da879558]
Event: 1.690 Thread 0x00000180eea87000 1714       4       org.lwjgl.system.MemoryAccess$MemoryAccessorUnsafe::access$200 (4 bytes)
Event: 1.690 Thread 0x00000180eea87000 nmethod 1714 0x00000180da879690 code [0x00000180da879820, 0x00000180da879878]
Event: 1.690 Thread 0x00000180eea87000 1705       4       java.nio.DirectByteBuffer::ix (10 bytes)
Event: 1.690 Thread 0x00000180eea87000 nmethod 1705 0x00000180da879910 code [0x00000180da879aa0, 0x00000180da879b18]
Event: 1.711 Thread 0x00000180eeacf800 1717       3       java.lang.invoke.MemberName::isCallerSensitive (7 bytes)
Event: 1.711 Thread 0x00000180eeacf800 nmethod 1717 0x00000180d35e9490 code [0x00000180d35e9640, 0x00000180d35e9878]
Event: 1.712 Thread 0x00000180eeacf800 1719       3       java.util.jar.JarFile$1::apply (9 bytes)
Event: 1.712 Thread 0x00000180eeacf800 nmethod 1719 0x00000180d35e9990 code [0x00000180d35e9b80, 0x00000180d35ea048]
Event: 1.712 Thread 0x00000180eeacf800 1720       3       java.util.jar.JarFile$1::apply (13 bytes)
Event: 1.713 Thread 0x00000180eeacf800 nmethod 1720 0x00000180d35ea210 code [0x00000180d35ea3e0, 0x00000180d35ea728]
Event: 1.713 Thread 0x00000180eeacf800 1721       3       java.util.zip.ZipUtils::CENSIZ (9 bytes)
Event: 1.714 Thread 0x00000180eeacf800 nmethod 1721 0x00000180d35ea890 code [0x00000180d35eaa60, 0x00000180d35ead38]
Event: 1.714 Thread 0x00000180eeacf800 1722       3       java.util.zip.ZipFile::getZipEntry (301 bytes)
Event: 1.716 Thread 0x00000180eeacf800 nmethod 1722 0x00000180d35eaf10 code [0x00000180d35eb2a0, 0x00000180d35ecf48]
Event: 1.716 Thread 0x00000180eeacf800 1723   !   3       java.util.zip.ZipFile::getInputStream (323 bytes)
Event: 1.717 Thread 0x00000180eeacf800 nmethod 1723 0x00000180d35eda10 code [0x00000180d35edd80, 0x00000180d35ef738]
Event: 1.717 Thread 0x00000180eeacf800 1724       3       java.nio.ByteBuffer::clear (7 bytes)
Event: 1.718 Thread 0x00000180eeacf800 nmethod 1724 0x00000180d35f0510 code [0x00000180d35f06c0, 0x00000180d35f0838]

GC Heap History (4 events):
Event: 1.550 GC heap before
{Heap before GC invocations=0 (full 0):
 garbage-first heap   total 251904K, used 21504K [0x000000070a800000, 0x0000000800000000)
  region size 1024K, 20 young (20480K), 0 survivors (0K)
 Metaspace       used 18759K, capacity 19192K, committed 19328K, reserved 1067008K
  class space    used 2115K, capacity 2330K, committed 2432K, reserved 1048576K
}
Event: 1.557 GC heap after
{Heap after GC invocations=1 (full 1):
 garbage-first heap   total 24576K, used 5653K [0x000000070a800000, 0x0000000800000000)
  region size 1024K, 0 young (0K), 0 survivors (0K)
 Metaspace       used 18759K, capacity 19192K, committed 19328K, reserved 1067008K
  class space    used 2115K, capacity 2330K, committed 2432K, reserved 1048576K
}
Event: 1.558 GC heap before
{Heap before GC invocations=1 (full 1):
 garbage-first heap   total 24576K, used 5653K [0x000000070a800000, 0x0000000800000000)
  region size 1024K, 0 young (0K), 0 survivors (0K)
 Metaspace       used 18759K, capacity 19192K, committed 19328K, reserved 1067008K
  class space    used 2115K, capacity 2330K, committed 2432K, reserved 1048576K
}
Event: 1.565 GC heap after
{Heap after GC invocations=2 (full 2):
 garbage-first heap   total 24576K, used 5653K [0x000000070a800000, 0x0000000800000000)
  region size 1024K, 0 young (0K), 0 survivors (0K)
 Metaspace       used 18759K, capacity 19192K, committed 19328K, reserved 1067008K
  class space    used 2115K, capacity 2330K, committed 2432K, reserved 1048576K
}

Deoptimization events (20 events):
Event: 1.671 Thread 0x00000180ca632800 DEOPT PACKING pc=0x00000180d35d4e02 sp=0x0000000bd9ffe0d0
Event: 1.671 Thread 0x00000180ca632800 DEOPT UNPACKING pc=0x00000180d2d3754e sp=0x0000000bd9ffd548 mode 0
Event: 1.671 Thread 0x00000180ca632800 DEOPT PACKING pc=0x00000180d35d4e02 sp=0x0000000bd9ffe0d0
Event: 1.671 Thread 0x00000180ca632800 DEOPT UNPACKING pc=0x00000180d2d3754e sp=0x0000000bd9ffd548 mode 0
Event: 1.672 Thread 0x00000180ca632800 DEOPT PACKING pc=0x00000180d35d4e02 sp=0x0000000bd9ffe0d0
Event: 1.672 Thread 0x00000180ca632800 DEOPT UNPACKING pc=0x00000180d2d3754e sp=0x0000000bd9ffd548 mode 0
Event: 1.672 Thread 0x00000180ca632800 DEOPT PACKING pc=0x00000180d35d4e02 sp=0x0000000bd9ffe0d0
Event: 1.672 Thread 0x00000180ca632800 DEOPT UNPACKING pc=0x00000180d2d3754e sp=0x0000000bd9ffd548 mode 0
Event: 1.672 Thread 0x00000180ca632800 DEOPT PACKING pc=0x00000180d35d4e02 sp=0x0000000bd9ffe0d0
Event: 1.672 Thread 0x00000180ca632800 DEOPT UNPACKING pc=0x00000180d2d3754e sp=0x0000000bd9ffd548 mode 0
Event: 1.673 Thread 0x00000180ca632800 DEOPT PACKING pc=0x00000180d35d4e02 sp=0x0000000bd9ffe0d0
Event: 1.673 Thread 0x00000180ca632800 DEOPT UNPACKING pc=0x00000180d2d3754e sp=0x0000000bd9ffd548 mode 0
Event: 1.673 Thread 0x00000180ca632800 DEOPT PACKING pc=0x00000180d35d4e02 sp=0x0000000bd9ffe0d0
Event: 1.673 Thread 0x00000180ca632800 DEOPT UNPACKING pc=0x00000180d2d3754e sp=0x0000000bd9ffd548 mode 0
Event: 1.673 Thread 0x00000180ca632800 DEOPT PACKING pc=0x00000180d35d4e02 sp=0x0000000bd9ffe0d0
Event: 1.673 Thread 0x00000180ca632800 DEOPT UNPACKING pc=0x00000180d2d3754e sp=0x0000000bd9ffd548 mode 0
Event: 1.673 Thread 0x00000180ca632800 DEOPT PACKING pc=0x00000180d35d4e02 sp=0x0000000bd9ffe0d0
Event: 1.673 Thread 0x00000180ca632800 DEOPT UNPACKING pc=0x00000180d2d3754e sp=0x0000000bd9ffd548 mode 0
Event: 1.674 Thread 0x00000180ca632800 DEOPT PACKING pc=0x00000180d35d4e02 sp=0x0000000bd9ffe0d0
Event: 1.674 Thread 0x00000180ca632800 DEOPT UNPACKING pc=0x00000180d2d3754e sp=0x0000000bd9ffd548 mode 0

Classes redefined (0 events):
No events

Internal exceptions (20 events):
Event: 0.328 Thread 0x00000180ef272800 Exception <a 'java/lang/NoSuchMethodError'{0x0000000719311b98}: 'java.lang.Object java.lang.invoke.DirectMethodHandle$Holder.invokeStatic(java.lang.Object, int, java.lang.Object, java.lang.Object, java.lang.Object)'> (0x0000000719311b98) thrown at [./src/hotspot/share/interpreter/linkResolver.cpp, line 773]
Event: 0.328 Thread 0x00000180ef272800 Exception <a 'java/lang/NoSuchMethodError'{0x00000007193156e0}: 'java.lang.Object java.lang.invoke.DirectMethodHandle$Holder.invokeSpecial(java.lang.Object, java.lang.Object, int, java.lang.Object, java.lang.Object, java.lang.Object)'> (0x00000007193156e0) thrown at [./src/hotspot/share/interpreter/linkResolver.cpp, line 773]
Event: 0.330 Thread 0x00000180ef272800 Exception <a 'java/lang/NoSuchMethodError'{0x000000071932cf20}: 'java.lang.Object java.lang.invoke.DirectMethodHandle$Holder.invokeStatic(java.lang.Object, int, java.lang.Object)'> (0x000000071932cf20) thrown at [./src/hotspot/share/interpreter/linkResolver.cpp, line 773]
Event: 0.341 Thread 0x00000180ef272800 Exception <a 'java/lang/ClassNotFoundException'{0x00000007193d7478}: com/sun/swing/internal/plaf/metal/resources/spi/metalProvider> (0x00000007193d7478) thrown at [./src/hotspot/share/classfile/systemDictionary.cpp, line 231]
Event: 0.342 Thread 0x00000180ef272800 Exception <a 'java/lang/ClassNotFoundException'{0x00000007193db888}: com/sun/swing/internal/plaf/basic/resources/spi/basicProvider> (0x00000007193db888) thrown at [./src/hotspot/share/classfile/systemDictionary.cpp, line 231]
Event: 0.368 Thread 0x00000180ef272800 Exception <a 'java/lang/NoSuchMethodError'{0x000000071929fc58}: 'void java.lang.invoke.DirectMethodHandle$Holder.invokeStaticInit(java.lang.Object)'> (0x000000071929fc58) thrown at [./src/hotspot/share/interpreter/linkResolver.cpp, line 773]
Event: 0.372 Thread 0x00000180ef272800 Exception <a 'java/lang/NoSuchMethodError'{0x00000007192efaa0}: 'java.lang.Object java.lang.invoke.DirectMethodHandle$Holder.invokeStatic(java.lang.Object, java.lang.Object, java.lang.Object, java.lang.Object, java.lang.Object, java.lang.Object, java.lang.Object, java.lang.Object, java.lang.Object, java.lang.Object, java.lang.Object, int)'> (0x00000007192efaa0) thrown at [./src/hotspot/share/interpreter/linkResolver.cpp, line 773]
Event: 0.373 Thread 0x00000180ef272800 Exception <a 'java/lang/NoSuchMethodError'{0x000000071910e140}: 'java.lang.Object java.lang.invoke.DirectMethodHandle$Holder.invokeStatic(java.lang.Object, java.lang.Object, java.lang.Object, java.lang.Object, java.lang.Object, java.lang.Object, java.lang.Object, java.lang.Object, java.lang.Object, java.lang.Object, java.lang.Object, int, int)'> (0x000000071910e140) thrown at [./src/hotspot/share/interpreter/linkResolver.cpp, line 773]
Event: 0.374 Thread 0x00000180ef272800 Exception <a 'java/lang/NoSuchMethodError'{0x000000071912ced0}: 'java.lang.Object java.lang.invoke.DirectMethodHandle$Holder.invokeStatic(java.lang.Object, java.lang.Object, java.lang.Object, java.lang.Object, java.lang.Object, java.lang.Object, java.lang.Object, java.lang.Object, java.lang.Object, java.lang.Object, java.lang.Object, int, int, java.lang.Object)'> (0x000000071912ced0) thrown at [./src/hotspot/share/interpreter/linkResolver.cpp, line 773]
Event: 0.375 Thread 0x00000180ef272800 Exception <a 'java/lang/NoSuchMethodError'{0x000000071914d328}: 'java.lang.Object java.lang.invoke.DirectMethodHandle$Holder.invokeStatic(java.lang.Object, java.lang.Object, java.lang.Object, java.lang.Object, java.lang.Object, java.lang.Object, java.lang.Object, java.lang.Object, java.lang.Object, java.lang.Object, java.lang.Object, int, int, java.lang.Object, java.lang.Object)'> (0x000000071914d328) thrown at [./src/hotspot/share/interpreter/linkResolver.cpp, line 773]
Event: 0.380 Thread 0x00000180ef272800 Exception <a 'java/lang/NoSuchMethodError'{0x00000007191c7ca0}: 'java.lang.Object java.lang.invoke.DirectMethodHandle$Holder.invokeStatic(java.lang.Object, java.lang.Object, java.lang.Object, java.lang.Object, java.lang.Object, java.lang.Object, java.lang.Object, java.lang.Object, java.lang.Object, java.lang.Object, java.lang.Object, java.lang.Object, java.lang.Object, int)'> (0x00000007191c7ca0) thrown at [./src/hotspot/share/interpreter/linkResolver.cpp, line 773]
Event: 0.381 Thread 0x00000180ef272800 Exception <a 'java/lang/NoSuchMethodError'{0x00000007191d43f0}: 'java.lang.Object java.lang.invoke.DirectMethodHandle$Holder.invokeStatic(java.lang.Object, java.lang.Object, java.lang.Object, java.lang.Object, java.lang.Object, java.lang.Object, java.lang.Object, java.lang.Object, java.lang.Object, java.lang.Object, java.lang.Object, java.lang.Object, java.lang.Object, int, int)'> (0x00000007191d43f0) thrown at [./src/hotspot/share/interpreter/linkResolver.cpp, line 773]
Event: 0.386 Thread 0x00000180ef272800 Exception <a 'java/lang/ClassNotFoundException'{0x0000000719027c70}: com/sun/java/swing/plaf/windows/resources/spi/windowsProvider> (0x0000000719027c70) thrown at [./src/hotspot/share/classfile/systemDictionary.cpp, line 231]
Event: 0.507 Thread 0x00000180ef272800 Exception <a 'java/lang/NoSuchMethodError'{0x0000000718c18160}: 'java.lang.Object java.lang.invoke.Invokers$Holder.linkToTargetMethod(java.lang.Object, int, java.lang.Object)'> (0x0000000718c18160) thrown at [./src/hotspot/share/interpreter/linkResolver.cpp, line 773]
Event: 1.576 Thread 0x00000180ca632800 Exception <a 'java/lang/ClassNotFoundException'{0x0000000718ad20c0}: sun/util/logging/resources/spi/loggingProvider> (0x0000000718ad20c0) thrown at [./src/hotspot/share/classfile/systemDictionary.cpp, line 231]
Event: 1.591 Thread 0x00000180ca632800 Implicit null exception at 0x00000180da81f4f4 to 0x00000180da81fa18
Event: 1.591 Thread 0x00000180ca632800 Implicit null exception at 0x00000180da817cf4 to 0x00000180da8181f0
Event: 1.628 Thread 0x00000180ca632800 Implicit null exception at 0x00000180da8228d0 to 0x00000180da822d40
Event: 1.629 Thread 0x00000180ca632800 Exception <a 'java/lang/NoSuchMethodError'{0x000000070bcdee00}: 'void java.lang.invoke.DelegatingMethodHandle$Holder.delegate(java.lang.Object, java.lang.Object, int, java.lang.Object)'> (0x000000070bcdee00) thrown at [./src/hotspot/share/interpreter/linkResolver.cpp, line 773]
Event: 1.630 Thread 0x00000180ca632800 Exception <a 'java/lang/NoSuchMethodError'{0x000000070bce6218}: 'java.lang.Object java.lang.invoke.DirectMethodHandle$Holder.invokeStaticInit(java.lang.Object, java.lang.Object, java.lang.Object)'> (0x000000070bce6218) thrown at [./src/hotspot/share/interpreter/linkResolver.cpp, line 773]

Events (20 events):
Event: 1.667 loading class org/lwjgl/system/APIUtil$1
Event: 1.667 loading class org/lwjgl/system/APIUtil$1 done
Event: 1.667 loading class org/lwjgl/system/windows/WindowsLibrary
Event: 1.667 loading class org/lwjgl/system/windows/WindowsLibrary done
Event: 1.667 loading class org/lwjgl/system/SharedLibrary$Default
Event: 1.667 loading class org/lwjgl/system/SharedLibrary$Default done
Event: 1.668 loading class org/lwjgl/system/windows/WinBase
Event: 1.668 loading class org/lwjgl/system/windows/WinBase done
Event: 1.674 loading class org/lwjgl/glfw/GLFW$Functions
Event: 1.674 loading class org/lwjgl/glfw/GLFW$Functions done
Event: 1.675 loading class org/lwjgl/system/JNI
Event: 1.675 loading class org/lwjgl/system/JNI done
Event: 1.712 loading class org/lwjgl/glfw/GLFWVidMode
Event: 1.712 loading class org/lwjgl/glfw/GLFWVidMode done
Event: 1.713 loading class org/lwjgl/system/Struct$Member
Event: 1.713 loading class org/lwjgl/system/Struct$Member done
Event: 1.713 loading class org/lwjgl/system/Struct$Layout
Event: 1.713 loading class org/lwjgl/system/Struct$Layout done
Event: 1.714 loading class org/lwjgl/glfw/EventLoop$OffScreen
Event: 1.714 loading class org/lwjgl/glfw/EventLoop$OffScreen done


Dynamic libraries:
0x00007ff61b610000 - 0x00007ff61b61d000 	C:\Program Files\AdoptOpenJDK\jdk-11.0.9.11-hotspot\bin\javaw.exe
0x00007fff134a0000 - 0x00007fff13690000 	C:\WINDOWS\SYSTEM32\ntdll.dll
0x00007fff11f60000 - 0x00007fff12012000 	C:\WINDOWS\System32\KERNEL32.DLL
0x00007fff10980000 - 0x00007fff10c25000 	C:\WINDOWS\System32\KERNELBASE.dll
0x00007fff10850000 - 0x00007fff1094a000 	C:\WINDOWS\System32\ucrtbase.dll
0x00007fff09aa0000 - 0x00007fff09ab7000 	C:\Program Files\AdoptOpenJDK\jdk-11.0.9.11-hotspot\bin\jli.dll
0x00007fff07100000 - 0x00007fff07115000 	C:\Program Files\AdoptOpenJDK\jdk-11.0.9.11-hotspot\bin\VCRUNTIME140.dll
0x00007fff12300000 - 0x00007fff12494000 	C:\WINDOWS\System32\USER32.dll
0x00007fff01390000 - 0x00007fff01614000 	C:\WINDOWS\WinSxS\amd64_microsoft.windows.common-controls_6595b64144ccf1df_6.0.18362.1379_none_9e7ff3b3e45cc0c4\COMCTL32.dll
0x00007fff10950000 - 0x00007fff10971000 	C:\WINDOWS\System32\win32u.dll
0x00007fff130f0000 - 0x00007fff1318e000 	C:\WINDOWS\System32\msvcrt.dll
0x00007fff13210000 - 0x00007fff13236000 	C:\WINDOWS\System32\GDI32.dll
0x00007fff12db0000 - 0x00007fff130e7000 	C:\WINDOWS\System32\combase.dll
0x00007fff105a0000 - 0x00007fff10738000 	C:\WINDOWS\System32\gdi32full.dll
0x00007fff124a0000 - 0x00007fff125bf000 	C:\WINDOWS\System32\RPCRT4.dll
0x00007fff10c80000 - 0x00007fff10d1e000 	C:\WINDOWS\System32\msvcp_win.dll
0x00007fff10740000 - 0x00007fff107c1000 	C:\WINDOWS\System32\bcryptPrimitives.dll
0x00007fff127b0000 - 0x00007fff127de000 	C:\WINDOWS\System32\IMM32.DLL
0x00007fff06780000 - 0x00007fff0681b000 	C:\Program Files\AdoptOpenJDK\jdk-11.0.9.11-hotspot\bin\msvcp140.dll
0x00007ffeac740000 - 0x00007ffead283000 	C:\Program Files\AdoptOpenJDK\jdk-11.0.9.11-hotspot\bin\server\jvm.dll
0x00007fff11e00000 - 0x00007fff11ea3000 	C:\WINDOWS\System32\ADVAPI32.dll
0x00007fff11cb0000 - 0x00007fff11d47000 	C:\WINDOWS\System32\sechost.dll
0x00007fff126b0000 - 0x00007fff126b8000 	C:\WINDOWS\System32\PSAPI.DLL
0x00007fff081b0000 - 0x00007fff081d4000 	C:\WINDOWS\SYSTEM32\WINMM.dll
0x00007fff08b20000 - 0x00007fff08b29000 	C:\WINDOWS\SYSTEM32\WSOCK32.dll
0x00007fff0b4e0000 - 0x00007fff0b4ea000 	C:\WINDOWS\SYSTEM32\VERSION.dll
0x00007fff11550000 - 0x00007fff115bf000 	C:\WINDOWS\System32\WS2_32.dll
0x00007fff08180000 - 0x00007fff081ad000 	C:\WINDOWS\SYSTEM32\winmmbase.dll
0x00007fff10c30000 - 0x00007fff10c7a000 	C:\WINDOWS\System32\cfgmgr32.dll
0x00007fff10360000 - 0x00007fff10371000 	C:\WINDOWS\System32\kernel.appcore.dll
0x00007ffeff4d0000 - 0x00007ffeff4e0000 	C:\Program Files\AdoptOpenJDK\jdk-11.0.9.11-hotspot\bin\verify.dll
0x00007fff0e900000 - 0x00007fff0eaf4000 	C:\WINDOWS\SYSTEM32\DBGHELP.DLL
0x00007fff08620000 - 0x00007fff0864a000 	C:\WINDOWS\SYSTEM32\dbgcore.DLL
0x00007ffeef370000 - 0x00007ffeef398000 	C:\Program Files\AdoptOpenJDK\jdk-11.0.9.11-hotspot\bin\java.dll
0x00007ffef25a0000 - 0x00007ffef25aa000 	C:\Program Files\AdoptOpenJDK\jdk-11.0.9.11-hotspot\bin\jimage.dll
0x00007ffeedb60000 - 0x00007ffeedb77000 	C:\Program Files\AdoptOpenJDK\jdk-11.0.9.11-hotspot\bin\zip.dll
0x00007fff115c0000 - 0x00007fff11ca8000 	C:\WINDOWS\System32\SHELL32.dll
0x00007fff11eb0000 - 0x00007fff11f57000 	C:\WINDOWS\System32\shcore.dll
0x00007fff10d20000 - 0x00007fff1149b000 	C:\WINDOWS\System32\windows.storage.dll
0x00007fff103f0000 - 0x00007fff10413000 	C:\WINDOWS\System32\profapi.dll
0x00007fff10380000 - 0x00007fff103ca000 	C:\WINDOWS\System32\powrprof.dll
0x00007fff10350000 - 0x00007fff10360000 	C:\WINDOWS\System32\UMPDC.dll
0x00007fff12740000 - 0x00007fff12792000 	C:\WINDOWS\System32\shlwapi.dll
0x00007fff107d0000 - 0x00007fff107e7000 	C:\WINDOWS\System32\cryptsp.dll
0x00007ffeedb40000 - 0x00007ffeedb59000 	C:\Program Files\AdoptOpenJDK\jdk-11.0.9.11-hotspot\bin\net.dll
0x00007fff0bc30000 - 0x00007fff0bd20000 	C:\WINDOWS\SYSTEM32\WINHTTP.dll
0x00007fff0fb30000 - 0x00007fff0fb97000 	C:\WINDOWS\system32\mswsock.dll
0x00007ffeed490000 - 0x00007ffeed4a2000 	C:\Program Files\AdoptOpenJDK\jdk-11.0.9.11-hotspot\bin\nio.dll
0x00007ffeec9f0000 - 0x00007ffeecb89000 	C:\Program Files\AdoptOpenJDK\jdk-11.0.9.11-hotspot\bin\awt.dll
0x00007fff12230000 - 0x00007fff122f5000 	C:\WINDOWS\System32\OLEAUT32.dll
0x00007fff0cbe0000 - 0x00007fff0cc6f000 	C:\WINDOWS\SYSTEM32\apphelp.dll
0x00007fff0d5b0000 - 0x00007fff0d649000 	C:\WINDOWS\system32\uxtheme.dll
0x00007fff120f0000 - 0x00007fff12225000 	C:\WINDOWS\System32\MSCTF.dll
0x00007fff127e0000 - 0x00007fff12937000 	C:\WINDOWS\System32\ole32.dll
0x00007fff0d6a0000 - 0x00007fff0d6cd000 	C:\WINDOWS\system32\DWMAPI.DLL
0x00007ffee27b0000 - 0x00007ffee2906000 	C:\WINDOWS\system32\opengl32.dll
0x00007ffeed7e0000 - 0x00007ffeed80c000 	C:\WINDOWS\SYSTEM32\GLU32.dll
0x00007fff0efa0000 - 0x00007fff0efc0000 	C:\WINDOWS\SYSTEM32\dxcore.dll
0x00007ffef1250000 - 0x00007ffef1417000 	C:\WINDOWS\system32\d3d9.dll
0x00007ffef5bc0000 - 0x00007ffef5cae000 	C:\WINDOWS\System32\DriverStore\FileRepository\nvhdc.inf_amd64_641b900991c063c6\nvldumdx.dll
0x00007fff10420000 - 0x00007fff1056a000 	C:\WINDOWS\System32\crypt32.dll
0x00007fff103d0000 - 0x00007fff103e2000 	C:\WINDOWS\System32\MSASN1.dll
0x00007fff107f0000 - 0x00007fff1084c000 	C:\WINDOWS\System32\WINTRUST.DLL
0x00007fff13190000 - 0x00007fff131ad000 	C:\WINDOWS\System32\imagehlp.dll
0x00007fff0f440000 - 0x00007fff0f473000 	C:\WINDOWS\system32\rsaenh.dll
0x00007fff10570000 - 0x00007fff10596000 	C:\WINDOWS\System32\bcrypt.dll
0x00007fff0fd00000 - 0x00007fff0fd0c000 	C:\WINDOWS\SYSTEM32\CRYPTBASE.dll
0x00007ffee2e60000 - 0x00007ffee4221000 	C:\WINDOWS\System32\DriverStore\FileRepository\nvhdc.inf_amd64_641b900991c063c6\nvd3dumx.dll
0x00007fff0cda0000 - 0x00007fff0cda9000 	C:\Program Files\AdoptOpenJDK\jdk-11.0.9.11-hotspot\bin\prefs.dll
0x00007fff00e50000 - 0x00007fff00ed2000 	C:\Program Files\AdoptOpenJDK\jdk-11.0.9.11-hotspot\bin\freetype.dll
0x00007fff00a90000 - 0x00007fff00b36000 	C:\Program Files\AdoptOpenJDK\jdk-11.0.9.11-hotspot\bin\fontmanager.dll
0x00007ffef7c70000 - 0x00007ffef7d0d000 	C:\WINDOWS\System32\TextInputFramework.dll
0x00007fff0c660000 - 0x00007fff0c734000 	C:\WINDOWS\System32\CoreMessaging.dll
0x00007ffef8950000 - 0x00007ffef8c7a000 	C:\WINDOWS\System32\CoreUIComponents.dll
0x00007fff0ef30000 - 0x00007fff0ef61000 	C:\WINDOWS\SYSTEM32\ntmarta.dll
0x00007fff089c0000 - 0x00007fff08b12000 	C:\WINDOWS\SYSTEM32\wintypes.dll
0x00007fff09640000 - 0x00007fff098e7000 	C:\WINDOWS\System32\iertutil.dll
0x00007ffeec690000 - 0x00007ffeec862000 	C:\Users\loopnels162\git\ics4u_loop_nelson_162\bulletjme.dll
0x00007fff00950000 - 0x00007fff009ab000 	C:\Users\loopnels162\AppData\Local\Temp\lwjglLoopNels162\3.1.6-build-14\lwjgl.dll
0x00007fff008f0000 - 0x00007fff00941000 	C:\Users\LOOPNE~1\AppData\Local\Temp\lwjglLoopNels162\3.1.6-build-14\glfw.dll
0x00007fff01340000 - 0x00007fff01383000 	C:\WINDOWS\SYSTEM32\dinput8.dll
0x00007fff06a20000 - 0x00007fff06a31000 	C:\WINDOWS\SYSTEM32\xinput1_4.dll
0x00007fff10130000 - 0x00007fff1015a000 	C:\WINDOWS\SYSTEM32\DEVOBJ.dll
0x00007ffef7b50000 - 0x00007ffef7c6c000 	C:\WINDOWS\SYSTEM32\inputhost.dll
0x00007fff0b2d0000 - 0x00007fff0b3c0000 	C:\WINDOWS\SYSTEM32\PROPSYS.dll
0x00007fff0de80000 - 0x00007fff0de8e000 	C:\WINDOWS\SYSTEM32\HID.DLL
0x00007fff12940000 - 0x00007fff12db0000 	C:\WINDOWS\System32\SETUPAPI.DLL
0x0000000068a80000 - 0x000000006b13f000 	C:\WINDOWS\System32\DriverStore\FileRepository\nvhdc.inf_amd64_641b900991c063c6\nvoglv64.dll
0x00007fff0cc70000 - 0x00007fff0cc83000 	C:\WINDOWS\SYSTEM32\WTSAPI32.dll
0x00007fff0fd90000 - 0x00007fff0fde6000 	C:\WINDOWS\SYSTEM32\WINSTA.dll

dbghelp: loaded successfully - version: 4.0.5 - missing functions: none
symbol engine: initialized successfully - sym options: 0x614 - pdb path: .;C:\Program Files\AdoptOpenJDK\jdk-11.0.9.11-hotspot\bin;C:\WINDOWS\SYSTEM32;C:\WINDOWS\WinSxS\amd64_microsoft.windows.common-controls_6595b64144ccf1df_6.0.18362.1379_none_9e7ff3b3e45cc0c4;C:\Program Files\AdoptOpenJDK\jdk-11.0.9.11-hotspot\bin\server;C:\WINDOWS\System32\DriverStore\FileRepository\nvhdc.inf_amd64_641b900991c063c6;C:\Users\loopnels162\git\ics4u_loop_nelson_162;C:\Users\loopnels162\AppData\Local\Temp\lwjglLoopNels162\3.1.6-build-14;C:\Users\LOOPNE~1\AppData\Local\Temp\lwjglLoopNels162\3.1.6-build-14

VM Arguments:
jvm_args: -Dfile.encoding=Cp1252 
java_command: nelsoncca.CCAProject
java_class_path (initial): C:\Users\loopnels162\git\ics4u_loop_nelson_162\target\classes;C:\Users\loopnels162\.m2\repository\org\jmonkeyengine\jme3-core\3.2.2-stable\jme3-core-3.2.2-stable.jar;C:\Users\loopnels162\.m2\repository\org\jmonkeyengine\jme3-desktop\3.2.2-stable\jme3-desktop-3.2.2-stable.jar;C:\Users\loopnels162\.m2\repository\org\jmonkeyengine\jme3-lwjgl3\3.2.2-stable\jme3-lwjgl3-3.2.2-stable.jar;C:\Users\loopnels162\.m2\repository\org\lwjgl\lwjgl\3.1.6\lwjgl-3.1.6.jar;C:\Users\loopnels162\.m2\repository\org\lwjgl\lwjgl-glfw\3.1.6\lwjgl-glfw-3.1.6.jar;C:\Users\loopnels162\.m2\repository\org\lwjgl\lwjgl-jemalloc\3.1.6\lwjgl-jemalloc-3.1.6.jar;C:\Users\loopnels162\.m2\repository\org\lwjgl\lwjgl-openal\3.1.6\lwjgl-openal-3.1.6.jar;C:\Users\loopnels162\.m2\repository\org\lwjgl\lwjgl-opencl\3.1.6\lwjgl-opencl-3.1.6.jar;C:\Users\loopnels162\.m2\repository\org\lwjgl\lwjgl-opengl\3.1.6\lwjgl-opengl-3.1.6.jar;C:\Users\loopnels162\.m2\repository\org\lwjgl\lwjgl\3.1.6\lwjgl-3.1.6-natives-windows.jar;C:\Users\loopnels162\.m2\repository\org\lwjgl\lwjgl\3.1.6\lwjgl-3.1.6-natives-linux.jar;C:\Users\loopnels162\.m2\repository\org\lwjgl\lwjgl\3.1.6\lwjgl-3.1.6-natives-macos.jar;C:\Users\loopnels162\.m2\repository\org\lwjgl\lwjgl-glfw\3.1.6\lwjgl-glfw-3.1.6-natives-windows.jar;C:\Users\loopnels162\.m2\repository\org\lwjgl\lwjgl-glfw\3.1.6\lwjgl-glfw-3.1.6-natives-linux.jar;C:\Users\loopnels162\.m2\repository\org\lwjgl\lwjgl-glfw\3.1.6\lwjgl-glfw-3.1.6-natives-macos.jar;C:\Users\loopnels162\.m2\repository\org\lwjgl\lwjgl-jemalloc\3.1.6\lwjgl-jemalloc-3.1.6-natives-windows.jar;C:\Users\loopnels162\.m2\repository\org\lwjgl\lwjgl-jemalloc\3.1.6\lwjgl-jemalloc-3.1.6-natives-linux.jar;C:\Users\loopnels162\.m2\repository\org\lwjgl\lwjgl-jemalloc\3.1.6\lwjgl-jemalloc-3.1.6-natives-macos.jar;C:\Users\loopnels162\.m2\repository\org\lwjgl\lwjgl-opengl\3.1.6\lwjgl-opengl-3.1.6-natives-windows.jar;C:\Users\loopnels162\.m2\repository\org\lwjgl\lwjgl-opengl\3.1.6\lwjgl-opengl-3.1.6-nat
Launcher Type: SUN_STANDARD

[Global flags]
     intx CICompilerCount                          = 4                                         {product} {ergonomic}
     uint ConcGCThreads                            = 3                                         {product} {ergonomic}
     uint G1ConcRefinementThreads                  = 10                                        {product} {ergonomic}
   size_t G1HeapRegionSize                         = 1048576                                   {product} {ergonomic}
    uintx GCDrainStackTargetSize                   = 64                                        {product} {ergonomic}
   size_t InitialHeapSize                          = 257949696                                 {product} {ergonomic}
   size_t MarkStackSize                            = 4194304                                   {product} {ergonomic}
   size_t MaxHeapSize                              = 4118806528                                {product} {ergonomic}
   size_t MaxNewSize                               = 2470445056                                {product} {ergonomic}
   size_t MinHeapDeltaBytes                        = 1048576                                   {product} {ergonomic}
    uintx NonNMethodCodeHeapSize                   = 5836300                                {pd product} {ergonomic}
    uintx NonProfiledCodeHeapSize                  = 122910970                              {pd product} {ergonomic}
    uintx ProfiledCodeHeapSize                     = 122910970                              {pd product} {ergonomic}
    uintx ReservedCodeCacheSize                    = 251658240                              {pd product} {ergonomic}
     bool SegmentedCodeCache                       = true                                      {product} {ergonomic}
     bool UseCompressedClassPointers               = true                                 {lp64_product} {ergonomic}
     bool UseCompressedOops                        = true                                 {lp64_product} {ergonomic}
     bool UseG1GC                                  = true                                      {product} {ergonomic}
     bool UseLargePagesIndividualAllocation        = false                                  {pd product} {ergonomic}

Logging:
Log output configuration:
 #0: stdout all=warning uptime,level,tags
 #1: stderr all=off uptime,level,tags

Environment Variables:
JAVA_HOME=C:\Program Files\AdoptOpenJDK\jdk-11.0.9.11-hotspot
PATH=C:/Program Files/AdoptOpenJDK/jdk-11.0.9.11-hotspot/bin/client;C:/Program Files/AdoptOpenJDK/jdk-11.0.9.11-hotspot/bin;C:\Program Files\AdoptOpenJDK\jdk-11.0.9.11-hotspot\bin;C:\WINDOWS\system32;C:\WINDOWS;C:\WINDOWS\System32\Wbem;C:\WINDOWS\System32\WindowsPowerShell\v1.0\;C:\WINDOWS\System32\OpenSSH\;C:\WINDOWS\system32\config\systemprofile\AppData\Local\Microsoft\WindowsApps;C:\ProgramData\MinGW\bin;C:\ProgramData\MinGW\msys\1.0\bin;c:\Program Files (x86)\Microsoft SQL Server\100\Tools\Binn\;c:\Program Files\Microsoft SQL Server\100\Tools\Binn\;c:\Program Files\Microsoft SQL Server\100\DTS\Binn\;C:\Users\loopnels162\AppData\Local\Microsoft\WindowsApps;;C:\WINDOWS\system32;
USERNAME=LoopNels162
OS=Windows_NT
PROCESSOR_IDENTIFIER=Intel64 Family 6 Model 158 Stepping 10, GenuineIntel



---------------  S Y S T E M  ---------------

OS: Windows 10 , 64 bit Build 18362 (10.0.18362.1350)
OS uptime: 0 days 4:07 hours

CPU:total 12 (initial active 12) (6 cores per cpu, 2 threads per core) family 6 model 158 stepping 10, cmov, cx8, fxsr, mmx, sse, sse2, sse3, ssse3, sse4.1, sse4.2, popcnt, avx, avx2, aes, clmul, erms, rtm, 3dnowpref, lzcnt, ht, tsc, tscinvbit, bmi1, bmi2, adx, fma

Memory: 4k page, system-wide physical 15710M (9858M free)
TotalPageFile size 18142M (AvailPageFile size 10931M)
current process WorkingSet (physical memory assigned to process): 142M, peak: 142M
current process commit charge ("private bytes"): 216M, peak: 417M

vm_info: OpenJDK 64-Bit Server VM (11.0.9+11) for windows-amd64 JRE (11.0.9+11), built on Oct 24 2020 15:15:35 by "" with MS VC++ 15.9 (VS2017)

END.
