#
# A fatal error has been detected by the Java Runtime Environment:
#
#  EXCEPTION_ACCESS_VIOLATION (0xc0000005) at pc=0x00000000710e3111, pid=1516, tid=6376
#
# JRE version: OpenJDK Runtime Environment AdoptOpenJDK (11.0.9+11) (build 11.0.9+11)
# Java VM: OpenJDK 64-Bit Server VM AdoptOpenJDK (11.0.9+11, mixed mode, tiered, compressed oops, g1 gc, windows-amd64)
# Problematic frame:
# C  [nvoglv64.dll+0x833111]
#
# No core dump will be written. Minidumps are not enabled by default on client versions of Windows
#
# If you would like to submit a bug report, please visit:
#   https://github.com/AdoptOpenJDK/openjdk-support/issues
# The crash happened outside the Java Virtual Machine in native code.
# See problematic frame for where to report the bug.
#

---------------  S U M M A R Y ------------

Command Line: -Dfile.encoding=Cp1252 nelsoncca.CCAProject4

Host: Intel(R) Core(TM) i7-8700 CPU @ 3.20GHz, 12 cores, 15G,  Windows 10 , 64 bit Build 18362 (10.0.18362.1350)
Time: Fri Apr  9 09:16:18 2021 Eastern Daylight Time elapsed time: 4.609055 seconds (0d 0h 0m 4s)

---------------  T H R E A D  ---------------

Current thread (0x000001f9fd732800):  JavaThread "main" [_thread_in_native, id=6376, stack(0x00000040bc200000,0x00000040bc300000)]

Stack: [0x00000040bc200000,0x00000040bc300000],  sp=0x00000040bc2feb30,  free space=1018k
Native frames: (J=compiled Java code, j=interpreted, Vv=VM code, C=native code)
C  [nvoglv64.dll+0x833111]

Java frames: (J=compiled Java code, j=interpreted, Vv=VM code)
j  org.lwjgl.system.JNI.invokePPPP(IIJJJJ)J+0
j  org.lwjgl.glfw.GLFW.nglfwCreateWindow(IIJJJ)J+14
j  org.lwjgl.glfw.GLFW.glfwCreateWindow(IILjava/lang/CharSequence;JJ)J+37
j  com.jme3.system.lwjgl.LwjglWindow.createContext(Lcom/jme3/system/AppSettings;)V+314
j  com.jme3.system.lwjgl.LwjglWindow.initInThread()Z+34
j  com.jme3.system.lwjgl.LwjglWindow.run()V+32
j  com.jme3.system.lwjgl.LwjglWindow.create(Z)V+27
j  com.jme3.app.LegacyApplication.start(Lcom/jme3/system/JmeContext$Type;Z)V+92
j  com.jme3.app.LegacyApplication.start()V+5
j  com.jme3.app.SimpleApplication.start()V+51
j  nelsoncca.CCAProject4.main([Ljava/lang/String;)V+14
v  ~StubRoutines::call_stub

siginfo: EXCEPTION_ACCESS_VIOLATION (0xc0000005), reading address 0x0000000000000004


Register to memory mapping:

RIP=0x00000000710e3111 nvoglv64.dll
RAX=0x0 is NULL
RBX=0x0 is NULL
RCX=0x000001f9adc07080 points into unknown readable memory: 00 00 00 00 00 00 00 00
RDX=0x0000000000000002 is an unknown value
RSP=0x00000040bc2feb30 is pointing into the stack for thread: 0x000001f9fd732800
RBP=0x0 is NULL
RSI=0x000001f9ae382080 points into unknown readable memory: 00 00 00 00 00 00 00 00
RDI=0x000001f9adc07080 points into unknown readable memory: 00 00 00 00 00 00 00 00
R8 =0x00000040bc2fea83 is pointing into the stack for thread: 0x000001f9fd732800
R9 =0x000000007ffe9000 points into unknown readable memory: 48 61 6c 54 00 00 00 00
R10=0x00000000546c6148 is an unknown value
R11=0xfffffffff5b64f76 is an unknown value
R12=0xffffffffa7010c79 is an unknown value
R13=0x0000000000000001 is an unknown value
R14=0x0 is NULL
R15=0x0000000000000002 is an unknown value


Registers:
RAX=0x0000000000000000, RBX=0x0000000000000000, RCX=0x000001f9adc07080, RDX=0x0000000000000002
RSP=0x00000040bc2feb30, RBP=0x0000000000000000, RSI=0x000001f9ae382080, RDI=0x000001f9adc07080
R8 =0x00000040bc2fea83, R9 =0x000000007ffe9000, R10=0x00000000546c6148, R11=0xfffffffff5b64f76
R12=0xffffffffa7010c79, R13=0x0000000000000001, R14=0x0000000000000000, R15=0x0000000000000002
RIP=0x00000000710e3111, EFLAGS=0x0000000000010246

Top of Stack: (sp=0x00000040bc2feb30)
0x00000040bc2feb30:   000001f9adc07080 0000000071361768
0x00000040bc2feb40:   00007ffdfd4b5030 000001f9adc07080
0x00000040bc2feb50:   000000000007b368 000001f9adc07080
0x00000040bc2feb60:   000000000007b368 0000000071347ddb
0x00000040bc2feb70:   0000000000000000 00007ffdfd4b5030
0x00000040bc2feb80:   00000040bc2fec78 00007ffdfd4b5030
0x00000040bc2feb90:   00007ffd00000001 00007ffe2a4c7170
0x00000040bc2feba0:   000001f9a1c71550 00007ffe2d2ef381
0x00000040bc2febb0:   0000000000000000 0000000000000000
0x00000040bc2febc0:   00000040bc2fec78 0000000000000000
0x00000040bc2febd0:   000001f9ad4772f8 00000000000018e8
0x00000040bc2febe0:   00007ffdfd5b6000 00007ffdfd5b6a90
0x00000040bc2febf0:   0000000000020000 00007ffdfd4b528b
0x00000040bc2fec00:   ffffffffa7010c79 000001f9a7f3dd20
0x00000040bc2fec10:   00007ffdfd4b5030 0000000000000000
0x00000040bc2fec20:   0000000000020000 0000000000000007 

Instructions: (pc=0x00000000710e3111)
0x00000000710e3011:   38 c6 01 c6 43 4a 01 e8 d3 d8 ff ff 48 8b 43 58
0x00000000710e3021:   65 48 89 04 25 48 12 00 00 48 8b 4b 58 48 81 c1
0x00000000710e3031:   08 02 00 00 e8 d6 08 00 00 48 8b 4b 58 48 81 c1
0x00000000710e3041:   98 01 00 00 e8 c6 08 00 00 48 8b 4b 58 48 81 c1
0x00000000710e3051:   78 02 00 00 e8 b6 08 00 00 48 8b 53 58 83 82 18
0x00000000710e3061:   39 54 00 01 75 2a 45 33 c0 48 8d 8a 28 18 00 00
0x00000000710e3071:   41 8b c0 ff c0 44 89 01 48 8d 89 90 0a 00 00 3d
0x00000000710e3081:   f7 07 00 00 72 ed c7 82 18 39 54 00 01 00 00 00
0x00000000710e3091:   8b 82 18 39 54 00 40 b7 01 89 82 98 0d 00 00 40
0x00000000710e30a1:   0f b6 c7 48 8b 5c 24 30 48 83 c4 20 5f c3 cc 48
0x00000000710e30b1:   85 d2 74 0d 33 c0 83 ba 00 01 00 00 13 48 0f 47
0x00000000710e30c1:   d0 48 89 91 40 ed 54 00 48 89 91 80 ed 54 00 e9
0x00000000710e30d1:   7b eb 57 00 cc cc cc cc cc cc cc cc cc cc cc 40
0x00000000710e30e1:   56 57 48 83 ec 28 48 8b b1 80 ed 54 00 48 8b f9
0x00000000710e30f1:   48 85 f6 0f 84 73 05 00 00 48 8b 86 b8 fb 05 00
0x00000000710e3101:   48 89 6c 24 48 48 8b 2e 4c 89 74 24 50 45 33 f6
0x00000000710e3111:   44 8b 40 04 ff 81 18 39 54 00 4c 89 7c 24 20 44
0x00000000710e3121:   39 b1 18 39 54 00 75 27 41 8b c6 48 81 c1 28 18
0x00000000710e3131:   00 00 ff c0 44 89 31 48 8d 89 90 0a 00 00 3d f7
0x00000000710e3141:   07 00 00 72 ed c7 87 18 39 54 00 01 00 00 00 8b
0x00000000710e3151:   87 18 39 54 00 48 8d 8f 98 0d 00 00 89 01 48 8b
0x00000000710e3161:   87 e8 02 00 00 44 39 40 04 74 53 45 85 c0 74 32
0x00000000710e3171:   b8 6f 45 21 01 41 8b c8 41 f7 e0 41 8b c0 2b c2
0x00000000710e3181:   d1 e8 03 c2 c1 e8 0a 69 c0 f7 07 00 00 2b c8 8b
0x00000000710e3191:   c1 48 69 c8 90 0a 00 00 48 81 c1 28 18 00 00 48
0x00000000710e31a1:   03 cf 48 89 8f e8 02 00 00 c7 81 88 0a 00 00 01
0x00000000710e31b1:   00 00 00 48 8b 87 e8 02 00 00 44 89 40 04 4c 8b
0x00000000710e31c1:   87 e8 02 00 00 48 8d 97 1c 39 54 00 48 8d 8e 00
0x00000000710e31d1:   c9 05 00 e8 f7 da ff ff 48 8b 8f e8 02 00 00 48
0x00000000710e31e1:   8b d7 8b 87 18 39 54 00 89 01 48 8b ce 0f 10 86
0x00000000710e31f1:   04 23 05 00 0f 11 87 38 39 54 00 0f 10 8e 14 23
0x00000000710e3201:   05 00 0f 11 8f 48 39 54 00 f2 0f 10 86 24 23 05 


Stack slot to memory mapping:
stack at sp + 0 slots: 0x000001f9adc07080 points into unknown readable memory: 00 00 00 00 00 00 00 00
stack at sp + 1 slots: 0x0000000071361768 nvoglv64.dll
stack at sp + 2 slots: 0x00007ffdfd4b5030 opengl32.dll
stack at sp + 3 slots: 0x000001f9adc07080 points into unknown readable memory: 00 00 00 00 00 00 00 00
stack at sp + 4 slots: 0x000000000007b368 is an unknown value
stack at sp + 5 slots: 0x000001f9adc07080 points into unknown readable memory: 00 00 00 00 00 00 00 00
stack at sp + 6 slots: 0x000000000007b368 is an unknown value
stack at sp + 7 slots: 0x0000000071347ddb nvoglv64.dll


---------------  P R O C E S S  ---------------

Threads class SMR info:
_java_thread_list=0x000001f9a74f9e80, length=18, elements={
0x000001f9fd732800, 0x000001f9a1c63000, 0x000001f9a1c6c800, 0x000001f9a1cd3800,
0x000001f9a1cd5800, 0x000001f9a1cd7000, 0x000001f9a1c86800, 0x000001f9a1c8b000,
0x000001f9a1e50000, 0x000001f9a1e52800, 0x000001f9a2525800, 0x000001f9a252a000,
0x000001f9a24bd000, 0x000001f9a24bf800, 0x000001f9a78a0000, 0x000001f9ab801800,
0x000001f9a80cc800, 0x000001f9ab8b7800
}

Java Threads: ( => current thread )
=>0x000001f9fd732800 JavaThread "main" [_thread_in_native, id=6376, stack(0x00000040bc200000,0x00000040bc300000)]
  0x000001f9a1c63000 JavaThread "Reference Handler" daemon [_thread_blocked, id=11100, stack(0x00000040bc900000,0x00000040bca00000)]
  0x000001f9a1c6c800 JavaThread "Finalizer" daemon [_thread_blocked, id=3044, stack(0x00000040bca00000,0x00000040bcb00000)]
  0x000001f9a1cd3800 JavaThread "Signal Dispatcher" daemon [_thread_blocked, id=7712, stack(0x00000040bcb00000,0x00000040bcc00000)]
  0x000001f9a1cd5800 JavaThread "Attach Listener" daemon [_thread_blocked, id=11368, stack(0x00000040bcc00000,0x00000040bcd00000)]
  0x000001f9a1cd7000 JavaThread "C2 CompilerThread0" daemon [_thread_blocked, id=11460, stack(0x00000040bcd00000,0x00000040bce00000)]
  0x000001f9a1c86800 JavaThread "C1 CompilerThread0" daemon [_thread_blocked, id=4532, stack(0x00000040bce00000,0x00000040bcf00000)]
  0x000001f9a1c8b000 JavaThread "Sweeper thread" daemon [_thread_blocked, id=7464, stack(0x00000040bcf00000,0x00000040bd000000)]
  0x000001f9a1e50000 JavaThread "Service Thread" daemon [_thread_blocked, id=8748, stack(0x00000040bd000000,0x00000040bd100000)]
  0x000001f9a1e52800 JavaThread "Common-Cleaner" daemon [_thread_blocked, id=8612, stack(0x00000040bd200000,0x00000040bd300000)]
  0x000001f9a2525800 JavaThread "Java2D Disposer" daemon [_thread_blocked, id=9556, stack(0x00000040bd400000,0x00000040bd500000)]
  0x000001f9a252a000 JavaThread "AWT-Shutdown" [_thread_blocked, id=10508, stack(0x00000040bd500000,0x00000040bd600000)]
  0x000001f9a24bd000 JavaThread "AWT-Windows" daemon [_thread_in_native, id=1800, stack(0x00000040bd600000,0x00000040bd700000)]
  0x000001f9a24bf800 JavaThread "AWT-EventQueue-0" [_thread_blocked, id=2384, stack(0x00000040bd700000,0x00000040bd800000)]
  0x000001f9a78a0000 JavaThread "Image Fetcher 0" daemon [_thread_blocked, id=668, stack(0x00000040bd900000,0x00000040bda00000)]
  0x000001f9ab801800 JavaThread "D3D Screen Updater" daemon [_thread_blocked, id=10628, stack(0x00000040bda00000,0x00000040bdb00000)]
  0x000001f9a80cc800 JavaThread "TimerQueue" daemon [_thread_blocked, id=3412, stack(0x00000040bdb00000,0x00000040bdc00000)]
  0x000001f9ab8b7800 JavaThread "C2 CompilerThread1" daemon [_thread_blocked, id=1184, stack(0x00000040be070000,0x00000040be170000)]

Other Threads:
  0x000001f9a13b4800 VMThread "VM Thread" [stack: 0x00000040bc800000,0x00000040bc900000] [id=11432]
  0x000001f9a1e51800 WatcherThread [stack: 0x00000040bd100000,0x00000040bd200000] [id=488]
  0x000001f9fd749000 GCTaskThread "GC Thread#0" [stack: 0x00000040bc300000,0x00000040bc400000] [id=9916]
  0x000001f9ab83e000 GCTaskThread "GC Thread#1" [stack: 0x00000040bdc70000,0x00000040bdd70000] [id=10488]
  0x000001f9ab83f000 GCTaskThread "GC Thread#2" [stack: 0x00000040bdd70000,0x00000040bde70000] [id=2852]
  0x000001f9a807c000 GCTaskThread "GC Thread#3" [stack: 0x00000040bde70000,0x00000040bdf70000] [id=2704]
  0x000001f9a807c800 GCTaskThread "GC Thread#4" [stack: 0x00000040bdf70000,0x00000040be070000] [id=7788]
  0x000001f9fd7a6000 ConcurrentGCThread "G1 Main Marker" [stack: 0x00000040bc400000,0x00000040bc500000] [id=9288]
  0x000001f9fd7a7800 ConcurrentGCThread "G1 Conc#0" [stack: 0x00000040bc500000,0x00000040bc600000] [id=9348]
  0x000001f9a129e800 ConcurrentGCThread "G1 Refine#0" [stack: 0x00000040bc600000,0x00000040bc700000] [id=4216]
  0x000001f9a12a2000 ConcurrentGCThread "G1 Young RemSet Sampling" [stack: 0x00000040bc700000,0x00000040bc800000] [id=7332]

Threads with active compile tasks:

VM state:not at safepoint (normal execution)

VM Mutex/Monitor currently owned by a thread: None

Heap address: 0x000000070a800000, size: 3928 MB, Compressed Oops mode: Zero based, Oop shift amount: 3
Narrow klass base: 0x0000000800000000, Narrow klass shift: 0
Compressed class space size: 1073741824 Address: 0x0000000800000000

Heap:
 garbage-first heap   total 24576K, used 11014K [0x000000070a800000, 0x0000000800000000)
  region size 1024K, 6 young (6144K), 0 survivors (0K)
 Metaspace       used 22253K, capacity 22811K, committed 22912K, reserved 1069056K
  class space    used 2384K, capacity 2644K, committed 2688K, reserved 1048576K
Heap Regions: E=young(eden), S=young(survivor), O=old, HS=humongous(starts), HC=humongous(continues), CS=collection set, F=free, A=archive, TAMS=top-at-mark-start (previous, next)
|   0|0x000000070a800000, 0x000000070a900000, 0x000000070a900000|100%|HS|  |TAMS 0x000000070a800000, 0x000000070a800000| Untracked 
|   1|0x000000070a900000, 0x000000070aa00000, 0x000000070aa00000|100%|HC|  |TAMS 0x000000070a900000, 0x000000070a900000| Untracked 
|   2|0x000000070aa00000, 0x000000070aaffff8, 0x000000070ab00000| 99%| O|  |TAMS 0x000000070aa00000, 0x000000070aa00000| Untracked 
|   3|0x000000070ab00000, 0x000000070abfebd8, 0x000000070ac00000| 99%| O|  |TAMS 0x000000070ab00000, 0x000000070ab00000| Untracked 
|   4|0x000000070ac00000, 0x000000070acfff30, 0x000000070ad00000| 99%| O|  |TAMS 0x000000070ac00000, 0x000000070ac00000| Untracked 
|   5|0x000000070ad00000, 0x000000070ada2f80, 0x000000070ae00000| 63%| O|  |TAMS 0x000000070ad00000, 0x000000070ad00000| Untracked 
|   6|0x000000070ae00000, 0x000000070ae00000, 0x000000070af00000|  0%| F|  |TAMS 0x000000070ae00000, 0x000000070ae00000| Untracked 
|   7|0x000000070af00000, 0x000000070af00000, 0x000000070b000000|  0%| F|  |TAMS 0x000000070af00000, 0x000000070af00000| Untracked 
|   8|0x000000070b000000, 0x000000070b000000, 0x000000070b100000|  0%| F|  |TAMS 0x000000070b000000, 0x000000070b000000| Untracked 
|   9|0x000000070b100000, 0x000000070b100000, 0x000000070b200000|  0%| F|  |TAMS 0x000000070b100000, 0x000000070b100000| Untracked 
|  10|0x000000070b200000, 0x000000070b200000, 0x000000070b300000|  0%| F|  |TAMS 0x000000070b200000, 0x000000070b200000| Untracked 
|  11|0x000000070b300000, 0x000000070b300000, 0x000000070b400000|  0%| F|  |TAMS 0x000000070b300000, 0x000000070b300000| Untracked 
|  12|0x000000070b400000, 0x000000070b400000, 0x000000070b500000|  0%| F|  |TAMS 0x000000070b400000, 0x000000070b400000| Untracked 
|  13|0x000000070b500000, 0x000000070b500000, 0x000000070b600000|  0%| F|  |TAMS 0x000000070b500000, 0x000000070b500000| Untracked 
|  14|0x000000070b600000, 0x000000070b600000, 0x000000070b700000|  0%| F|  |TAMS 0x000000070b600000, 0x000000070b600000| Untracked 
|  15|0x000000070b700000, 0x000000070b700000, 0x000000070b800000|  0%| F|  |TAMS 0x000000070b700000, 0x000000070b700000| Untracked 
|  16|0x000000070b800000, 0x000000070b800000, 0x000000070b900000|  0%| F|  |TAMS 0x000000070b800000, 0x000000070b800000| Untracked 
|  17|0x000000070b900000, 0x000000070b9937d0, 0x000000070ba00000| 57%| E|  |TAMS 0x000000070b900000, 0x000000070b900000| Complete 
|  18|0x000000070ba00000, 0x000000070bb00000, 0x000000070bb00000|100%| E|CS|TAMS 0x000000070ba00000, 0x000000070ba00000| Complete 
|  19|0x000000070bb00000, 0x000000070bc00000, 0x000000070bc00000|100%| E|CS|TAMS 0x000000070bb00000, 0x000000070bb00000| Complete 
|  20|0x000000070bc00000, 0x000000070bd00000, 0x000000070bd00000|100%| E|CS|TAMS 0x000000070bc00000, 0x000000070bc00000| Complete 
|  21|0x000000070bd00000, 0x000000070be00000, 0x000000070be00000|100%| E|CS|TAMS 0x000000070bd00000, 0x000000070bd00000| Complete 
|  22|0x000000070be00000, 0x000000070bf00000, 0x000000070bf00000|100%| E|CS|TAMS 0x000000070be00000, 0x000000070be00000| Complete 
| 155|0x0000000714300000, 0x000000071431fee0, 0x0000000714400000| 12%| O|  |TAMS 0x0000000714300000, 0x0000000714300000| Untracked 

Card table byte_map: [0x000001f9fe510000,0x000001f9fecc0000] _byte_map_base: 0x000001f9facbc000

Marking Bits (Prev, Next): (CMBitMap*) 0x000001f9fd794e28, (CMBitMap*) 0x000001f9fd794e60
 Prev Bits: [0x000001f997610000, 0x000001f99b370000)
 Next Bits: [0x000001f99b370000, 0x000001f99f0d0000)

Polling page: 0x000001f9fb6c0000

Metaspace:

Usage:
  Non-class:     19.69 MB capacity,    19.40 MB ( 99%) used,   236.55 KB (  1%) free+waste,    60.63 KB ( <1%) overhead. 
      Class:      2.58 MB capacity,     2.33 MB ( 90%) used,   227.64 KB (  9%) free+waste,    32.19 KB (  1%) overhead. 
       Both:     22.28 MB capacity,    21.73 MB ( 98%) used,   464.20 KB (  2%) free+waste,    92.81 KB ( <1%) overhead. 

Virtual space:
  Non-class space:       20.00 MB reserved,      19.75 MB ( 99%) committed 
      Class space:        1.00 GB reserved,       2.63 MB ( <1%) committed 
             Both:        1.02 GB reserved,      22.38 MB (  2%) committed 

Chunk freelists:
   Non-Class:  57.00 KB
       Class:  12.00 KB
        Both:  69.00 KB

MaxMetaspaceSize: 17179869184.00 GB
CompressedClassSpaceSize: 1.00 GB

CodeHeap 'non-profiled nmethods': size=120000Kb used=644Kb max_used=644Kb free=119356Kb
 bounds [0x000001f9900e0000, 0x000001f990350000, 0x000001f997610000]
CodeHeap 'profiled nmethods': size=120000Kb used=3897Kb max_used=3897Kb free=116103Kb
 bounds [0x000001f988bb0000, 0x000001f988f80000, 0x000001f9900e0000]
CodeHeap 'non-nmethods': size=5760Kb used=1565Kb max_used=1578Kb free=4194Kb
 bounds [0x000001f988610000, 0x000001f988880000, 0x000001f988bb0000]
 total_blobs=3033 nmethods=1923 adapters=1021
 compilation: enabled
              stopped_count=0, restarted_count=0
 full_count=0

Compilation events (20 events):
Event: 4.247 Thread 0x000001f9a1c86800 1914       3       jdk.internal.misc.Unsafe::checkNativeAddress (28 bytes)
Event: 4.247 Thread 0x000001f9a1c86800 nmethod 1914 0x000001f988f7b990 code [0x000001f988f7bb40, 0x000001f988f7bc58]
Event: 4.248 Thread 0x000001f9a1c86800 1915       1       sun.nio.fs.NativeBuffer::setOwner (6 bytes)
Event: 4.248 Thread 0x000001f9a1c86800 nmethod 1915 0x000001f990180710 code [0x000001f9901808c0, 0x000001f9901809d8]
Event: 4.251 Thread 0x000001f9a1c86800 1917       3       sun.misc.Unsafe::putInt (11 bytes)
Event: 4.251 Thread 0x000001f9ab8b7800 1918       4       java.nio.DirectByteBuffer::ix (10 bytes)
Event: 4.251 Thread 0x000001f9a1c86800 nmethod 1917 0x000001f988f7bd10 code [0x000001f988f7bec0, 0x000001f988f7bfb8]
Event: 4.251 Thread 0x000001f9a1c86800 1916       3       java.lang.Integer::toUnsignedLong (7 bytes)
Event: 4.251 Thread 0x000001f9a1c86800 nmethod 1916 0x000001f988f7c090 code [0x000001f988f7c240, 0x000001f988f7c338]
Event: 4.251 Thread 0x000001f9a1c86800 1919       3       org.lwjgl.system.MemoryUtil::encodeASCII (66 bytes)
Event: 4.251 Thread 0x000001f9ab8b7800 nmethod 1918 0x000001f990180a90 code [0x000001f990180c20, 0x000001f990180c98]
Event: 4.251 Thread 0x000001f9a1c86800 nmethod 1919 0x000001f988f7c410 code [0x000001f988f7c620, 0x000001f988f7cbb8]
Event: 4.251 Thread 0x000001f9a1c86800 1920       1       org.lwjgl.system.Pointer$Default::address (5 bytes)
Event: 4.251 Thread 0x000001f9a1c86800 nmethod 1920 0x000001f990180d10 code [0x000001f990180ec0, 0x000001f990180f78]
Event: 4.281 Thread 0x000001f9a1c86800 1921       3       java.lang.ClassLoader::loadClass (7 bytes)
Event: 4.281 Thread 0x000001f9a1c86800 nmethod 1921 0x000001f988f7ce10 code [0x000001f988f7cfc0, 0x000001f988f7d188]
Event: 4.281 Thread 0x000001f9a1c86800 1922       3       jdk.internal.loader.BuiltinClassLoader::loadClass (22 bytes)
Event: 4.281 Thread 0x000001f9a1c86800 nmethod 1922 0x000001f988f7d210 code [0x000001f988f7d3e0, 0x000001f988f7d678]
Event: 4.281 Thread 0x000001f9a1c86800 1923       3       java.util.zip.InflaterInputStream::<init> (79 bytes)
Event: 4.281 Thread 0x000001f9a1c86800 nmethod 1923 0x000001f988f7d790 code [0x000001f988f7d9a0, 0x000001f988f7e1f8]

GC Heap History (4 events):
Event: 4.120 GC heap before
{Heap before GC invocations=0 (full 0):
 garbage-first heap   total 251904K, used 21504K [0x000000070a800000, 0x0000000800000000)
  region size 1024K, 21 young (21504K), 0 survivors (0K)
 Metaspace       used 19262K, capacity 19745K, committed 19840K, reserved 1067008K
  class space    used 2133K, capacity 2362K, committed 2432K, reserved 1048576K
}
Event: 4.129 GC heap after
{Heap after GC invocations=1 (full 1):
 garbage-first heap   total 27648K, used 5894K [0x000000070a800000, 0x0000000800000000)
  region size 1024K, 0 young (0K), 0 survivors (0K)
 Metaspace       used 19262K, capacity 19745K, committed 19840K, reserved 1067008K
  class space    used 2133K, capacity 2362K, committed 2432K, reserved 1048576K
}
Event: 4.129 GC heap before
{Heap before GC invocations=1 (full 1):
 garbage-first heap   total 27648K, used 5894K [0x000000070a800000, 0x0000000800000000)
  region size 1024K, 0 young (0K), 0 survivors (0K)
 Metaspace       used 19262K, capacity 19745K, committed 19840K, reserved 1067008K
  class space    used 2133K, capacity 2362K, committed 2432K, reserved 1048576K
}
Event: 4.137 GC heap after
{Heap after GC invocations=2 (full 2):
 garbage-first heap   total 24576K, used 5894K [0x000000070a800000, 0x0000000800000000)
  region size 1024K, 0 young (0K), 0 survivors (0K)
 Metaspace       used 19262K, capacity 19745K, committed 19840K, reserved 1067008K
  class space    used 2133K, capacity 2362K, committed 2432K, reserved 1048576K
}

Deoptimization events (20 events):
Event: 4.204 Thread 0x000001f9fd732800 Uncommon trap: trap_request=0xffffff4d fr.pc=0x000001f99010e1b8 relative=0x0000000000000e78
Event: 4.204 Thread 0x000001f9fd732800 Uncommon trap: reason=unstable_if action=reinterpret pc=0x000001f99010e1b8 method=java.lang.invoke.LambdaForm$Name.replaceNames([Ljava/lang/invoke/LambdaForm$Name;[Ljava/lang/invoke/LambdaForm$Name;II)Ljava/lang/invoke/LambdaForm$Name; @ 3 c2
Event: 4.204 Thread 0x000001f9fd732800 DEOPT PACKING pc=0x000001f99010e1b8 sp=0x00000040bc2fb140
Event: 4.204 Thread 0x000001f9fd732800 DEOPT UNPACKING pc=0x000001f98863772f sp=0x00000040bc2fb118 mode 2
Event: 4.206 Thread 0x000001f9fd732800 Uncommon trap: trap_request=0xffffffde fr.pc=0x000001f990143d80 relative=0x00000000000008a0
Event: 4.206 Thread 0x000001f9fd732800 Uncommon trap: reason=class_check action=maybe_recompile pc=0x000001f990143d80 method=java.lang.invoke.InvokerBytecodeGenerator.emitPushArgument(Ljava/lang/Class;Ljava/lang/Object;)V @ 6 c2
Event: 4.206 Thread 0x000001f9fd732800 DEOPT PACKING pc=0x000001f990143d80 sp=0x00000040bc2fadb0
Event: 4.206 Thread 0x000001f9fd732800 DEOPT UNPACKING pc=0x000001f98863772f sp=0x00000040bc2fad58 mode 2
Event: 4.206 Thread 0x000001f9fd732800 Uncommon trap: trap_request=0xffffff4d fr.pc=0x000001f990133360 relative=0x0000000000001900
Event: 4.206 Thread 0x000001f9fd732800 Uncommon trap: reason=unstable_if action=reinterpret pc=0x000001f990133360 method=java.lang.invoke.InvokerBytecodeGenerator.getInternalName(Ljava/lang/Class;)Ljava/lang/String; @ 12 c2
Event: 4.206 Thread 0x000001f9fd732800 DEOPT PACKING pc=0x000001f990133360 sp=0x00000040bc2fad30
Event: 4.206 Thread 0x000001f9fd732800 DEOPT UNPACKING pc=0x000001f98863772f sp=0x00000040bc2fac30 mode 2
Event: 4.206 Thread 0x000001f9fd732800 Uncommon trap: trap_request=0xffffff4d fr.pc=0x000001f99014993c relative=0x00000000000032fc
Event: 4.206 Thread 0x000001f9fd732800 Uncommon trap: reason=unstable_if action=reinterpret pc=0x000001f99014993c method=jdk.internal.org.objectweb.asm.Frame.execute(IILjdk/internal/org/objectweb/asm/ClassWriter;Ljdk/internal/org/objectweb/asm/Item;)V @ 2219 c2
Event: 4.206 Thread 0x000001f9fd732800 DEOPT PACKING pc=0x000001f99014993c sp=0x00000040bc2fabc0
Event: 4.206 Thread 0x000001f9fd732800 DEOPT UNPACKING pc=0x000001f98863772f sp=0x00000040bc2fab68 mode 2
Event: 4.206 Thread 0x000001f9fd732800 Uncommon trap: trap_request=0xffffffde fr.pc=0x000001f990143d80 relative=0x00000000000008a0
Event: 4.206 Thread 0x000001f9fd732800 Uncommon trap: reason=class_check action=maybe_recompile pc=0x000001f990143d80 method=java.lang.invoke.InvokerBytecodeGenerator.emitPushArgument(Ljava/lang/Class;Ljava/lang/Object;)V @ 6 c2
Event: 4.206 Thread 0x000001f9fd732800 DEOPT PACKING pc=0x000001f990143d80 sp=0x00000040bc2fadd0
Event: 4.206 Thread 0x000001f9fd732800 DEOPT UNPACKING pc=0x000001f98863772f sp=0x00000040bc2fad78 mode 2

Classes redefined (0 events):
No events

Internal exceptions (20 events):
Event: 0.385 Thread 0x000001f9a24bf800 Exception <a 'java/lang/NoSuchMethodError'{0x0000000719076c70}: 'java.lang.Object java.lang.invoke.DirectMethodHandle$Holder.invokeStatic(java.lang.Object, java.lang.Object, java.lang.Object, java.lang.Object, java.lang.Object, java.lang.Object, java.lang.Object, java.lang.Object, java.lang.Object, java.lang.Object, java.lang.Object, int)'> (0x0000000719076c70) thrown at [./src/hotspot/share/interpreter/linkResolver.cpp, line 773]
Event: 0.386 Thread 0x000001f9a24bf800 Exception <a 'java/lang/NoSuchMethodError'{0x0000000719094db0}: 'java.lang.Object java.lang.invoke.DirectMethodHandle$Holder.invokeStatic(java.lang.Object, java.lang.Object, java.lang.Object, java.lang.Object, java.lang.Object, java.lang.Object, java.lang.Object, java.lang.Object, java.lang.Object, java.lang.Object, java.lang.Object, int, int)'> (0x0000000719094db0) thrown at [./src/hotspot/share/interpreter/linkResolver.cpp, line 773]
Event: 0.387 Thread 0x000001f9a24bf800 Exception <a 'java/lang/NoSuchMethodError'{0x00000007190b3b40}: 'java.lang.Object java.lang.invoke.DirectMethodHandle$Holder.invokeStatic(java.lang.Object, java.lang.Object, java.lang.Object, java.lang.Object, java.lang.Object, java.lang.Object, java.lang.Object, java.lang.Object, java.lang.Object, java.lang.Object, java.lang.Object, int, int, java.lang.Object)'> (0x00000007190b3b40) thrown at [./src/hotspot/share/interpreter/linkResolver.cpp, line 773]
Event: 0.388 Thread 0x000001f9a24bf800 Exception <a 'java/lang/NoSuchMethodError'{0x00000007190d3f98}: 'java.lang.Object java.lang.invoke.DirectMethodHandle$Holder.invokeStatic(java.lang.Object, java.lang.Object, java.lang.Object, java.lang.Object, java.lang.Object, java.lang.Object, java.lang.Object, java.lang.Object, java.lang.Object, java.lang.Object, java.lang.Object, int, int, java.lang.Object, java.lang.Object)'> (0x00000007190d3f98) thrown at [./src/hotspot/share/interpreter/linkResolver.cpp, line 773]
Event: 0.393 Thread 0x000001f9a24bf800 Exception <a 'java/lang/NoSuchMethodError'{0x0000000718f4ed70}: 'java.lang.Object java.lang.invoke.DirectMethodHandle$Holder.invokeStatic(java.lang.Object, java.lang.Object, java.lang.Object, java.lang.Object, java.lang.Object, java.lang.Object, java.lang.Object, java.lang.Object, java.lang.Object, java.lang.Object, java.lang.Object, java.lang.Object, java.lang.Object, int)'> (0x0000000718f4ed70) thrown at [./src/hotspot/share/interpreter/linkResolver.cpp, line 773]
Event: 0.394 Thread 0x000001f9a24bf800 Exception <a 'java/lang/NoSuchMethodError'{0x0000000718f5b4c0}: 'java.lang.Object java.lang.invoke.DirectMethodHandle$Holder.invokeStatic(java.lang.Object, java.lang.Object, java.lang.Object, java.lang.Object, java.lang.Object, java.lang.Object, java.lang.Object, java.lang.Object, java.lang.Object, java.lang.Object, java.lang.Object, java.lang.Object, java.lang.Object, int, int)'> (0x0000000718f5b4c0) thrown at [./src/hotspot/share/interpreter/linkResolver.cpp, line 773]
Event: 0.398 Thread 0x000001f9a24bf800 Exception <a 'java/lang/ClassNotFoundException'{0x0000000718fae928}: com/sun/java/swing/plaf/windows/resources/spi/windowsProvider> (0x0000000718fae928) thrown at [./src/hotspot/share/classfile/systemDictionary.cpp, line 231]
Event: 0.514 Thread 0x000001f9a24bf800 Exception <a 'java/lang/NoSuchMethodError'{0x0000000718b2dfa8}: 'java.lang.Object java.lang.invoke.Invokers$Holder.linkToTargetMethod(java.lang.Object, int, java.lang.Object)'> (0x0000000718b2dfa8) thrown at [./src/hotspot/share/interpreter/linkResolver.cpp, line 773]
Event: 4.146 Thread 0x000001f9fd732800 Exception <a 'java/lang/ClassNotFoundException'{0x000000070bed2170}: sun/util/logging/resources/spi/loggingProvider> (0x000000070bed2170) thrown at [./src/hotspot/share/classfile/systemDictionary.cpp, line 231]
Event: 4.162 Thread 0x000001f9fd732800 Implicit null exception at 0x000001f9901225f4 to 0x000001f990122b18
Event: 4.162 Thread 0x000001f9fd732800 Implicit null exception at 0x000001f99010f2f4 to 0x000001f99010f7f0
Event: 4.204 Thread 0x000001f9fd732800 Implicit null exception at 0x000001f990125e50 to 0x000001f9901262c0
Event: 4.206 Thread 0x000001f9fd732800 Exception <a 'java/lang/NoSuchMethodError'{0x000000070ba1b578}: 'void java.lang.invoke.DelegatingMethodHandle$Holder.delegate(java.lang.Object, java.lang.Object, int, java.lang.Object)'> (0x000000070ba1b578) thrown at [./src/hotspot/share/interpreter/linkResolver.cpp, line 773]
Event: 4.206 Thread 0x000001f9fd732800 Exception <a 'java/lang/NoSuchMethodError'{0x000000070ba22c88}: 'java.lang.Object java.lang.invoke.DirectMethodHandle$Holder.invokeStaticInit(java.lang.Object, java.lang.Object, java.lang.Object)'> (0x000000070ba22c88) thrown at [./src/hotspot/share/interpreter/linkResolver.cpp, line 773]
Event: 4.221 Thread 0x000001f9fd732800 Exception <a 'sun/nio/fs/WindowsException'{0x000000070ba5aca0}> (0x000000070ba5aca0) thrown at [./src/hotspot/share/prims/jni.cpp, line 615]
Event: 4.221 Thread 0x000001f9fd732800 Exception <a 'sun/nio/fs/WindowsException'{0x000000070ba5b230}> (0x000000070ba5b230) thrown at [./src/hotspot/share/prims/jni.cpp, line 615]
Event: 4.234 Thread 0x000001f9fd732800 Exception <a 'sun/nio/fs/WindowsException'{0x000000070bacdb80}> (0x000000070bacdb80) thrown at [./src/hotspot/share/prims/jni.cpp, line 615]
Event: 4.234 Thread 0x000001f9fd732800 Exception <a 'sun/nio/fs/WindowsException'{0x000000070bacdf58}> (0x000000070bacdf58) thrown at [./src/hotspot/share/prims/jni.cpp, line 615]
Event: 4.248 Thread 0x000001f9fd732800 Exception <a 'sun/nio/fs/WindowsException'{0x000000070b95a4c0}> (0x000000070b95a4c0) thrown at [./src/hotspot/share/prims/jni.cpp, line 615]
Event: 4.248 Thread 0x000001f9fd732800 Exception <a 'sun/nio/fs/WindowsException'{0x000000070b95a868}> (0x000000070b95a868) thrown at [./src/hotspot/share/prims/jni.cpp, line 615]

Events (20 events):
Event: 4.237 loading class org/lwjgl/system/JNI
Event: 4.237 loading class org/lwjgl/system/JNI done
Event: 4.242 loading class org/lwjgl/system/dyncall/DynCallback
Event: 4.242 loading class org/lwjgl/system/dyncall/DynCallback done
Event: 4.242 loading class org/lwjgl/glfw/GLFW
Event: 4.242 loading class org/lwjgl/glfw/GLFW done
Event: 4.243 loading class org/lwjgl/glfw/GLFWImage$Buffer
Event: 4.243 loading class org/lwjgl/glfw/GLFWImage$Buffer done
Event: 4.244 loading class org/lwjgl/system/StructBuffer
Event: 4.244 loading class org/lwjgl/system/StructBuffer done
Event: 4.250 loading class org/lwjgl/glfw/GLFW$Functions
Event: 4.250 loading class org/lwjgl/glfw/GLFW$Functions done
Event: 4.280 loading class org/lwjgl/glfw/GLFWVidMode
Event: 4.280 loading class org/lwjgl/glfw/GLFWVidMode done
Event: 4.280 loading class org/lwjgl/system/Struct$Member
Event: 4.280 loading class org/lwjgl/system/Struct$Member done
Event: 4.281 loading class org/lwjgl/system/Struct$Layout
Event: 4.281 loading class org/lwjgl/system/Struct$Layout done
Event: 4.281 loading class org/lwjgl/glfw/EventLoop$OffScreen
Event: 4.281 loading class org/lwjgl/glfw/EventLoop$OffScreen done


Dynamic libraries:
0x00007ff69f910000 - 0x00007ff69f91d000 	C:\Program Files\AdoptOpenJDK\jdk-11.0.9.11-hotspot\bin\javaw.exe
0x00007ffe2d2c0000 - 0x00007ffe2d4b0000 	C:\WINDOWS\SYSTEM32\ntdll.dll
0x00007ffe2ca10000 - 0x00007ffe2cac2000 	C:\WINDOWS\System32\KERNEL32.DLL
0x00007ffe2a470000 - 0x00007ffe2a715000 	C:\WINDOWS\System32\KERNELBASE.dll
0x00007ffe2a230000 - 0x00007ffe2a32a000 	C:\WINDOWS\System32\ucrtbase.dll
0x00007ffe14980000 - 0x00007ffe14997000 	C:\Program Files\AdoptOpenJDK\jdk-11.0.9.11-hotspot\bin\jli.dll
0x00007ffe14960000 - 0x00007ffe14975000 	C:\Program Files\AdoptOpenJDK\jdk-11.0.9.11-hotspot\bin\VCRUNTIME140.dll
0x00007ffe2cf30000 - 0x00007ffe2d0c4000 	C:\WINDOWS\System32\USER32.dll
0x00007ffe1e310000 - 0x00007ffe1e594000 	C:\WINDOWS\WinSxS\amd64_microsoft.windows.common-controls_6595b64144ccf1df_6.0.18362.1440_none_9e7dbfb9e45e8e67\COMCTL32.dll
0x00007ffe2a880000 - 0x00007ffe2a8a1000 	C:\WINDOWS\System32\win32u.dll
0x00007ffe2b460000 - 0x00007ffe2b4fe000 	C:\WINDOWS\System32\msvcrt.dll
0x00007ffe2b500000 - 0x00007ffe2b526000 	C:\WINDOWS\System32\GDI32.dll
0x00007ffe2cad0000 - 0x00007ffe2ce06000 	C:\WINDOWS\System32\combase.dll
0x00007ffe2a8b0000 - 0x00007ffe2aa48000 	C:\WINDOWS\System32\gdi32full.dll
0x00007ffe2ce10000 - 0x00007ffe2cf2f000 	C:\WINDOWS\System32\RPCRT4.dll
0x00007ffe2aa50000 - 0x00007ffe2aaee000 	C:\WINDOWS\System32\msvcp_win.dll
0x00007ffe2ab60000 - 0x00007ffe2abe1000 	C:\WINDOWS\System32\bcryptPrimitives.dll
0x00007ffe2c1e0000 - 0x00007ffe2c20e000 	C:\WINDOWS\System32\IMM32.DLL
0x00007ffe146b0000 - 0x00007ffe1474b000 	C:\Program Files\AdoptOpenJDK\jdk-11.0.9.11-hotspot\bin\msvcp140.dll
0x00007ffdc7d80000 - 0x00007ffdc88c3000 	C:\Program Files\AdoptOpenJDK\jdk-11.0.9.11-hotspot\bin\server\jvm.dll
0x00007ffe2c3e0000 - 0x00007ffe2c483000 	C:\WINDOWS\System32\ADVAPI32.dll
0x00007ffe2c500000 - 0x00007ffe2c597000 	C:\WINDOWS\System32\sechost.dll
0x00007ffe2bf10000 - 0x00007ffe2bf18000 	C:\WINDOWS\System32\PSAPI.DLL
0x00007ffe271a0000 - 0x00007ffe271c4000 	C:\WINDOWS\SYSTEM32\WINMM.dll
0x00007ffe1a5a0000 - 0x00007ffe1a5a9000 	C:\WINDOWS\SYSTEM32\WSOCK32.dll
0x00007ffe25400000 - 0x00007ffe2540a000 	C:\WINDOWS\SYSTEM32\VERSION.dll
0x00007ffe2c210000 - 0x00007ffe2c27f000 	C:\WINDOWS\System32\WS2_32.dll
0x00007ffe27170000 - 0x00007ffe2719d000 	C:\WINDOWS\SYSTEM32\winmmbase.dll
0x00007ffe2ab10000 - 0x00007ffe2ab5a000 	C:\WINDOWS\System32\cfgmgr32.dll
0x00007ffe2a1a0000 - 0x00007ffe2a1b1000 	C:\WINDOWS\System32\kernel.appcore.dll
0x00007ffe240e0000 - 0x00007ffe240f0000 	C:\Program Files\AdoptOpenJDK\jdk-11.0.9.11-hotspot\bin\verify.dll
0x00007ffe28660000 - 0x00007ffe28854000 	C:\WINDOWS\SYSTEM32\DBGHELP.DLL
0x00007ffe14e00000 - 0x00007ffe14e2a000 	C:\WINDOWS\SYSTEM32\dbgcore.DLL
0x00007ffdeef40000 - 0x00007ffdeef68000 	C:\Program Files\AdoptOpenJDK\jdk-11.0.9.11-hotspot\bin\java.dll
0x00007ffe0c9b0000 - 0x00007ffe0c9ba000 	C:\Program Files\AdoptOpenJDK\jdk-11.0.9.11-hotspot\bin\jimage.dll
0x00007ffdeef00000 - 0x00007ffdeef17000 	C:\Program Files\AdoptOpenJDK\jdk-11.0.9.11-hotspot\bin\zip.dll
0x00007ffe2b530000 - 0x00007ffe2bc18000 	C:\WINDOWS\System32\SHELL32.dll
0x00007ffe2bc20000 - 0x00007ffe2bcc7000 	C:\WINDOWS\System32\shcore.dll
0x00007ffe2abf0000 - 0x00007ffe2b36b000 	C:\WINDOWS\System32\windows.storage.dll
0x00007ffe2a210000 - 0x00007ffe2a22e000 	C:\WINDOWS\System32\profapi.dll
0x00007ffe2a1c0000 - 0x00007ffe2a20a000 	C:\WINDOWS\System32\powrprof.dll
0x00007ffe2a170000 - 0x00007ffe2a180000 	C:\WINDOWS\System32\UMPDC.dll
0x00007ffe2c180000 - 0x00007ffe2c1d2000 	C:\WINDOWS\System32\shlwapi.dll
0x00007ffe2aaf0000 - 0x00007ffe2ab07000 	C:\WINDOWS\System32\cryptsp.dll
0x00007ffdeee90000 - 0x00007ffdeeea9000 	C:\Program Files\AdoptOpenJDK\jdk-11.0.9.11-hotspot\bin\net.dll
0x00007ffe21f90000 - 0x00007ffe2208a000 	C:\WINDOWS\SYSTEM32\WINHTTP.dll
0x00007ffe299b0000 - 0x00007ffe29a17000 	C:\WINDOWS\system32\mswsock.dll
0x00007ffdeee70000 - 0x00007ffdeee82000 	C:\Program Files\AdoptOpenJDK\jdk-11.0.9.11-hotspot\bin\nio.dll
0x00007ffe08070000 - 0x00007ffe08209000 	C:\Program Files\AdoptOpenJDK\jdk-11.0.9.11-hotspot\bin\awt.dll
0x00007ffe2bfd0000 - 0x00007ffe2c095000 	C:\WINDOWS\System32\OLEAUT32.dll
0x00007ffe21440000 - 0x00007ffe214cf000 	C:\WINDOWS\SYSTEM32\apphelp.dll
0x00007ffe273d0000 - 0x00007ffe27469000 	C:\WINDOWS\system32\uxtheme.dll
0x00007ffe2bdb0000 - 0x00007ffe2bee5000 	C:\WINDOWS\System32\MSCTF.dll
0x00007ffe2c280000 - 0x00007ffe2c3d7000 	C:\WINDOWS\System32\ole32.dll
0x00007ffe27810000 - 0x00007ffe2783d000 	C:\WINDOWS\system32\DWMAPI.DLL
0x00007ffdfd490000 - 0x00007ffdfd5e6000 	C:\WINDOWS\system32\opengl32.dll
0x00007ffdfd460000 - 0x00007ffdfd48c000 	C:\WINDOWS\SYSTEM32\GLU32.dll
0x00007ffe28c80000 - 0x00007ffe28ca0000 	C:\WINDOWS\SYSTEM32\dxcore.dll
0x00007ffdf7b80000 - 0x00007ffdf7d47000 	C:\WINDOWS\system32\d3d9.dll
0x00007ffe1d0e0000 - 0x00007ffe1d1ce000 	C:\WINDOWS\System32\DriverStore\FileRepository\nvhdc.inf_amd64_641b900991c063c6\nvldumdx.dll
0x00007ffe2a720000 - 0x00007ffe2a871000 	C:\WINDOWS\System32\crypt32.dll
0x00007ffe2a180000 - 0x00007ffe2a192000 	C:\WINDOWS\System32\MSASN1.dll
0x00007ffe2a330000 - 0x00007ffe2a38c000 	C:\WINDOWS\System32\WINTRUST.DLL
0x00007ffe2bef0000 - 0x00007ffe2bf0d000 	C:\WINDOWS\System32\imagehlp.dll
0x00007ffe29260000 - 0x00007ffe29293000 	C:\WINDOWS\system32\rsaenh.dll
0x00007ffe2a440000 - 0x00007ffe2a466000 	C:\WINDOWS\System32\bcrypt.dll
0x00007ffe29b80000 - 0x00007ffe29b8c000 	C:\WINDOWS\SYSTEM32\CRYPTBASE.dll
0x00007ffdf67b0000 - 0x00007ffdf7b71000 	C:\WINDOWS\System32\DriverStore\FileRepository\nvhdc.inf_amd64_641b900991c063c6\nvd3dumx.dll
0x00007ffe24160000 - 0x00007ffe24169000 	C:\Program Files\AdoptOpenJDK\jdk-11.0.9.11-hotspot\bin\prefs.dll
0x00007ffe10ca0000 - 0x00007ffe10d22000 	C:\Program Files\AdoptOpenJDK\jdk-11.0.9.11-hotspot\bin\freetype.dll
0x00007ffe07910000 - 0x00007ffe079b6000 	C:\Program Files\AdoptOpenJDK\jdk-11.0.9.11-hotspot\bin\fontmanager.dll
0x00007ffe143a0000 - 0x00007ffe1443d000 	C:\WINDOWS\System32\TextInputFramework.dll
0x00007ffe1fa30000 - 0x00007ffe1fd5a000 	C:\WINDOWS\System32\CoreUIComponents.dll
0x00007ffe20a70000 - 0x00007ffe20b44000 	C:\WINDOWS\System32\CoreMessaging.dll
0x00007ffe28c10000 - 0x00007ffe28c41000 	C:\WINDOWS\SYSTEM32\ntmarta.dll
0x00007ffe25cf0000 - 0x00007ffe25e42000 	C:\WINDOWS\SYSTEM32\wintypes.dll
0x00007ffe24b60000 - 0x00007ffe24e07000 	C:\WINDOWS\System32\iertutil.dll
0x00007ffdf6430000 - 0x00007ffdf668d000 	C:\Users\loopnels162\git\ics4u_loop_nelson_162\bulletjme.dll
0x00007ffe11da0000 - 0x00007ffe11e04000 	C:\Users\loopnels162\AppData\Local\Temp\lwjglLoopNels162\3.2.3-build-13\lwjgl.dll
0x00007ffdeafd0000 - 0x00007ffdeb223000 	C:\Users\LOOPNE~1\AppData\Local\Temp\lwjglLoopNels162\3.2.3-build-13\jemalloc.dll
0x00007ffe10800000 - 0x00007ffe10862000 	C:\Users\LOOPNE~1\AppData\Local\Temp\lwjglLoopNels162\3.2.3-build-13\glfw.dll
0x00007ffe0e8e0000 - 0x00007ffe0e923000 	C:\WINDOWS\SYSTEM32\dinput8.dll
0x00007ffe148c0000 - 0x00007ffe148d1000 	C:\WINDOWS\SYSTEM32\xinput1_4.dll
0x00007ffe29f50000 - 0x00007ffe29f7a000 	C:\WINDOWS\SYSTEM32\DEVOBJ.dll
0x00007ffe14280000 - 0x00007ffe1439c000 	C:\WINDOWS\SYSTEM32\inputhost.dll
0x00007ffe259f0000 - 0x00007ffe25ae0000 	C:\WINDOWS\SYSTEM32\PROPSYS.dll
0x00007ffe27ca0000 - 0x00007ffe27cae000 	C:\WINDOWS\SYSTEM32\HID.DLL
0x00007ffe2c5a0000 - 0x00007ffe2ca10000 	C:\WINDOWS\System32\SETUPAPI.DLL
0x00000000708b0000 - 0x0000000072f6f000 	C:\WINDOWS\System32\DriverStore\FileRepository\nvhdc.inf_amd64_641b900991c063c6\nvoglv64.dll
0x00007ffe26ff0000 - 0x00007ffe27003000 	C:\WINDOWS\SYSTEM32\WTSAPI32.dll
0x00007ffe29560000 - 0x00007ffe295b6000 	C:\WINDOWS\SYSTEM32\WINSTA.dll

dbghelp: loaded successfully - version: 4.0.5 - missing functions: none
symbol engine: initialized successfully - sym options: 0x614 - pdb path: .;C:\Program Files\AdoptOpenJDK\jdk-11.0.9.11-hotspot\bin;C:\WINDOWS\SYSTEM32;C:\WINDOWS\WinSxS\amd64_microsoft.windows.common-controls_6595b64144ccf1df_6.0.18362.1440_none_9e7dbfb9e45e8e67;C:\Program Files\AdoptOpenJDK\jdk-11.0.9.11-hotspot\bin\server;C:\WINDOWS\System32\DriverStore\FileRepository\nvhdc.inf_amd64_641b900991c063c6;C:\Users\loopnels162\git\ics4u_loop_nelson_162;C:\Users\loopnels162\AppData\Local\Temp\lwjglLoopNels162\3.2.3-build-13;C:\Users\LOOPNE~1\AppData\Local\Temp\lwjglLoopNels162\3.2.3-build-13

VM Arguments:
jvm_args: -Dfile.encoding=Cp1252 
java_command: nelsoncca.CCAProject4
java_class_path (initial): C:\Users\loopnels162\git\ics4u_loop_nelson_162\target\classes;C:\Users\loopnels162\.m2\repository\org\jmonkeyengine\jme3-core\3.3.2-stable\jme3-core-3.3.2-stable.jar;C:\Users\loopnels162\.m2\repository\org\jmonkeyengine\jme3-desktop\3.3.2-stable\jme3-desktop-3.3.2-stable.jar;C:\Users\loopnels162\.m2\repository\org\jmonkeyengine\jme3-lwjgl3\3.3.2-stable\jme3-lwjgl3-3.3.2-stable.jar;C:\Users\loopnels162\.m2\repository\org\lwjgl\lwjgl\3.2.3\lwjgl-3.2.3.jar;C:\Users\loopnels162\.m2\repository\org\lwjgl\lwjgl-glfw\3.2.3\lwjgl-glfw-3.2.3.jar;C:\Users\loopnels162\.m2\repository\org\lwjgl\lwjgl-jemalloc\3.2.3\lwjgl-jemalloc-3.2.3.jar;C:\Users\loopnels162\.m2\repository\org\lwjgl\lwjgl-openal\3.2.3\lwjgl-openal-3.2.3.jar;C:\Users\loopnels162\.m2\repository\org\lwjgl\lwjgl-opencl\3.2.3\lwjgl-opencl-3.2.3.jar;C:\Users\loopnels162\.m2\repository\org\lwjgl\lwjgl-opengl\3.2.3\lwjgl-opengl-3.2.3.jar;C:\Users\loopnels162\.m2\repository\org\lwjgl\lwjgl\3.2.3\lwjgl-3.2.3-natives-windows.jar;C:\Users\loopnels162\.m2\repository\org\lwjgl\lwjgl\3.2.3\lwjgl-3.2.3-natives-linux.jar;C:\Users\loopnels162\.m2\repository\org\lwjgl\lwjgl\3.2.3\lwjgl-3.2.3-natives-macos.jar;C:\Users\loopnels162\.m2\repository\org\lwjgl\lwjgl-glfw\3.2.3\lwjgl-glfw-3.2.3-natives-windows.jar;C:\Users\loopnels162\.m2\repository\org\lwjgl\lwjgl-glfw\3.2.3\lwjgl-glfw-3.2.3-natives-linux.jar;C:\Users\loopnels162\.m2\repository\org\lwjgl\lwjgl-glfw\3.2.3\lwjgl-glfw-3.2.3-natives-macos.jar;C:\Users\loopnels162\.m2\repository\org\lwjgl\lwjgl-jemalloc\3.2.3\lwjgl-jemalloc-3.2.3-natives-windows.jar;C:\Users\loopnels162\.m2\repository\org\lwjgl\lwjgl-jemalloc\3.2.3\lwjgl-jemalloc-3.2.3-natives-linux.jar;C:\Users\loopnels162\.m2\repository\org\lwjgl\lwjgl-jemalloc\3.2.3\lwjgl-jemalloc-3.2.3-natives-macos.jar;C:\Users\loopnels162\.m2\repository\org\lwjgl\lwjgl-opengl\3.2.3\lwjgl-opengl-3.2.3-natives-windows.jar;C:\Users\loopnels162\.m2\repository\org\lwjgl\lwjgl-opengl\3.2.3\lwjgl-opengl-3.2.3-nat
Launcher Type: SUN_STANDARD

[Global flags]
     intx CICompilerCount                          = 4                                         {product} {ergonomic}
     uint ConcGCThreads                            = 3                                         {product} {ergonomic}
     uint G1ConcRefinementThreads                  = 10                                        {product} {ergonomic}
   size_t G1HeapRegionSize                         = 1048576                                   {product} {ergonomic}
    uintx GCDrainStackTargetSize                   = 64                                        {product} {ergonomic}
   size_t InitialHeapSize                          = 257949696                                 {product} {ergonomic}
   size_t MarkStackSize                            = 4194304                                   {product} {ergonomic}
   size_t MaxHeapSize                              = 4118806528                                {product} {ergonomic}
   size_t MaxNewSize                               = 2470445056                                {product} {ergonomic}
   size_t MinHeapDeltaBytes                        = 1048576                                   {product} {ergonomic}
    uintx NonNMethodCodeHeapSize                   = 5836300                                {pd product} {ergonomic}
    uintx NonProfiledCodeHeapSize                  = 122910970                              {pd product} {ergonomic}
    uintx ProfiledCodeHeapSize                     = 122910970                              {pd product} {ergonomic}
    uintx ReservedCodeCacheSize                    = 251658240                              {pd product} {ergonomic}
     bool SegmentedCodeCache                       = true                                      {product} {ergonomic}
     bool UseCompressedClassPointers               = true                                 {lp64_product} {ergonomic}
     bool UseCompressedOops                        = true                                 {lp64_product} {ergonomic}
     bool UseG1GC                                  = true                                      {product} {ergonomic}
     bool UseLargePagesIndividualAllocation        = false                                  {pd product} {ergonomic}

Logging:
Log output configuration:
 #0: stdout all=warning uptime,level,tags
 #1: stderr all=off uptime,level,tags

Environment Variables:
JAVA_HOME=C:\Program Files\AdoptOpenJDK\jdk-11.0.9.11-hotspot
PATH=C:/Program Files/AdoptOpenJDK/jdk-11.0.9.11-hotspot/bin/client;C:/Program Files/AdoptOpenJDK/jdk-11.0.9.11-hotspot/bin;C:\Program Files\AdoptOpenJDK\jdk-11.0.9.11-hotspot\bin;C:\WINDOWS\system32;C:\WINDOWS;C:\WINDOWS\System32\Wbem;C:\WINDOWS\System32\WindowsPowerShell\v1.0\;C:\WINDOWS\System32\OpenSSH\;C:\WINDOWS\system32\config\systemprofile\AppData\Local\Microsoft\WindowsApps;C:\ProgramData\MinGW\bin;C:\ProgramData\MinGW\msys\1.0\bin;c:\Program Files (x86)\Microsoft SQL Server\100\Tools\Binn\;c:\Program Files\Microsoft SQL Server\100\Tools\Binn\;c:\Program Files\Microsoft SQL Server\100\DTS\Binn\;C:\Users\loopnels162\AppData\Local\Microsoft\WindowsApps;;C:\WINDOWS\system32;
USERNAME=LoopNels162
OS=Windows_NT
PROCESSOR_IDENTIFIER=Intel64 Family 6 Model 158 Stepping 10, GenuineIntel



---------------  S Y S T E M  ---------------

OS: Windows 10 , 64 bit Build 18362 (10.0.18362.1350)
OS uptime: 0 days 1:04 hours

CPU:total 12 (initial active 12) (6 cores per cpu, 2 threads per core) family 6 model 158 stepping 10, cmov, cx8, fxsr, mmx, sse, sse2, sse3, ssse3, sse4.1, sse4.2, popcnt, avx, avx2, aes, clmul, erms, rtm, 3dnowpref, lzcnt, ht, tsc, tscinvbit, bmi1, bmi2, adx, fma

Memory: 4k page, system-wide physical 15710M (10846M free)
TotalPageFile size 18142M (AvailPageFile size 11798M)
current process WorkingSet (physical memory assigned to process): 144M, peak: 144M
current process commit charge ("private bytes"): 226M, peak: 419M

vm_info: OpenJDK 64-Bit Server VM (11.0.9+11) for windows-amd64 JRE (11.0.9+11), built on Oct 24 2020 15:15:35 by "" with MS VC++ 15.9 (VS2017)

END.
