#
# A fatal error has been detected by the Java Runtime Environment:
#
#  EXCEPTION_ACCESS_VIOLATION (0xc0000005) at pc=0x00000000692b3111, pid=11364, tid=6752
#
# JRE version: OpenJDK Runtime Environment AdoptOpenJDK (11.0.9+11) (build 11.0.9+11)
# Java VM: OpenJDK 64-Bit Server VM AdoptOpenJDK (11.0.9+11, mixed mode, tiered, compressed oops, g1 gc, windows-amd64)
# Problematic frame:
# C  [nvoglv64.dll+0x833111]
#
# No core dump will be written. Minidumps are not enabled by default on client versions of Windows
#
# If you would like to submit a bug report, please visit:
#   https://github.com/AdoptOpenJDK/openjdk-support/issues
# The crash happened outside the Java Virtual Machine in native code.
# See problematic frame for where to report the bug.
#

---------------  S U M M A R Y ------------

Command Line: -Dfile.encoding=Cp1252 nelsoncca.CCAProject

Host: Intel(R) Core(TM) i7-8700 CPU @ 3.20GHz, 12 cores, 15G,  Windows 10 , 64 bit Build 18362 (10.0.18362.1350)
Time: Wed Feb 24 12:55:30 2021 Eastern Standard Time elapsed time: 2.211932 seconds (0d 0h 0m 2s)

---------------  T H R E A D  ---------------

Current thread (0x00000167427c3000):  JavaThread "main" [_thread_in_native, id=6752, stack(0x0000004c7e900000,0x0000004c7ea00000)]

Stack: [0x0000004c7e900000,0x0000004c7ea00000],  sp=0x0000004c7e9fe670,  free space=1017k
Native frames: (J=compiled Java code, j=interpreted, Vv=VM code, C=native code)
C  [nvoglv64.dll+0x833111]

Java frames: (J=compiled Java code, j=interpreted, Vv=VM code)
j  org.lwjgl.system.JNI.invokePPPP(JIIJJJ)J+0
j  org.lwjgl.glfw.GLFW.nglfwCreateWindow(IIJJJ)J+14
j  org.lwjgl.glfw.GLFW.glfwCreateWindow(IILjava/lang/CharSequence;JJ)J+33
j  com.jme3.system.lwjgl.LwjglWindow.createContext(Lcom/jme3/system/AppSettings;)V+314
j  com.jme3.system.lwjgl.LwjglWindow.initInThread()Z+34
j  com.jme3.system.lwjgl.LwjglWindow.run()V+32
j  com.jme3.system.lwjgl.LwjglWindow.create(Z)V+27
j  com.jme3.app.LegacyApplication.start(Lcom/jme3/system/JmeContext$Type;Z)V+92
j  com.jme3.app.LegacyApplication.start()V+5
j  com.jme3.app.SimpleApplication.start()V+51
j  nelsoncca.CCAProject.main([Ljava/lang/String;)V+9
v  ~StubRoutines::call_stub

siginfo: EXCEPTION_ACCESS_VIOLATION (0xc0000005), reading address 0x0000000000000004


Register to memory mapping:

RIP=0x00000000692b3111 nvoglv64.dll
RAX=0x0 is NULL
RBX=0x0 is NULL
RCX=0x0000016772423080 points into unknown readable memory: 00 00 00 00 00 00 00 00
RDX=0x0000000000000002 is an unknown value
RSP=0x0000004c7e9fe670 is pointing into the stack for thread: 0x00000167427c3000
RBP=0x0 is NULL
RSI=0x0000016772bb7080 points into unknown readable memory: 00 00 00 00 00 00 00 00
RDI=0x0000016772423080 points into unknown readable memory: 00 00 00 00 00 00 00 00
R8 =0x0000004c7e9fe583 is pointing into the stack for thread: 0x00000167427c3000
R9 =0x000000007ffe2000 points into unknown readable memory: 48 61 6c 54 00 00 00 00
R10=0x00000000546c6148 is an unknown value
R11=0xfffffffff87d3be7 is an unknown value
R12=0xffffffffe5010fe7 is an unknown value
R13=0x0000000000000001 is an unknown value
R14=0x0 is NULL
R15=0x0000000000000002 is an unknown value


Registers:
RAX=0x0000000000000000, RBX=0x0000000000000000, RCX=0x0000016772423080, RDX=0x0000000000000002
RSP=0x0000004c7e9fe670, RBP=0x0000000000000000, RSI=0x0000016772bb7080, RDI=0x0000016772423080
R8 =0x0000004c7e9fe583, R9 =0x000000007ffe2000, R10=0x00000000546c6148, R11=0xfffffffff87d3be7
R12=0xffffffffe5010fe7, R13=0x0000000000000001, R14=0x0000000000000000, R15=0x0000000000000002
RIP=0x00000000692b3111, EFLAGS=0x0000000000010246

Top of Stack: (sp=0x0000004c7e9fe670)
0x0000004c7e9fe670:   0000016772423080 0000000069531768
0x0000004c7e9fe680:   00007ffee27d5030 0000016772423080
0x0000004c7e9fe690:   000000000004b678 0000016772423080
0x0000004c7e9fe6a0:   000000000004b678 0000000069517ddb
0x0000004c7e9fe6b0:   0000000000000000 00007ffee27d5030
0x0000004c7e9fe6c0:   0000004c7e9fe7b8 00007ffee27d5030
0x0000004c7e9fe6d0:   00007ffe00000001 00007fff109d7170
0x0000004c7e9fe6e0:   0000016766c00ef0 00007fff134cf381
0x0000004c7e9fe6f0:   0000000000000000 0000000000000000
0x0000004c7e9fe700:   0000004c7e9fe7b8 0000000000000000
0x0000004c7e9fe710:   000001677228c190 0000000000001a60
0x0000004c7e9fe720:   00007ffee28d6000 00007ffee28d6a90
0x0000004c7e9fe730:   0000000000020000 00007ffee27d528b
0x0000004c7e9fe740:   ffffffffe5010fe7 000001676cf86450
0x0000004c7e9fe750:   00007ffee27d5030 0000000000000000
0x0000004c7e9fe760:   0000000000020000 0000000000000007 

Instructions: (pc=0x00000000692b3111)
0x00000000692b3011:   38 c6 01 c6 43 4a 01 e8 d3 d8 ff ff 48 8b 43 58
0x00000000692b3021:   65 48 89 04 25 48 12 00 00 48 8b 4b 58 48 81 c1
0x00000000692b3031:   08 02 00 00 e8 d6 08 00 00 48 8b 4b 58 48 81 c1
0x00000000692b3041:   98 01 00 00 e8 c6 08 00 00 48 8b 4b 58 48 81 c1
0x00000000692b3051:   78 02 00 00 e8 b6 08 00 00 48 8b 53 58 83 82 18
0x00000000692b3061:   39 54 00 01 75 2a 45 33 c0 48 8d 8a 28 18 00 00
0x00000000692b3071:   41 8b c0 ff c0 44 89 01 48 8d 89 90 0a 00 00 3d
0x00000000692b3081:   f7 07 00 00 72 ed c7 82 18 39 54 00 01 00 00 00
0x00000000692b3091:   8b 82 18 39 54 00 40 b7 01 89 82 98 0d 00 00 40
0x00000000692b30a1:   0f b6 c7 48 8b 5c 24 30 48 83 c4 20 5f c3 cc 48
0x00000000692b30b1:   85 d2 74 0d 33 c0 83 ba 00 01 00 00 13 48 0f 47
0x00000000692b30c1:   d0 48 89 91 40 ed 54 00 48 89 91 80 ed 54 00 e9
0x00000000692b30d1:   7b eb 57 00 cc cc cc cc cc cc cc cc cc cc cc 40
0x00000000692b30e1:   56 57 48 83 ec 28 48 8b b1 80 ed 54 00 48 8b f9
0x00000000692b30f1:   48 85 f6 0f 84 73 05 00 00 48 8b 86 b8 fb 05 00
0x00000000692b3101:   48 89 6c 24 48 48 8b 2e 4c 89 74 24 50 45 33 f6
0x00000000692b3111:   44 8b 40 04 ff 81 18 39 54 00 4c 89 7c 24 20 44
0x00000000692b3121:   39 b1 18 39 54 00 75 27 41 8b c6 48 81 c1 28 18
0x00000000692b3131:   00 00 ff c0 44 89 31 48 8d 89 90 0a 00 00 3d f7
0x00000000692b3141:   07 00 00 72 ed c7 87 18 39 54 00 01 00 00 00 8b
0x00000000692b3151:   87 18 39 54 00 48 8d 8f 98 0d 00 00 89 01 48 8b
0x00000000692b3161:   87 e8 02 00 00 44 39 40 04 74 53 45 85 c0 74 32
0x00000000692b3171:   b8 6f 45 21 01 41 8b c8 41 f7 e0 41 8b c0 2b c2
0x00000000692b3181:   d1 e8 03 c2 c1 e8 0a 69 c0 f7 07 00 00 2b c8 8b
0x00000000692b3191:   c1 48 69 c8 90 0a 00 00 48 81 c1 28 18 00 00 48
0x00000000692b31a1:   03 cf 48 89 8f e8 02 00 00 c7 81 88 0a 00 00 01
0x00000000692b31b1:   00 00 00 48 8b 87 e8 02 00 00 44 89 40 04 4c 8b
0x00000000692b31c1:   87 e8 02 00 00 48 8d 97 1c 39 54 00 48 8d 8e 00
0x00000000692b31d1:   c9 05 00 e8 f7 da ff ff 48 8b 8f e8 02 00 00 48
0x00000000692b31e1:   8b d7 8b 87 18 39 54 00 89 01 48 8b ce 0f 10 86
0x00000000692b31f1:   04 23 05 00 0f 11 87 38 39 54 00 0f 10 8e 14 23
0x00000000692b3201:   05 00 0f 11 8f 48 39 54 00 f2 0f 10 86 24 23 05 


Stack slot to memory mapping:
stack at sp + 0 slots: 0x0000016772423080 points into unknown readable memory: 00 00 00 00 00 00 00 00
stack at sp + 1 slots: 0x0000000069531768 nvoglv64.dll
stack at sp + 2 slots: 0x00007ffee27d5030 opengl32.dll
stack at sp + 3 slots: 0x0000016772423080 points into unknown readable memory: 00 00 00 00 00 00 00 00
stack at sp + 4 slots: 308856 is a compressed pointer to class: 0x000000080004b678
jdk.internal.ref.CleanerImpl$CleanerCleanable {0x000000080004b680}
stack at sp + 5 slots: 0x0000016772423080 points into unknown readable memory: 00 00 00 00 00 00 00 00
stack at sp + 6 slots: 308856 is a compressed pointer to class: 0x000000080004b678
jdk.internal.ref.CleanerImpl$CleanerCleanable {0x000000080004b680}
stack at sp + 7 slots: 0x0000000069517ddb nvoglv64.dll


---------------  P R O C E S S  ---------------

Threads class SMR info:
_java_thread_list=0x000001676c94f890, length=17, elements={
0x00000167427c3000, 0x0000016766349000, 0x0000016766bfa000, 0x0000016766c0c800,
0x0000016766c0e800, 0x0000016766c0f800, 0x0000016766c62800, 0x0000016766c6f000,
0x0000016766de3000, 0x0000016766de8800, 0x0000016767470000, 0x0000016767472800,
0x0000016767468000, 0x0000016767478000, 0x000001676c663000, 0x000001676c997800,
0x000001676cca2000
}

Java Threads: ( => current thread )
=>0x00000167427c3000 JavaThread "main" [_thread_in_native, id=6752, stack(0x0000004c7e900000,0x0000004c7ea00000)]
  0x0000016766349000 JavaThread "Reference Handler" daemon [_thread_blocked, id=10628, stack(0x0000004c7f000000,0x0000004c7f100000)]
  0x0000016766bfa000 JavaThread "Finalizer" daemon [_thread_blocked, id=11392, stack(0x0000004c7f100000,0x0000004c7f200000)]
  0x0000016766c0c800 JavaThread "Signal Dispatcher" daemon [_thread_blocked, id=11740, stack(0x0000004c7f200000,0x0000004c7f300000)]
  0x0000016766c0e800 JavaThread "Attach Listener" daemon [_thread_blocked, id=3312, stack(0x0000004c7f300000,0x0000004c7f400000)]
  0x0000016766c0f800 JavaThread "C2 CompilerThread0" daemon [_thread_blocked, id=4360, stack(0x0000004c7f400000,0x0000004c7f500000)]
  0x0000016766c62800 JavaThread "C1 CompilerThread0" daemon [_thread_blocked, id=3808, stack(0x0000004c7f500000,0x0000004c7f600000)]
  0x0000016766c6f000 JavaThread "Sweeper thread" daemon [_thread_blocked, id=2248, stack(0x0000004c7f600000,0x0000004c7f700000)]
  0x0000016766de3000 JavaThread "Service Thread" daemon [_thread_blocked, id=8448, stack(0x0000004c7f700000,0x0000004c7f800000)]
  0x0000016766de8800 JavaThread "Common-Cleaner" daemon [_thread_blocked, id=2728, stack(0x0000004c7f900000,0x0000004c7fa00000)]
  0x0000016767470000 JavaThread "Java2D Disposer" daemon [_thread_blocked, id=3796, stack(0x0000004c7fa00000,0x0000004c7fb00000)]
  0x0000016767472800 JavaThread "AWT-Shutdown" [_thread_blocked, id=4084, stack(0x0000004c7fb00000,0x0000004c7fc00000)]
  0x0000016767468000 JavaThread "AWT-Windows" daemon [_thread_in_native, id=2376, stack(0x0000004c7fc00000,0x0000004c7fd00000)]
  0x0000016767478000 JavaThread "AWT-EventQueue-0" [_thread_blocked, id=7276, stack(0x0000004c7fd00000,0x0000004c7fe00000)]
  0x000001676c663000 JavaThread "Image Fetcher 0" daemon [_thread_blocked, id=4592, stack(0x0000004c00100000,0x0000004c00200000)]
  0x000001676c997800 JavaThread "D3D Screen Updater" daemon [_thread_blocked, id=6436, stack(0x0000004c00200000,0x0000004c00300000)]
  0x000001676cca2000 JavaThread "TimerQueue" daemon [_thread_blocked, id=6916, stack(0x0000004c00300000,0x0000004c00400000)]

Other Threads:
  0x0000016766345000 VMThread "VM Thread" [stack: 0x0000004c7ef00000,0x0000004c7f000000] [id=5472]
  0x0000016766de7800 WatcherThread [stack: 0x0000004c7f800000,0x0000004c7f900000] [id=3420]
  0x00000167427da800 GCTaskThread "GC Thread#0" [stack: 0x0000004c7ea00000,0x0000004c7eb00000] [id=11380]
  0x000001676c715800 GCTaskThread "GC Thread#1" [stack: 0x0000004c00000000,0x0000004c00100000] [id=7684]
  0x000001676c555000 GCTaskThread "GC Thread#2" [stack: 0x0000004c00430000,0x0000004c00530000] [id=2604]
  0x000001676c555800 GCTaskThread "GC Thread#3" [stack: 0x0000004c00530000,0x0000004c00630000] [id=11820]
  0x000001676c542000 GCTaskThread "GC Thread#4" [stack: 0x0000004c00630000,0x0000004c00730000] [id=6212]
  0x0000016742838000 ConcurrentGCThread "G1 Main Marker" [stack: 0x0000004c7eb00000,0x0000004c7ec00000] [id=1920]
  0x0000016742839000 ConcurrentGCThread "G1 Conc#0" [stack: 0x0000004c7ec00000,0x0000004c7ed00000] [id=7768]
  0x0000016766230800 ConcurrentGCThread "G1 Refine#0" [stack: 0x0000004c7ed00000,0x0000004c7ee00000] [id=12256]
  0x0000016766231000 ConcurrentGCThread "G1 Young RemSet Sampling" [stack: 0x0000004c7ee00000,0x0000004c7ef00000] [id=10512]

Threads with active compile tasks:

VM state:not at safepoint (normal execution)

VM Mutex/Monitor currently owned by a thread: None

Heap address: 0x000000070a800000, size: 3928 MB, Compressed Oops mode: Zero based, Oop shift amount: 3
Narrow klass base: 0x0000000800000000, Narrow klass shift: 0
Compressed class space size: 1073741824 Address: 0x0000000800000000

Heap:
 garbage-first heap   total 20480K, used 10768K [0x000000070a800000, 0x0000000800000000)
  region size 1024K, 6 young (6144K), 0 survivors (0K)
 Metaspace       used 21834K, capacity 22309K, committed 22400K, reserved 1069056K
  class space    used 2381K, capacity 2605K, committed 2688K, reserved 1048576K
Heap Regions: E=young(eden), S=young(survivor), O=old, HS=humongous(starts), HC=humongous(continues), CS=collection set, F=free, A=archive, TAMS=top-at-mark-start (previous, next)
|   0|0x000000070a800000, 0x000000070a900000, 0x000000070a900000|100%|HS|  |TAMS 0x000000070a800000, 0x000000070a800000| Untracked 
|   1|0x000000070a900000, 0x000000070aa00000, 0x000000070aa00000|100%|HC|  |TAMS 0x000000070a900000, 0x000000070a900000| Untracked 
|   2|0x000000070aa00000, 0x000000070aaffff0, 0x000000070ab00000| 99%| O|  |TAMS 0x000000070aa00000, 0x000000070aa00000| Untracked 
|   3|0x000000070ab00000, 0x000000070abe6050, 0x000000070ac00000| 89%| O|  |TAMS 0x000000070ab00000, 0x000000070ab00000| Untracked 
|   4|0x000000070ac00000, 0x000000070ace28c0, 0x000000070ad00000| 88%| O|  |TAMS 0x000000070ac00000, 0x000000070ac00000| Untracked 
|   5|0x000000070ad00000, 0x000000070adbb858, 0x000000070ae00000| 73%| O|  |TAMS 0x000000070ad00000, 0x000000070ad00000| Untracked 
|   6|0x000000070ae00000, 0x000000070ae00000, 0x000000070af00000|  0%| F|  |TAMS 0x000000070ae00000, 0x000000070ae00000| Untracked 
|   7|0x000000070af00000, 0x000000070af00000, 0x000000070b000000|  0%| F|  |TAMS 0x000000070af00000, 0x000000070af00000| Untracked 
|   8|0x000000070b000000, 0x000000070b000000, 0x000000070b100000|  0%| F|  |TAMS 0x000000070b000000, 0x000000070b000000| Untracked 
|   9|0x000000070b100000, 0x000000070b100000, 0x000000070b200000|  0%| F|  |TAMS 0x000000070b100000, 0x000000070b100000| Untracked 
|  10|0x000000070b200000, 0x000000070b200000, 0x000000070b300000|  0%| F|  |TAMS 0x000000070b200000, 0x000000070b200000| Untracked 
|  11|0x000000070b300000, 0x000000070b300000, 0x000000070b400000|  0%| F|  |TAMS 0x000000070b300000, 0x000000070b300000| Untracked 
|  12|0x000000070b400000, 0x000000070b400000, 0x000000070b500000|  0%| F|  |TAMS 0x000000070b400000, 0x000000070b400000| Untracked 
|  13|0x000000070b500000, 0x000000070b500000, 0x000000070b600000|  0%| F|  |TAMS 0x000000070b500000, 0x000000070b500000| Untracked 
|  14|0x000000070b600000, 0x000000070b621398, 0x000000070b700000| 12%| E|  |TAMS 0x000000070b600000, 0x000000070b600000| Complete 
|  15|0x000000070b700000, 0x000000070b800000, 0x000000070b800000|100%| E|CS|TAMS 0x000000070b700000, 0x000000070b700000| Complete 
|  16|0x000000070b800000, 0x000000070b900000, 0x000000070b900000|100%| E|CS|TAMS 0x000000070b800000, 0x000000070b800000| Complete 
|  17|0x000000070b900000, 0x000000070ba00000, 0x000000070ba00000|100%| E|CS|TAMS 0x000000070b900000, 0x000000070b900000| Complete 
|  18|0x000000070ba00000, 0x000000070bb00000, 0x000000070bb00000|100%| E|CS|TAMS 0x000000070ba00000, 0x000000070ba00000| Complete 
|  19|0x000000070bb00000, 0x000000070bc00000, 0x000000070bc00000|100%| E|CS|TAMS 0x000000070bb00000, 0x000000070bb00000| Complete 

Card table byte_map: [0x000001675aba0000,0x000001675b350000] _byte_map_base: 0x000001675734c000

Marking Bits (Prev, Next): (CMBitMap*) 0x0000016742826978, (CMBitMap*) 0x00000167428269b0
 Prev Bits: [0x000001675bb00000, 0x000001675f860000)
 Next Bits: [0x000001675f860000, 0x00000167635c0000)

Polling page: 0x0000016740600000

Metaspace:

Usage:
  Non-class:     19.24 MB capacity,    19.00 MB ( 99%) used,   192.02 KB ( <1%) free+waste,    59.44 KB ( <1%) overhead. 
      Class:      2.54 MB capacity,     2.33 MB ( 91%) used,   191.65 KB (  7%) free+waste,    31.69 KB (  1%) overhead. 
       Both:     21.79 MB capacity,    21.32 MB ( 98%) used,   383.66 KB (  2%) free+waste,    91.13 KB ( <1%) overhead. 

Virtual space:
  Non-class space:       20.00 MB reserved,      19.25 MB ( 96%) committed 
      Class space:        1.00 GB reserved,       2.63 MB ( <1%) committed 
             Both:        1.02 GB reserved,      21.88 MB (  2%) committed 

Chunk freelists:
   Non-Class:  8.00 KB
       Class:  19.00 KB
        Both:  27.00 KB

MaxMetaspaceSize: 17179869184.00 GB
CompressedClassSpaceSize: 1.00 GB

CodeHeap 'non-profiled nmethods': size=120000Kb used=561Kb max_used=561Kb free=119438Kb
 bounds [0x0000016752970000, 0x0000016752be0000, 0x0000016759ea0000]
CodeHeap 'profiled nmethods': size=120000Kb used=3265Kb max_used=3265Kb free=116735Kb
 bounds [0x000001674b440000, 0x000001674b780000, 0x0000016752970000]
CodeHeap 'non-nmethods': size=5760Kb used=1515Kb max_used=1529Kb free=4244Kb
 bounds [0x000001674aea0000, 0x000001674b110000, 0x000001674b440000]
 total_blobs=2762 nmethods=1725 adapters=948
 compilation: enabled
              stopped_count=0, restarted_count=0
 full_count=0

Compilation events (20 events):
Event: 1.754 Thread 0x0000016766c0f800 1717       4       org.lwjgl.system.MemoryAccess$MemoryAccessorUnsafe::access$200 (4 bytes)
Event: 1.754 Thread 0x0000016766c0f800 nmethod 1717 0x00000167529fc190 code [0x00000167529fc320, 0x00000167529fc378]
Event: 1.754 Thread 0x0000016766c0f800 1719       4       java.nio.DirectByteBuffer::ix (10 bytes)
Event: 1.754 Thread 0x0000016766c0f800 nmethod 1719 0x00000167529fc410 code [0x00000167529fc5a0, 0x00000167529fc618]
Event: 1.779 Thread 0x0000016766c62800 1722       3       sun.invoke.util.BytecodeDescriptor::unparseMethod (66 bytes)
Event: 1.780 Thread 0x0000016766c62800 nmethod 1722 0x000001674b768090 code [0x000001674b768300, 0x000001674b768bc8]
Event: 1.780 Thread 0x0000016766c62800 1721       3       java.lang.invoke.MemberName::isCallerSensitive (7 bytes)
Event: 1.780 Thread 0x0000016766c62800 nmethod 1721 0x000001674b768f90 code [0x000001674b769140, 0x000001674b769378]
Event: 1.780 Thread 0x0000016766c62800 1723       3       java.util.jar.JarFile$1::apply (9 bytes)
Event: 1.780 Thread 0x0000016766c62800 nmethod 1723 0x000001674b769490 code [0x000001674b769680, 0x000001674b769b48]
Event: 1.780 Thread 0x0000016766c62800 1724       3       java.util.jar.JarFile$1::apply (13 bytes)
Event: 1.780 Thread 0x0000016766c62800 nmethod 1724 0x000001674b769d10 code [0x000001674b769ee0, 0x000001674b76a228]
Event: 1.781 Thread 0x0000016766c62800 1725       3       java.util.zip.ZipUtils::CENSIZ (9 bytes)
Event: 1.781 Thread 0x0000016766c62800 nmethod 1725 0x000001674b76a390 code [0x000001674b76a560, 0x000001674b76a838]
Event: 1.781 Thread 0x0000016766c62800 1726       3       java.util.zip.ZipFile::getZipEntry (301 bytes)
Event: 1.782 Thread 0x0000016766c62800 nmethod 1726 0x000001674b76aa10 code [0x000001674b76ada0, 0x000001674b76ca48]
Event: 1.782 Thread 0x0000016766c62800 1727   !   3       java.util.zip.ZipFile::getInputStream (323 bytes)
Event: 1.782 Thread 0x0000016766c62800 nmethod 1727 0x000001674b76d510 code [0x000001674b76d880, 0x000001674b76f238]
Event: 1.782 Thread 0x0000016766c62800 1728       3       java.nio.ByteBuffer::clear (7 bytes)
Event: 1.783 Thread 0x0000016766c62800 nmethod 1728 0x000001674b770010 code [0x000001674b7701c0, 0x000001674b770338]

GC Heap History (4 events):
Event: 1.623 GC heap before
{Heap before GC invocations=0 (full 0):
 garbage-first heap   total 251904K, used 20480K [0x000000070a800000, 0x0000000800000000)
  region size 1024K, 19 young (19456K), 0 survivors (0K)
 Metaspace       used 18740K, capacity 19197K, committed 19328K, reserved 1067008K
  class space    used 2114K, capacity 2330K, committed 2432K, reserved 1048576K
}
Event: 1.630 GC heap after
{Heap after GC invocations=1 (full 1):
 garbage-first heap   total 27648K, used 5648K [0x000000070a800000, 0x0000000800000000)
  region size 1024K, 0 young (0K), 0 survivors (0K)
 Metaspace       used 18740K, capacity 19197K, committed 19328K, reserved 1067008K
  class space    used 2114K, capacity 2330K, committed 2432K, reserved 1048576K
}
Event: 1.630 GC heap before
{Heap before GC invocations=1 (full 1):
 garbage-first heap   total 27648K, used 5648K [0x000000070a800000, 0x0000000800000000)
  region size 1024K, 0 young (0K), 0 survivors (0K)
 Metaspace       used 18740K, capacity 19197K, committed 19328K, reserved 1067008K
  class space    used 2114K, capacity 2330K, committed 2432K, reserved 1048576K
}
Event: 1.638 GC heap after
{Heap after GC invocations=2 (full 2):
 garbage-first heap   total 20480K, used 5648K [0x000000070a800000, 0x0000000800000000)
  region size 1024K, 0 young (0K), 0 survivors (0K)
 Metaspace       used 18740K, capacity 19197K, committed 19328K, reserved 1067008K
  class space    used 2114K, capacity 2330K, committed 2432K, reserved 1048576K
}

Deoptimization events (20 events):
Event: 1.742 Thread 0x00000167427c3000 DEOPT PACKING pc=0x000001674b754dad sp=0x0000004c7e9fdf70
Event: 1.742 Thread 0x00000167427c3000 DEOPT UNPACKING pc=0x000001674aec754e sp=0x0000004c7e9fd3e8 mode 0
Event: 1.743 Thread 0x00000167427c3000 DEOPT PACKING pc=0x000001674b754dad sp=0x0000004c7e9fdf70
Event: 1.743 Thread 0x00000167427c3000 DEOPT UNPACKING pc=0x000001674aec754e sp=0x0000004c7e9fd3e8 mode 0
Event: 1.743 Thread 0x00000167427c3000 DEOPT PACKING pc=0x000001674b754dad sp=0x0000004c7e9fdf70
Event: 1.743 Thread 0x00000167427c3000 DEOPT UNPACKING pc=0x000001674aec754e sp=0x0000004c7e9fd3e8 mode 0
Event: 1.743 Thread 0x00000167427c3000 DEOPT PACKING pc=0x000001674b754dad sp=0x0000004c7e9fdf70
Event: 1.743 Thread 0x00000167427c3000 DEOPT UNPACKING pc=0x000001674aec754e sp=0x0000004c7e9fd3e8 mode 0
Event: 1.744 Thread 0x00000167427c3000 DEOPT PACKING pc=0x000001674b754dad sp=0x0000004c7e9fdf70
Event: 1.744 Thread 0x00000167427c3000 DEOPT UNPACKING pc=0x000001674aec754e sp=0x0000004c7e9fd3e8 mode 0
Event: 1.744 Thread 0x00000167427c3000 DEOPT PACKING pc=0x000001674b754dad sp=0x0000004c7e9fdf70
Event: 1.744 Thread 0x00000167427c3000 DEOPT UNPACKING pc=0x000001674aec754e sp=0x0000004c7e9fd3e8 mode 0
Event: 1.745 Thread 0x00000167427c3000 DEOPT PACKING pc=0x000001674b754dad sp=0x0000004c7e9fdf70
Event: 1.745 Thread 0x00000167427c3000 DEOPT UNPACKING pc=0x000001674aec754e sp=0x0000004c7e9fd3e8 mode 0
Event: 1.745 Thread 0x00000167427c3000 DEOPT PACKING pc=0x000001674b754dad sp=0x0000004c7e9fdf70
Event: 1.745 Thread 0x00000167427c3000 DEOPT UNPACKING pc=0x000001674aec754e sp=0x0000004c7e9fd3e8 mode 0
Event: 1.745 Thread 0x00000167427c3000 DEOPT PACKING pc=0x000001674b754dad sp=0x0000004c7e9fdf70
Event: 1.745 Thread 0x00000167427c3000 DEOPT UNPACKING pc=0x000001674aec754e sp=0x0000004c7e9fd3e8 mode 0
Event: 1.745 Thread 0x00000167427c3000 DEOPT PACKING pc=0x000001674b754dad sp=0x0000004c7e9fdf70
Event: 1.745 Thread 0x00000167427c3000 DEOPT UNPACKING pc=0x000001674aec754e sp=0x0000004c7e9fd3e8 mode 0

Classes redefined (0 events):
No events

Internal exceptions (20 events):
Event: 0.329 Thread 0x0000016767478000 Exception <a 'java/lang/NoSuchMethodError'{0x0000000719311cc8}: 'java.lang.Object java.lang.invoke.DirectMethodHandle$Holder.invokeStatic(java.lang.Object, int, java.lang.Object, java.lang.Object, java.lang.Object)'> (0x0000000719311cc8) thrown at [./src/hotspot/share/interpreter/linkResolver.cpp, line 773]
Event: 0.329 Thread 0x0000016767478000 Exception <a 'java/lang/NoSuchMethodError'{0x0000000719315810}: 'java.lang.Object java.lang.invoke.DirectMethodHandle$Holder.invokeSpecial(java.lang.Object, java.lang.Object, int, java.lang.Object, java.lang.Object, java.lang.Object)'> (0x0000000719315810) thrown at [./src/hotspot/share/interpreter/linkResolver.cpp, line 773]
Event: 0.330 Thread 0x0000016767478000 Exception <a 'java/lang/NoSuchMethodError'{0x000000071932d050}: 'java.lang.Object java.lang.invoke.DirectMethodHandle$Holder.invokeStatic(java.lang.Object, int, java.lang.Object)'> (0x000000071932d050) thrown at [./src/hotspot/share/interpreter/linkResolver.cpp, line 773]
Event: 0.342 Thread 0x0000016767478000 Exception <a 'java/lang/ClassNotFoundException'{0x00000007193d7900}: com/sun/swing/internal/plaf/metal/resources/spi/metalProvider> (0x00000007193d7900) thrown at [./src/hotspot/share/classfile/systemDictionary.cpp, line 231]
Event: 0.343 Thread 0x0000016767478000 Exception <a 'java/lang/ClassNotFoundException'{0x00000007193dbd10}: com/sun/swing/internal/plaf/basic/resources/spi/basicProvider> (0x00000007193dbd10) thrown at [./src/hotspot/share/classfile/systemDictionary.cpp, line 231]
Event: 0.369 Thread 0x0000016767478000 Exception <a 'java/lang/NoSuchMethodError'{0x00000007192a0288}: 'void java.lang.invoke.DirectMethodHandle$Holder.invokeStaticInit(java.lang.Object)'> (0x00000007192a0288) thrown at [./src/hotspot/share/interpreter/linkResolver.cpp, line 773]
Event: 0.374 Thread 0x0000016767478000 Exception <a 'java/lang/NoSuchMethodError'{0x00000007192f00d0}: 'java.lang.Object java.lang.invoke.DirectMethodHandle$Holder.invokeStatic(java.lang.Object, java.lang.Object, java.lang.Object, java.lang.Object, java.lang.Object, java.lang.Object, java.lang.Object, java.lang.Object, java.lang.Object, java.lang.Object, java.lang.Object, int)'> (0x00000007192f00d0) thrown at [./src/hotspot/share/interpreter/linkResolver.cpp, line 773]
Event: 0.375 Thread 0x0000016767478000 Exception <a 'java/lang/NoSuchMethodError'{0x000000071910e710}: 'java.lang.Object java.lang.invoke.DirectMethodHandle$Holder.invokeStatic(java.lang.Object, java.lang.Object, java.lang.Object, java.lang.Object, java.lang.Object, java.lang.Object, java.lang.Object, java.lang.Object, java.lang.Object, java.lang.Object, java.lang.Object, int, int)'> (0x000000071910e710) thrown at [./src/hotspot/share/interpreter/linkResolver.cpp, line 773]
Event: 0.376 Thread 0x0000016767478000 Exception <a 'java/lang/NoSuchMethodError'{0x000000071912d4a0}: 'java.lang.Object java.lang.invoke.DirectMethodHandle$Holder.invokeStatic(java.lang.Object, java.lang.Object, java.lang.Object, java.lang.Object, java.lang.Object, java.lang.Object, java.lang.Object, java.lang.Object, java.lang.Object, java.lang.Object, java.lang.Object, int, int, java.lang.Object)'> (0x000000071912d4a0) thrown at [./src/hotspot/share/interpreter/linkResolver.cpp, line 773]
Event: 0.376 Thread 0x0000016767478000 Exception <a 'java/lang/NoSuchMethodError'{0x000000071914d8f8}: 'java.lang.Object java.lang.invoke.DirectMethodHandle$Holder.invokeStatic(java.lang.Object, java.lang.Object, java.lang.Object, java.lang.Object, java.lang.Object, java.lang.Object, java.lang.Object, java.lang.Object, java.lang.Object, java.lang.Object, java.lang.Object, int, int, java.lang.Object, java.lang.Object)'> (0x000000071914d8f8) thrown at [./src/hotspot/share/interpreter/linkResolver.cpp, line 773]
Event: 0.381 Thread 0x0000016767478000 Exception <a 'java/lang/NoSuchMethodError'{0x00000007191c8238}: 'java.lang.Object java.lang.invoke.DirectMethodHandle$Holder.invokeStatic(java.lang.Object, java.lang.Object, java.lang.Object, java.lang.Object, java.lang.Object, java.lang.Object, java.lang.Object, java.lang.Object, java.lang.Object, java.lang.Object, java.lang.Object, java.lang.Object, java.lang.Object, int)'> (0x00000007191c8238) thrown at [./src/hotspot/share/interpreter/linkResolver.cpp, line 773]
Event: 0.382 Thread 0x0000016767478000 Exception <a 'java/lang/NoSuchMethodError'{0x00000007191d4988}: 'java.lang.Object java.lang.invoke.DirectMethodHandle$Holder.invokeStatic(java.lang.Object, java.lang.Object, java.lang.Object, java.lang.Object, java.lang.Object, java.lang.Object, java.lang.Object, java.lang.Object, java.lang.Object, java.lang.Object, java.lang.Object, java.lang.Object, java.lang.Object, int, int)'> (0x00000007191d4988) thrown at [./src/hotspot/share/interpreter/linkResolver.cpp, line 773]
Event: 0.386 Thread 0x0000016767478000 Exception <a 'java/lang/ClassNotFoundException'{0x00000007190283e8}: com/sun/java/swing/plaf/windows/resources/spi/windowsProvider> (0x00000007190283e8) thrown at [./src/hotspot/share/classfile/systemDictionary.cpp, line 231]
Event: 0.503 Thread 0x0000016767478000 Exception <a 'java/lang/NoSuchMethodError'{0x0000000718c18708}: 'java.lang.Object java.lang.invoke.Invokers$Holder.linkToTargetMethod(java.lang.Object, int, java.lang.Object)'> (0x0000000718c18708) thrown at [./src/hotspot/share/interpreter/linkResolver.cpp, line 773]
Event: 1.647 Thread 0x00000167427c3000 Exception <a 'java/lang/ClassNotFoundException'{0x000000070bbc3cb0}: sun/util/logging/resources/spi/loggingProvider> (0x000000070bbc3cb0) thrown at [./src/hotspot/share/classfile/systemDictionary.cpp, line 231]
Event: 1.663 Thread 0x00000167427c3000 Implicit null exception at 0x00000167529a91f4 to 0x00000167529a9718
Event: 1.663 Thread 0x00000167427c3000 Implicit null exception at 0x00000167529a8774 to 0x00000167529a8c70
Event: 1.700 Thread 0x00000167427c3000 Implicit null exception at 0x00000167529b26d0 to 0x00000167529b2b40
Event: 1.701 Thread 0x00000167427c3000 Exception <a 'java/lang/NoSuchMethodError'{0x000000070b8b2290}: 'void java.lang.invoke.DelegatingMethodHandle$Holder.delegate(java.lang.Object, java.lang.Object, int, java.lang.Object)'> (0x000000070b8b2290) thrown at [./src/hotspot/share/interpreter/linkResolver.cpp, line 773]
Event: 1.702 Thread 0x00000167427c3000 Exception <a 'java/lang/NoSuchMethodError'{0x000000070b8b96a8}: 'java.lang.Object java.lang.invoke.DirectMethodHandle$Holder.invokeStaticInit(java.lang.Object, java.lang.Object, java.lang.Object)'> (0x000000070b8b96a8) thrown at [./src/hotspot/share/interpreter/linkResolver.cpp, line 773]

Events (20 events):
Event: 1.738 loading class org/lwjgl/system/APIUtil$1
Event: 1.738 loading class org/lwjgl/system/APIUtil$1 done
Event: 1.738 loading class org/lwjgl/system/windows/WindowsLibrary
Event: 1.738 loading class org/lwjgl/system/windows/WindowsLibrary done
Event: 1.739 loading class org/lwjgl/system/SharedLibrary$Default
Event: 1.739 loading class org/lwjgl/system/SharedLibrary$Default done
Event: 1.739 loading class org/lwjgl/system/windows/WinBase
Event: 1.739 loading class org/lwjgl/system/windows/WinBase done
Event: 1.745 loading class org/lwjgl/glfw/GLFW$Functions
Event: 1.745 loading class org/lwjgl/glfw/GLFW$Functions done
Event: 1.748 loading class org/lwjgl/system/JNI
Event: 1.748 loading class org/lwjgl/system/JNI done
Event: 1.780 loading class org/lwjgl/glfw/GLFWVidMode
Event: 1.780 loading class org/lwjgl/glfw/GLFWVidMode done
Event: 1.780 loading class org/lwjgl/system/Struct$Member
Event: 1.780 loading class org/lwjgl/system/Struct$Member done
Event: 1.780 loading class org/lwjgl/system/Struct$Layout
Event: 1.780 loading class org/lwjgl/system/Struct$Layout done
Event: 1.781 loading class org/lwjgl/glfw/EventLoop$OffScreen
Event: 1.781 loading class org/lwjgl/glfw/EventLoop$OffScreen done


Dynamic libraries:
0x00007ff61b610000 - 0x00007ff61b61d000 	C:\Program Files\AdoptOpenJDK\jdk-11.0.9.11-hotspot\bin\javaw.exe
0x00007fff134a0000 - 0x00007fff13690000 	C:\WINDOWS\SYSTEM32\ntdll.dll
0x00007fff11f60000 - 0x00007fff12012000 	C:\WINDOWS\System32\KERNEL32.DLL
0x00007fff10980000 - 0x00007fff10c25000 	C:\WINDOWS\System32\KERNELBASE.dll
0x00007fff10850000 - 0x00007fff1094a000 	C:\WINDOWS\System32\ucrtbase.dll
0x00007fff06a20000 - 0x00007fff06a37000 	C:\Program Files\AdoptOpenJDK\jdk-11.0.9.11-hotspot\bin\jli.dll
0x00007fff0a290000 - 0x00007fff0a2a5000 	C:\Program Files\AdoptOpenJDK\jdk-11.0.9.11-hotspot\bin\VCRUNTIME140.dll
0x00007fff12300000 - 0x00007fff12494000 	C:\WINDOWS\System32\USER32.dll
0x00007fff01390000 - 0x00007fff01614000 	C:\WINDOWS\WinSxS\amd64_microsoft.windows.common-controls_6595b64144ccf1df_6.0.18362.1379_none_9e7ff3b3e45cc0c4\COMCTL32.dll
0x00007fff10950000 - 0x00007fff10971000 	C:\WINDOWS\System32\win32u.dll
0x00007fff130f0000 - 0x00007fff1318e000 	C:\WINDOWS\System32\msvcrt.dll
0x00007fff13210000 - 0x00007fff13236000 	C:\WINDOWS\System32\GDI32.dll
0x00007fff12db0000 - 0x00007fff130e7000 	C:\WINDOWS\System32\combase.dll
0x00007fff105a0000 - 0x00007fff10738000 	C:\WINDOWS\System32\gdi32full.dll
0x00007fff124a0000 - 0x00007fff125bf000 	C:\WINDOWS\System32\RPCRT4.dll
0x00007fff10c80000 - 0x00007fff10d1e000 	C:\WINDOWS\System32\msvcp_win.dll
0x00007fff10740000 - 0x00007fff107c1000 	C:\WINDOWS\System32\bcryptPrimitives.dll
0x00007fff127b0000 - 0x00007fff127de000 	C:\WINDOWS\System32\IMM32.DLL
0x00007ffefca60000 - 0x00007ffefcafb000 	C:\Program Files\AdoptOpenJDK\jdk-11.0.9.11-hotspot\bin\msvcp140.dll
0x00007ffeac740000 - 0x00007ffead283000 	C:\Program Files\AdoptOpenJDK\jdk-11.0.9.11-hotspot\bin\server\jvm.dll
0x00007fff11e00000 - 0x00007fff11ea3000 	C:\WINDOWS\System32\ADVAPI32.dll
0x00007fff11cb0000 - 0x00007fff11d47000 	C:\WINDOWS\System32\sechost.dll
0x00007fff126b0000 - 0x00007fff126b8000 	C:\WINDOWS\System32\PSAPI.DLL
0x00007fff08b20000 - 0x00007fff08b29000 	C:\WINDOWS\SYSTEM32\WSOCK32.dll
0x00007fff0b4e0000 - 0x00007fff0b4ea000 	C:\WINDOWS\SYSTEM32\VERSION.dll
0x00007fff081b0000 - 0x00007fff081d4000 	C:\WINDOWS\SYSTEM32\WINMM.dll
0x00007fff11550000 - 0x00007fff115bf000 	C:\WINDOWS\System32\WS2_32.dll
0x00007fff08180000 - 0x00007fff081ad000 	C:\WINDOWS\SYSTEM32\WINMMBASE.dll
0x00007fff10c30000 - 0x00007fff10c7a000 	C:\WINDOWS\System32\cfgmgr32.dll
0x00007fff10360000 - 0x00007fff10371000 	C:\WINDOWS\System32\kernel.appcore.dll
0x00007ffeff4d0000 - 0x00007ffeff4e0000 	C:\Program Files\AdoptOpenJDK\jdk-11.0.9.11-hotspot\bin\verify.dll
0x00007fff0e900000 - 0x00007fff0eaf4000 	C:\WINDOWS\SYSTEM32\DBGHELP.DLL
0x00007fff08620000 - 0x00007fff0864a000 	C:\WINDOWS\SYSTEM32\dbgcore.DLL
0x00007ffeef370000 - 0x00007ffeef398000 	C:\Program Files\AdoptOpenJDK\jdk-11.0.9.11-hotspot\bin\java.dll
0x00007ffef25a0000 - 0x00007ffef25aa000 	C:\Program Files\AdoptOpenJDK\jdk-11.0.9.11-hotspot\bin\jimage.dll
0x00007ffeedb60000 - 0x00007ffeedb77000 	C:\Program Files\AdoptOpenJDK\jdk-11.0.9.11-hotspot\bin\zip.dll
0x00007fff115c0000 - 0x00007fff11ca8000 	C:\WINDOWS\System32\SHELL32.dll
0x00007fff11eb0000 - 0x00007fff11f57000 	C:\WINDOWS\System32\shcore.dll
0x00007fff10d20000 - 0x00007fff1149b000 	C:\WINDOWS\System32\windows.storage.dll
0x00007fff103f0000 - 0x00007fff10413000 	C:\WINDOWS\System32\profapi.dll
0x00007fff10380000 - 0x00007fff103ca000 	C:\WINDOWS\System32\powrprof.dll
0x00007fff10350000 - 0x00007fff10360000 	C:\WINDOWS\System32\UMPDC.dll
0x00007fff12740000 - 0x00007fff12792000 	C:\WINDOWS\System32\shlwapi.dll
0x00007fff107d0000 - 0x00007fff107e7000 	C:\WINDOWS\System32\cryptsp.dll
0x00007ffeedb40000 - 0x00007ffeedb59000 	C:\Program Files\AdoptOpenJDK\jdk-11.0.9.11-hotspot\bin\net.dll
0x00007fff0bc30000 - 0x00007fff0bd20000 	C:\WINDOWS\SYSTEM32\WINHTTP.dll
0x00007fff0fb30000 - 0x00007fff0fb97000 	C:\WINDOWS\system32\mswsock.dll
0x00007ffeed490000 - 0x00007ffeed4a2000 	C:\Program Files\AdoptOpenJDK\jdk-11.0.9.11-hotspot\bin\nio.dll
0x00007ffef8170000 - 0x00007ffef8309000 	C:\Program Files\AdoptOpenJDK\jdk-11.0.9.11-hotspot\bin\awt.dll
0x00007fff12230000 - 0x00007fff122f5000 	C:\WINDOWS\System32\OLEAUT32.dll
0x00007fff0cbe0000 - 0x00007fff0cc6f000 	C:\WINDOWS\SYSTEM32\apphelp.dll
0x00007fff0d5b0000 - 0x00007fff0d649000 	C:\WINDOWS\system32\uxtheme.dll
0x00007fff120f0000 - 0x00007fff12225000 	C:\WINDOWS\System32\MSCTF.dll
0x00007fff127e0000 - 0x00007fff12937000 	C:\WINDOWS\System32\ole32.dll
0x00007fff0d6a0000 - 0x00007fff0d6cd000 	C:\WINDOWS\system32\DWMAPI.DLL
0x00007ffee27b0000 - 0x00007ffee2906000 	C:\WINDOWS\system32\opengl32.dll
0x00007ffeed7e0000 - 0x00007ffeed80c000 	C:\WINDOWS\SYSTEM32\GLU32.dll
0x00007fff0efa0000 - 0x00007fff0efc0000 	C:\WINDOWS\SYSTEM32\dxcore.dll
0x00007ffef1250000 - 0x00007ffef1417000 	C:\WINDOWS\system32\d3d9.dll
0x00007ffef5bc0000 - 0x00007ffef5cae000 	C:\WINDOWS\System32\DriverStore\FileRepository\nvhdc.inf_amd64_641b900991c063c6\nvldumdx.dll
0x00007fff10420000 - 0x00007fff1056a000 	C:\WINDOWS\System32\crypt32.dll
0x00007fff103d0000 - 0x00007fff103e2000 	C:\WINDOWS\System32\MSASN1.dll
0x00007fff107f0000 - 0x00007fff1084c000 	C:\WINDOWS\System32\WINTRUST.DLL
0x00007fff13190000 - 0x00007fff131ad000 	C:\WINDOWS\System32\imagehlp.dll
0x00007fff0f440000 - 0x00007fff0f473000 	C:\WINDOWS\system32\rsaenh.dll
0x00007fff10570000 - 0x00007fff10596000 	C:\WINDOWS\System32\bcrypt.dll
0x00007fff0fd00000 - 0x00007fff0fd0c000 	C:\WINDOWS\SYSTEM32\CRYPTBASE.dll
0x00007ffee2e60000 - 0x00007ffee4221000 	C:\WINDOWS\System32\DriverStore\FileRepository\nvhdc.inf_amd64_641b900991c063c6\nvd3dumx.dll
0x00007fff0cda0000 - 0x00007fff0cda9000 	C:\Program Files\AdoptOpenJDK\jdk-11.0.9.11-hotspot\bin\prefs.dll
0x00007ffefc980000 - 0x00007ffefca02000 	C:\Program Files\AdoptOpenJDK\jdk-11.0.9.11-hotspot\bin\freetype.dll
0x00007ffef80c0000 - 0x00007ffef8166000 	C:\Program Files\AdoptOpenJDK\jdk-11.0.9.11-hotspot\bin\fontmanager.dll
0x00007ffef7c70000 - 0x00007ffef7d0d000 	C:\WINDOWS\System32\TextInputFramework.dll
0x00007ffef8950000 - 0x00007ffef8c7a000 	C:\WINDOWS\System32\CoreUIComponents.dll
0x00007fff0c660000 - 0x00007fff0c734000 	C:\WINDOWS\System32\CoreMessaging.dll
0x00007fff0ef30000 - 0x00007fff0ef61000 	C:\WINDOWS\SYSTEM32\ntmarta.dll
0x00007fff089c0000 - 0x00007fff08b12000 	C:\WINDOWS\SYSTEM32\wintypes.dll
0x00007fff09640000 - 0x00007fff098e7000 	C:\WINDOWS\System32\iertutil.dll
0x00007ffeeed40000 - 0x00007ffeeef12000 	C:\Users\loopnels162\git\ics4u_loop_nelson_162\bulletjme.dll
0x00007ffef28b0000 - 0x00007ffef290b000 	C:\Users\loopnels162\AppData\Local\Temp\lwjglLoopNels162\3.1.6-build-14\lwjgl.dll
0x00007ffeef0e0000 - 0x00007ffeef131000 	C:\Users\LOOPNE~1\AppData\Local\Temp\lwjglLoopNels162\3.1.6-build-14\glfw.dll
0x00007fff00790000 - 0x00007fff007d3000 	C:\WINDOWS\SYSTEM32\dinput8.dll
0x00007fff06770000 - 0x00007fff06781000 	C:\WINDOWS\SYSTEM32\xinput1_4.dll
0x00007fff10130000 - 0x00007fff1015a000 	C:\WINDOWS\SYSTEM32\DEVOBJ.dll
0x00007ffef7b50000 - 0x00007ffef7c6c000 	C:\WINDOWS\SYSTEM32\inputhost.dll
0x00007fff0b2d0000 - 0x00007fff0b3c0000 	C:\WINDOWS\SYSTEM32\PROPSYS.dll
0x00007fff0de80000 - 0x00007fff0de8e000 	C:\WINDOWS\SYSTEM32\HID.DLL
0x00007fff12940000 - 0x00007fff12db0000 	C:\WINDOWS\System32\SETUPAPI.DLL
0x0000000068a80000 - 0x000000006b13f000 	C:\WINDOWS\System32\DriverStore\FileRepository\nvhdc.inf_amd64_641b900991c063c6\nvoglv64.dll
0x00007fff0cc70000 - 0x00007fff0cc83000 	C:\WINDOWS\SYSTEM32\WTSAPI32.dll
0x00007fff0fd90000 - 0x00007fff0fde6000 	C:\WINDOWS\SYSTEM32\WINSTA.dll

dbghelp: loaded successfully - version: 4.0.5 - missing functions: none
symbol engine: initialized successfully - sym options: 0x614 - pdb path: .;C:\Program Files\AdoptOpenJDK\jdk-11.0.9.11-hotspot\bin;C:\WINDOWS\SYSTEM32;C:\WINDOWS\WinSxS\amd64_microsoft.windows.common-controls_6595b64144ccf1df_6.0.18362.1379_none_9e7ff3b3e45cc0c4;C:\Program Files\AdoptOpenJDK\jdk-11.0.9.11-hotspot\bin\server;C:\WINDOWS\System32\DriverStore\FileRepository\nvhdc.inf_amd64_641b900991c063c6;C:\Users\loopnels162\git\ics4u_loop_nelson_162;C:\Users\loopnels162\AppData\Local\Temp\lwjglLoopNels162\3.1.6-build-14;C:\Users\LOOPNE~1\AppData\Local\Temp\lwjglLoopNels162\3.1.6-build-14

VM Arguments:
jvm_args: -Dfile.encoding=Cp1252 
java_command: nelsoncca.CCAProject
java_class_path (initial): C:\Users\loopnels162\git\ics4u_loop_nelson_162\target\classes;C:\Users\loopnels162\.m2\repository\org\jmonkeyengine\jme3-core\3.2.2-stable\jme3-core-3.2.2-stable.jar;C:\Users\loopnels162\.m2\repository\org\jmonkeyengine\jme3-desktop\3.2.2-stable\jme3-desktop-3.2.2-stable.jar;C:\Users\loopnels162\.m2\repository\org\jmonkeyengine\jme3-lwjgl3\3.2.2-stable\jme3-lwjgl3-3.2.2-stable.jar;C:\Users\loopnels162\.m2\repository\org\lwjgl\lwjgl\3.1.6\lwjgl-3.1.6.jar;C:\Users\loopnels162\.m2\repository\org\lwjgl\lwjgl-glfw\3.1.6\lwjgl-glfw-3.1.6.jar;C:\Users\loopnels162\.m2\repository\org\lwjgl\lwjgl-jemalloc\3.1.6\lwjgl-jemalloc-3.1.6.jar;C:\Users\loopnels162\.m2\repository\org\lwjgl\lwjgl-openal\3.1.6\lwjgl-openal-3.1.6.jar;C:\Users\loopnels162\.m2\repository\org\lwjgl\lwjgl-opencl\3.1.6\lwjgl-opencl-3.1.6.jar;C:\Users\loopnels162\.m2\repository\org\lwjgl\lwjgl-opengl\3.1.6\lwjgl-opengl-3.1.6.jar;C:\Users\loopnels162\.m2\repository\org\lwjgl\lwjgl\3.1.6\lwjgl-3.1.6-natives-windows.jar;C:\Users\loopnels162\.m2\repository\org\lwjgl\lwjgl\3.1.6\lwjgl-3.1.6-natives-linux.jar;C:\Users\loopnels162\.m2\repository\org\lwjgl\lwjgl\3.1.6\lwjgl-3.1.6-natives-macos.jar;C:\Users\loopnels162\.m2\repository\org\lwjgl\lwjgl-glfw\3.1.6\lwjgl-glfw-3.1.6-natives-windows.jar;C:\Users\loopnels162\.m2\repository\org\lwjgl\lwjgl-glfw\3.1.6\lwjgl-glfw-3.1.6-natives-linux.jar;C:\Users\loopnels162\.m2\repository\org\lwjgl\lwjgl-glfw\3.1.6\lwjgl-glfw-3.1.6-natives-macos.jar;C:\Users\loopnels162\.m2\repository\org\lwjgl\lwjgl-jemalloc\3.1.6\lwjgl-jemalloc-3.1.6-natives-windows.jar;C:\Users\loopnels162\.m2\repository\org\lwjgl\lwjgl-jemalloc\3.1.6\lwjgl-jemalloc-3.1.6-natives-linux.jar;C:\Users\loopnels162\.m2\repository\org\lwjgl\lwjgl-jemalloc\3.1.6\lwjgl-jemalloc-3.1.6-natives-macos.jar;C:\Users\loopnels162\.m2\repository\org\lwjgl\lwjgl-opengl\3.1.6\lwjgl-opengl-3.1.6-natives-windows.jar;C:\Users\loopnels162\.m2\repository\org\lwjgl\lwjgl-opengl\3.1.6\lwjgl-opengl-3.1.6-nat
Launcher Type: SUN_STANDARD

[Global flags]
     intx CICompilerCount                          = 4                                         {product} {ergonomic}
     uint ConcGCThreads                            = 3                                         {product} {ergonomic}
     uint G1ConcRefinementThreads                  = 10                                        {product} {ergonomic}
   size_t G1HeapRegionSize                         = 1048576                                   {product} {ergonomic}
    uintx GCDrainStackTargetSize                   = 64                                        {product} {ergonomic}
   size_t InitialHeapSize                          = 257949696                                 {product} {ergonomic}
   size_t MarkStackSize                            = 4194304                                   {product} {ergonomic}
   size_t MaxHeapSize                              = 4118806528                                {product} {ergonomic}
   size_t MaxNewSize                               = 2470445056                                {product} {ergonomic}
   size_t MinHeapDeltaBytes                        = 1048576                                   {product} {ergonomic}
    uintx NonNMethodCodeHeapSize                   = 5836300                                {pd product} {ergonomic}
    uintx NonProfiledCodeHeapSize                  = 122910970                              {pd product} {ergonomic}
    uintx ProfiledCodeHeapSize                     = 122910970                              {pd product} {ergonomic}
    uintx ReservedCodeCacheSize                    = 251658240                              {pd product} {ergonomic}
     bool SegmentedCodeCache                       = true                                      {product} {ergonomic}
     bool UseCompressedClassPointers               = true                                 {lp64_product} {ergonomic}
     bool UseCompressedOops                        = true                                 {lp64_product} {ergonomic}
     bool UseG1GC                                  = true                                      {product} {ergonomic}
     bool UseLargePagesIndividualAllocation        = false                                  {pd product} {ergonomic}

Logging:
Log output configuration:
 #0: stdout all=warning uptime,level,tags
 #1: stderr all=off uptime,level,tags

Environment Variables:
JAVA_HOME=C:\Program Files\AdoptOpenJDK\jdk-11.0.9.11-hotspot
PATH=C:/Program Files/AdoptOpenJDK/jdk-11.0.9.11-hotspot/bin/client;C:/Program Files/AdoptOpenJDK/jdk-11.0.9.11-hotspot/bin;C:\Program Files\AdoptOpenJDK\jdk-11.0.9.11-hotspot\bin;C:\WINDOWS\system32;C:\WINDOWS;C:\WINDOWS\System32\Wbem;C:\WINDOWS\System32\WindowsPowerShell\v1.0\;C:\WINDOWS\System32\OpenSSH\;C:\WINDOWS\system32\config\systemprofile\AppData\Local\Microsoft\WindowsApps;C:\ProgramData\MinGW\bin;C:\ProgramData\MinGW\msys\1.0\bin;c:\Program Files (x86)\Microsoft SQL Server\100\Tools\Binn\;c:\Program Files\Microsoft SQL Server\100\Tools\Binn\;c:\Program Files\Microsoft SQL Server\100\DTS\Binn\;C:\Users\loopnels162\AppData\Local\Microsoft\WindowsApps;;C:\WINDOWS\system32;
USERNAME=LoopNels162
OS=Windows_NT
PROCESSOR_IDENTIFIER=Intel64 Family 6 Model 158 Stepping 10, GenuineIntel



---------------  S Y S T E M  ---------------

OS: Windows 10 , 64 bit Build 18362 (10.0.18362.1350)
OS uptime: 0 days 4:42 hours

CPU:total 12 (initial active 12) (6 cores per cpu, 2 threads per core) family 6 model 158 stepping 10, cmov, cx8, fxsr, mmx, sse, sse2, sse3, ssse3, sse4.1, sse4.2, popcnt, avx, avx2, aes, clmul, erms, rtm, 3dnowpref, lzcnt, ht, tsc, tscinvbit, bmi1, bmi2, adx, fma

Memory: 4k page, system-wide physical 15710M (9860M free)
TotalPageFile size 18142M (AvailPageFile size 10916M)
current process WorkingSet (physical memory assigned to process): 135M, peak: 135M
current process commit charge ("private bytes"): 206M, peak: 408M

vm_info: OpenJDK 64-Bit Server VM (11.0.9+11) for windows-amd64 JRE (11.0.9+11), built on Oct 24 2020 15:15:35 by "" with MS VC++ 15.9 (VS2017)

END.
