#
# A fatal error has been detected by the Java Runtime Environment:
#
#  EXCEPTION_ACCESS_VIOLATION (0xc0000005) at pc=0x00000000575c3111, pid=4556, tid=3052
#
# JRE version: OpenJDK Runtime Environment AdoptOpenJDK (11.0.9+11) (build 11.0.9+11)
# Java VM: OpenJDK 64-Bit Server VM AdoptOpenJDK (11.0.9+11, mixed mode, tiered, compressed oops, g1 gc, windows-amd64)
# Problematic frame:
# C  [nvoglv64.dll+0x833111]
#
# No core dump will be written. Minidumps are not enabled by default on client versions of Windows
#
# If you would like to submit a bug report, please visit:
#   https://github.com/AdoptOpenJDK/openjdk-support/issues
# The crash happened outside the Java Virtual Machine in native code.
# See problematic frame for where to report the bug.
#

---------------  S U M M A R Y ------------

Command Line: -Dfile.encoding=Cp1252 nelsoncca.CCAProject2

Host: Intel(R) Core(TM) i7-8700 CPU @ 3.20GHz, 12 cores, 15G,  Windows 10 , 64 bit Build 18362 (10.0.18362.1350)
Time: Wed Mar 24 11:06:22 2021 Eastern Daylight Time elapsed time: 5.840321 seconds (0d 0h 0m 5s)

---------------  T H R E A D  ---------------

Current thread (0x00000233105f0800):  JavaThread "main" [_thread_in_native, id=3052, stack(0x00000042e4c00000,0x00000042e4d00000)]

Stack: [0x00000042e4c00000,0x00000042e4d00000],  sp=0x00000042e4cfe890,  free space=1018k
Native frames: (J=compiled Java code, j=interpreted, Vv=VM code, C=native code)
C  [nvoglv64.dll+0x833111]

Java frames: (J=compiled Java code, j=interpreted, Vv=VM code)
j  org.lwjgl.system.JNI.invokePPPP(IIJJJJ)J+0
j  org.lwjgl.glfw.GLFW.nglfwCreateWindow(IIJJJ)J+14
j  org.lwjgl.glfw.GLFW.glfwCreateWindow(IILjava/lang/CharSequence;JJ)J+37
j  com.jme3.system.lwjgl.LwjglWindow.createContext(Lcom/jme3/system/AppSettings;)V+314
j  com.jme3.system.lwjgl.LwjglWindow.initInThread()Z+34
j  com.jme3.system.lwjgl.LwjglWindow.run()V+32
j  com.jme3.system.lwjgl.LwjglWindow.create(Z)V+27
j  com.jme3.app.LegacyApplication.start(Lcom/jme3/system/JmeContext$Type;Z)V+92
j  com.jme3.app.LegacyApplication.start()V+5
j  com.jme3.app.SimpleApplication.start()V+51
j  nelsoncca.CCAProject2.main([Ljava/lang/String;)V+39
v  ~StubRoutines::call_stub

siginfo: EXCEPTION_ACCESS_VIOLATION (0xc0000005), reading address 0x0000000000000004


Register to memory mapping:

RIP=0x00000000575c3111 nvoglv64.dll
RAX=0x0 is NULL
RBX=0x0 is NULL
RCX=0x00000233418a4080 points into unknown readable memory: 00 00 00 00 00 00 00 00
RDX=0x0000000000000002 is an unknown value
RSP=0x00000042e4cfe890 is pointing into the stack for thread: 0x00000233105f0800
RBP=0x0 is NULL
RSI=0x0000023343001080 points into unknown readable memory: 00 00 00 00 00 00 00 00
RDI=0x00000233418a4080 points into unknown readable memory: 00 00 00 00 00 00 00 00
R8 =0x00000042e4cfe783 is pointing into the stack for thread: 0x00000233105f0800
R9 =0x000000007ffef000 points into unknown readable memory: 48 61 6c 54 00 00 00 00
R10=0x00000000546c6148 is an unknown value
R11=0xfffffffff7f1af25 is an unknown value
R12=0x000000007a0112b5 is an unknown value
R13=0x0000000000000001 is an unknown value
R14=0x0 is NULL
R15=0x0000000000000002 is an unknown value


Registers:
RAX=0x0000000000000000, RBX=0x0000000000000000, RCX=0x00000233418a4080, RDX=0x0000000000000002
RSP=0x00000042e4cfe890, RBP=0x0000000000000000, RSI=0x0000023343001080, RDI=0x00000233418a4080
R8 =0x00000042e4cfe783, R9 =0x000000007ffef000, R10=0x00000000546c6148, R11=0xfffffffff7f1af25
R12=0x000000007a0112b5, R13=0x0000000000000001, R14=0x0000000000000000, R15=0x0000000000000002
RIP=0x00000000575c3111, EFLAGS=0x0000000000010246

Top of Stack: (sp=0x00000042e4cfe890)
0x00000042e4cfe890:   00000233418a4080 0000000057841768
0x00000042e4cfe8a0:   00007ff860845030 00000233418a4080
0x00000042e4cfe8b0:   000000000007b368 00000233418a4080
0x00000042e4cfe8c0:   000000000007b368 0000000057827ddb
0x00000042e4cfe8d0:   0000000000000000 00007ff860845030
0x00000042e4cfe8e0:   00000042e4cfe9d8 00007ff860845030
0x00000042e4cfe8f0:   00007ff800000001 00007ff8923c7170
0x00000042e4cfe900:   0000023336907d40 00007ff89542f381
0x00000042e4cfe910:   0000000000000000 0000000000000000
0x00000042e4cfe920:   00000042e4cfe9d8 0000000000000000
0x00000042e4cfe930:   00000233410f1d00 0000000000000bec
0x00000042e4cfe940:   00007ff860946000 00007ff860946a90
0x00000042e4cfe950:   0000000000020000 00007ff86084528b
0x00000042e4cfe960:   000000007a0112b5 0000023336bef340
0x00000042e4cfe970:   00007ff860845030 0000000000000000
0x00000042e4cfe980:   0000000000020000 0000000000000007 

Instructions: (pc=0x00000000575c3111)
0x00000000575c3011:   38 c6 01 c6 43 4a 01 e8 d3 d8 ff ff 48 8b 43 58
0x00000000575c3021:   65 48 89 04 25 48 12 00 00 48 8b 4b 58 48 81 c1
0x00000000575c3031:   08 02 00 00 e8 d6 08 00 00 48 8b 4b 58 48 81 c1
0x00000000575c3041:   98 01 00 00 e8 c6 08 00 00 48 8b 4b 58 48 81 c1
0x00000000575c3051:   78 02 00 00 e8 b6 08 00 00 48 8b 53 58 83 82 18
0x00000000575c3061:   39 54 00 01 75 2a 45 33 c0 48 8d 8a 28 18 00 00
0x00000000575c3071:   41 8b c0 ff c0 44 89 01 48 8d 89 90 0a 00 00 3d
0x00000000575c3081:   f7 07 00 00 72 ed c7 82 18 39 54 00 01 00 00 00
0x00000000575c3091:   8b 82 18 39 54 00 40 b7 01 89 82 98 0d 00 00 40
0x00000000575c30a1:   0f b6 c7 48 8b 5c 24 30 48 83 c4 20 5f c3 cc 48
0x00000000575c30b1:   85 d2 74 0d 33 c0 83 ba 00 01 00 00 13 48 0f 47
0x00000000575c30c1:   d0 48 89 91 40 ed 54 00 48 89 91 80 ed 54 00 e9
0x00000000575c30d1:   7b eb 57 00 cc cc cc cc cc cc cc cc cc cc cc 40
0x00000000575c30e1:   56 57 48 83 ec 28 48 8b b1 80 ed 54 00 48 8b f9
0x00000000575c30f1:   48 85 f6 0f 84 73 05 00 00 48 8b 86 b8 fb 05 00
0x00000000575c3101:   48 89 6c 24 48 48 8b 2e 4c 89 74 24 50 45 33 f6
0x00000000575c3111:   44 8b 40 04 ff 81 18 39 54 00 4c 89 7c 24 20 44
0x00000000575c3121:   39 b1 18 39 54 00 75 27 41 8b c6 48 81 c1 28 18
0x00000000575c3131:   00 00 ff c0 44 89 31 48 8d 89 90 0a 00 00 3d f7
0x00000000575c3141:   07 00 00 72 ed c7 87 18 39 54 00 01 00 00 00 8b
0x00000000575c3151:   87 18 39 54 00 48 8d 8f 98 0d 00 00 89 01 48 8b
0x00000000575c3161:   87 e8 02 00 00 44 39 40 04 74 53 45 85 c0 74 32
0x00000000575c3171:   b8 6f 45 21 01 41 8b c8 41 f7 e0 41 8b c0 2b c2
0x00000000575c3181:   d1 e8 03 c2 c1 e8 0a 69 c0 f7 07 00 00 2b c8 8b
0x00000000575c3191:   c1 48 69 c8 90 0a 00 00 48 81 c1 28 18 00 00 48
0x00000000575c31a1:   03 cf 48 89 8f e8 02 00 00 c7 81 88 0a 00 00 01
0x00000000575c31b1:   00 00 00 48 8b 87 e8 02 00 00 44 89 40 04 4c 8b
0x00000000575c31c1:   87 e8 02 00 00 48 8d 97 1c 39 54 00 48 8d 8e 00
0x00000000575c31d1:   c9 05 00 e8 f7 da ff ff 48 8b 8f e8 02 00 00 48
0x00000000575c31e1:   8b d7 8b 87 18 39 54 00 89 01 48 8b ce 0f 10 86
0x00000000575c31f1:   04 23 05 00 0f 11 87 38 39 54 00 0f 10 8e 14 23
0x00000000575c3201:   05 00 0f 11 8f 48 39 54 00 f2 0f 10 86 24 23 05 


Stack slot to memory mapping:
stack at sp + 0 slots: 0x00000233418a4080 points into unknown readable memory: 00 00 00 00 00 00 00 00
stack at sp + 1 slots: 0x0000000057841768 nvoglv64.dll
stack at sp + 2 slots: 0x00007ff860845030 opengl32.dll
stack at sp + 3 slots: 0x00000233418a4080 points into unknown readable memory: 00 00 00 00 00 00 00 00
stack at sp + 4 slots: 0x000000000007b368 is an unknown value
stack at sp + 5 slots: 0x00000233418a4080 points into unknown readable memory: 00 00 00 00 00 00 00 00
stack at sp + 6 slots: 0x000000000007b368 is an unknown value
stack at sp + 7 slots: 0x0000000057827ddb nvoglv64.dll


---------------  P R O C E S S  ---------------

Threads class SMR info:
_java_thread_list=0x000002333c7ee110, length=18, elements={
0x00000233105f0800, 0x00000233368f3000, 0x00000233368fc800, 0x0000023336964800,
0x0000023336966000, 0x0000023336967800, 0x0000023336975000, 0x000002333691d000,
0x0000023336b04000, 0x0000023336af3000, 0x000002333721a800, 0x0000023337141800,
0x0000023337136000, 0x0000023337186800, 0x000002333c6f7000, 0x000002333c5fb000,
0x000002333c298800, 0x000002333c2d3800
}

Java Threads: ( => current thread )
=>0x00000233105f0800 JavaThread "main" [_thread_in_native, id=3052, stack(0x00000042e4c00000,0x00000042e4d00000)]
  0x00000233368f3000 JavaThread "Reference Handler" daemon [_thread_blocked, id=8264, stack(0x00000042e5300000,0x00000042e5400000)]
  0x00000233368fc800 JavaThread "Finalizer" daemon [_thread_blocked, id=6324, stack(0x00000042e5400000,0x00000042e5500000)]
  0x0000023336964800 JavaThread "Signal Dispatcher" daemon [_thread_blocked, id=3300, stack(0x00000042e5500000,0x00000042e5600000)]
  0x0000023336966000 JavaThread "Attach Listener" daemon [_thread_blocked, id=10860, stack(0x00000042e5600000,0x00000042e5700000)]
  0x0000023336967800 JavaThread "C2 CompilerThread0" daemon [_thread_blocked, id=9560, stack(0x00000042e5700000,0x00000042e5800000)]
  0x0000023336975000 JavaThread "C1 CompilerThread0" daemon [_thread_blocked, id=12120, stack(0x00000042e5800000,0x00000042e5900000)]
  0x000002333691d000 JavaThread "Sweeper thread" daemon [_thread_blocked, id=11000, stack(0x00000042e5900000,0x00000042e5a00000)]
  0x0000023336b04000 JavaThread "Service Thread" daemon [_thread_blocked, id=8308, stack(0x00000042e5a00000,0x00000042e5b00000)]
  0x0000023336af3000 JavaThread "Common-Cleaner" daemon [_thread_blocked, id=6496, stack(0x00000042e5c00000,0x00000042e5d00000)]
  0x000002333721a800 JavaThread "Java2D Disposer" daemon [_thread_blocked, id=5660, stack(0x00000042e5d00000,0x00000042e5e00000)]
  0x0000023337141800 JavaThread "AWT-Shutdown" [_thread_blocked, id=9960, stack(0x00000042e5e00000,0x00000042e5f00000)]
  0x0000023337136000 JavaThread "AWT-Windows" daemon [_thread_in_native, id=9640, stack(0x00000042e5f00000,0x00000042e6000000)]
  0x0000023337186800 JavaThread "AWT-EventQueue-0" [_thread_blocked, id=10380, stack(0x00000042e6100000,0x00000042e6200000)]
  0x000002333c6f7000 JavaThread "Image Fetcher 0" daemon [_thread_blocked, id=1072, stack(0x00000042e6300000,0x00000042e6400000)]
  0x000002333c5fb000 JavaThread "D3D Screen Updater" daemon [_thread_blocked, id=8816, stack(0x00000042e6400000,0x00000042e6500000)]
  0x000002333c298800 JavaThread "TimerQueue" daemon [_thread_blocked, id=6176, stack(0x00000042e6500000,0x00000042e6600000)]
  0x000002333c2d3800 JavaThread "C2 CompilerThread1" daemon [_thread_blocked, id=11708, stack(0x00000042e6900000,0x00000042e6a00000)]

Other Threads:
  0x000002333603d000 VMThread "VM Thread" [stack: 0x00000042e5200000,0x00000042e5300000] [id=4956]
  0x0000023336b09000 WatcherThread [stack: 0x00000042e5b00000,0x00000042e5c00000] [id=3056]
  0x0000023310607800 GCTaskThread "GC Thread#0" [stack: 0x00000042e4d00000,0x00000042e4e00000] [id=7056]
  0x000002333c323000 GCTaskThread "GC Thread#1" [stack: 0x00000042e6000000,0x00000042e6100000] [id=11820]
  0x000002333c323800 GCTaskThread "GC Thread#2" [stack: 0x00000042e6600000,0x00000042e6700000] [id=6652]
  0x000002333c324800 GCTaskThread "GC Thread#3" [stack: 0x00000042e6700000,0x00000042e6800000] [id=8040]
  0x00000233371b7800 GCTaskThread "GC Thread#4" [stack: 0x00000042e6800000,0x00000042e6900000] [id=11236]
  0x0000023310664800 ConcurrentGCThread "G1 Main Marker" [stack: 0x00000042e4e00000,0x00000042e4f00000] [id=10760]
  0x0000023310665800 ConcurrentGCThread "G1 Conc#0" [stack: 0x00000042e4f00000,0x00000042e5000000] [id=7728]
  0x0000023335f2d000 ConcurrentGCThread "G1 Refine#0" [stack: 0x00000042e5000000,0x00000042e5100000] [id=9572]
  0x0000023335f2f000 ConcurrentGCThread "G1 Young RemSet Sampling" [stack: 0x00000042e5100000,0x00000042e5200000] [id=2548]

Threads with active compile tasks:

VM state:not at safepoint (normal execution)

VM Mutex/Monitor currently owned by a thread: None

Heap address: 0x000000070a800000, size: 3928 MB, Compressed Oops mode: Zero based, Oop shift amount: 3
Narrow klass base: 0x0000000800000000, Narrow klass shift: 0
Compressed class space size: 1073741824 Address: 0x0000000800000000

Heap:
 garbage-first heap   total 24576K, used 11029K [0x000000070a800000, 0x0000000800000000)
  region size 1024K, 6 young (6144K), 0 survivors (0K)
 Metaspace       used 22073K, capacity 22622K, committed 22912K, reserved 1069056K
  class space    used 2384K, capacity 2650K, committed 2688K, reserved 1048576K
Heap Regions: E=young(eden), S=young(survivor), O=old, HS=humongous(starts), HC=humongous(continues), CS=collection set, F=free, A=archive, TAMS=top-at-mark-start (previous, next)
|   0|0x000000070a800000, 0x000000070a900000, 0x000000070a900000|100%|HS|  |TAMS 0x000000070a800000, 0x000000070a800000| Untracked 
|   1|0x000000070a900000, 0x000000070aa00000, 0x000000070aa00000|100%|HC|  |TAMS 0x000000070a900000, 0x000000070a900000| Untracked 
|   2|0x000000070aa00000, 0x000000070aaffff0, 0x000000070ab00000| 99%| O|  |TAMS 0x000000070aa00000, 0x000000070aa00000| Untracked 
|   3|0x000000070ab00000, 0x000000070abffea8, 0x000000070ac00000| 99%| O|  |TAMS 0x000000070ab00000, 0x000000070ab00000| Untracked 
|   4|0x000000070ac00000, 0x000000070ac9a4b0, 0x000000070ad00000| 60%| O|  |TAMS 0x000000070ac00000, 0x000000070ac00000| Untracked 
|   5|0x000000070ad00000, 0x000000070adffff8, 0x000000070ae00000| 99%| O|  |TAMS 0x000000070ad00000, 0x000000070ad00000| Untracked 
|   6|0x000000070ae00000, 0x000000070ae2b4b0, 0x000000070af00000| 16%| O|  |TAMS 0x000000070ae00000, 0x000000070ae00000| Untracked 
|   7|0x000000070af00000, 0x000000070af00000, 0x000000070b000000|  0%| F|  |TAMS 0x000000070af00000, 0x000000070af00000| Untracked 
|   8|0x000000070b000000, 0x000000070b000000, 0x000000070b100000|  0%| F|  |TAMS 0x000000070b000000, 0x000000070b000000| Untracked 
|   9|0x000000070b100000, 0x000000070b100000, 0x000000070b200000|  0%| F|  |TAMS 0x000000070b100000, 0x000000070b100000| Untracked 
|  10|0x000000070b200000, 0x000000070b200000, 0x000000070b300000|  0%| F|  |TAMS 0x000000070b200000, 0x000000070b200000| Untracked 
|  11|0x000000070b300000, 0x000000070b300000, 0x000000070b400000|  0%| F|  |TAMS 0x000000070b300000, 0x000000070b300000| Untracked 
|  12|0x000000070b400000, 0x000000070b400000, 0x000000070b500000|  0%| F|  |TAMS 0x000000070b400000, 0x000000070b400000| Untracked 
|  13|0x000000070b500000, 0x000000070b500000, 0x000000070b600000|  0%| F|  |TAMS 0x000000070b500000, 0x000000070b500000| Untracked 
|  14|0x000000070b600000, 0x000000070b600000, 0x000000070b700000|  0%| F|  |TAMS 0x000000070b600000, 0x000000070b600000| Untracked 
|  15|0x000000070b700000, 0x000000070b700000, 0x000000070b800000|  0%| F|  |TAMS 0x000000070b700000, 0x000000070b700000| Untracked 
|  16|0x000000070b800000, 0x000000070b800000, 0x000000070b900000|  0%| F|  |TAMS 0x000000070b800000, 0x000000070b800000| Untracked 
|  17|0x000000070b900000, 0x000000070b900000, 0x000000070ba00000|  0%| F|  |TAMS 0x000000070b900000, 0x000000070b900000| Untracked 
|  18|0x000000070ba00000, 0x000000070ba4d3f8, 0x000000070bb00000| 30%| E|  |TAMS 0x000000070ba00000, 0x000000070ba00000| Complete 
|  19|0x000000070bb00000, 0x000000070bc00000, 0x000000070bc00000|100%| E|CS|TAMS 0x000000070bb00000, 0x000000070bb00000| Complete 
|  20|0x000000070bc00000, 0x000000070bd00000, 0x000000070bd00000|100%| E|CS|TAMS 0x000000070bc00000, 0x000000070bc00000| Complete 
| 113|0x0000000711900000, 0x0000000711a00000, 0x0000000711a00000|100%| E|CS|TAMS 0x0000000711900000, 0x0000000711900000| Complete 
| 126|0x0000000712600000, 0x0000000712700000, 0x0000000712700000|100%| E|CS|TAMS 0x0000000712600000, 0x0000000712600000| Complete 
| 127|0x0000000712700000, 0x0000000712800000, 0x0000000712800000|100%| E|CS|TAMS 0x0000000712700000, 0x0000000712700000| Complete 

Card table byte_map: [0x000002332a8b0000,0x000002332b060000] _byte_map_base: 0x000002332705c000

Marking Bits (Prev, Next): (CMBitMap*) 0x0000023310653158, (CMBitMap*) 0x0000023310653190
 Prev Bits: [0x000002332b810000, 0x000002332f570000)
 Next Bits: [0x000002332f570000, 0x00000233332d0000)

Polling page: 0x0000023310350000

Metaspace:

Usage:
  Non-class:     19.50 MB capacity,    19.23 MB ( 99%) used,   222.79 KB (  1%) free+waste,    60.81 KB ( <1%) overhead. 
      Class:      2.59 MB capacity,     2.33 MB ( 90%) used,   232.72 KB (  9%) free+waste,    32.56 KB (  1%) overhead. 
       Both:     22.09 MB capacity,    21.56 MB ( 98%) used,   455.51 KB (  2%) free+waste,    93.38 KB ( <1%) overhead. 

Virtual space:
  Non-class space:       20.00 MB reserved,      19.75 MB ( 99%) committed 
      Class space:        1.00 GB reserved,       2.63 MB ( <1%) committed 
             Both:        1.02 GB reserved,      22.38 MB (  2%) committed 

Chunk freelists:
   Non-Class:  60.00 KB
       Class:  6.00 KB
        Both:  66.00 KB

MaxMetaspaceSize: 17179869184.00 GB
CompressedClassSpaceSize: 1.00 GB

CodeHeap 'non-profiled nmethods': size=120000Kb used=593Kb max_used=593Kb free=119406Kb
 bounds [0x0000023321f50000, 0x00000233221c0000, 0x0000023329480000]
CodeHeap 'profiled nmethods': size=120000Kb used=3374Kb max_used=3374Kb free=116625Kb
 bounds [0x000002331aa20000, 0x000002331ad70000, 0x0000023321f50000]
CodeHeap 'non-nmethods': size=5760Kb used=1565Kb max_used=1579Kb free=4194Kb
 bounds [0x000002331a480000, 0x000002331a6f0000, 0x000002331aa20000]
 total_blobs=2868 nmethods=1758 adapters=1021
 compilation: enabled
              stopped_count=0, restarted_count=0
 full_count=0

Compilation events (20 events):
Event: 5.461 Thread 0x0000023336975000 nmethod 1748 0x000002331ad63390 code [0x000002331ad635e0, 0x000002331ad64108]
Event: 5.461 Thread 0x0000023336975000 1749       3       sun.nio.ch.Util::isBufferTooLarge (15 bytes)
Event: 5.461 Thread 0x0000023336975000 nmethod 1749 0x000002331ad64510 code [0x000002331ad646c0, 0x000002331ad64818]
Event: 5.464 Thread 0x0000023336975000 1750       3       java.security.CodeSource::getCertificates (98 bytes)
Event: 5.465 Thread 0x0000023336975000 nmethod 1750 0x000002331ad64890 code [0x000002331ad64b00, 0x000002331ad65698]
Event: 5.465 Thread 0x0000023336975000 1753       3       sun.misc.Unsafe::putInt (11 bytes)
Event: 5.465 Thread 0x0000023336975000 nmethod 1753 0x000002331ad65990 code [0x000002331ad65b40, 0x000002331ad65c38]
Event: 5.465 Thread 0x0000023336975000 1752       3       java.lang.Integer::toUnsignedLong (7 bytes)
Event: 5.465 Thread 0x0000023336975000 nmethod 1752 0x000002331ad65d10 code [0x000002331ad65ec0, 0x000002331ad65fb8]
Event: 5.465 Thread 0x0000023336975000 1754       3       org.lwjgl.system.MemoryUtil::encodeASCII (66 bytes)
Event: 5.465 Thread 0x0000023336975000 nmethod 1754 0x000002331ad66090 code [0x000002331ad662a0, 0x000002331ad66838]
Event: 5.465 Thread 0x0000023336975000 1755       1       org.lwjgl.system.Pointer$Default::address (5 bytes)
Event: 5.465 Thread 0x0000023336975000 nmethod 1755 0x0000023321fe2a90 code [0x0000023321fe2c40, 0x0000023321fe2cf8]
Event: 5.472 Thread 0x0000023336967800 nmethod 1747 0x0000023321fe2d90 code [0x0000023321fe2f60, 0x0000023321fe3a98]
Event: 5.493 Thread 0x0000023336975000 1757       3       java.util.zip.ZipFile::getZipEntry (301 bytes)
Event: 5.494 Thread 0x0000023336975000 nmethod 1757 0x000002331ad66a90 code [0x000002331ad66e20, 0x000002331ad68ac8]
Event: 5.494 Thread 0x0000023336975000 1759  s    3       jdk.internal.loader.Resource::cachedInputStream (20 bytes)
Event: 5.494 Thread 0x0000023336975000 nmethod 1759 0x000002331ad69590 code [0x000002331ad69760, 0x000002331ad69b68]
Event: 5.494 Thread 0x0000023336975000 1758       3       sun.net.util.URLUtil::urlNoFragString (114 bytes)
Event: 5.495 Thread 0x0000023336975000 nmethod 1758 0x000002331ad69c10 code [0x000002331ad69f60, 0x000002331ad6b228]

GC Heap History (4 events):
Event: 5.340 GC heap before
{Heap before GC invocations=0 (full 0):
 garbage-first heap   total 251904K, used 21504K [0x000000070a800000, 0x0000000800000000)
  region size 1024K, 21 young (21504K), 0 survivors (0K)
 Metaspace       used 19575K, capacity 20075K, committed 20096K, reserved 1067008K
  class space    used 2181K, capacity 2412K, committed 2432K, reserved 1048576K
}
Event: 5.351 GC heap after
{Heap after GC invocations=1 (full 1):
 garbage-first heap   total 24576K, used 5909K [0x000000070a800000, 0x0000000800000000)
  region size 1024K, 0 young (0K), 0 survivors (0K)
 Metaspace       used 19575K, capacity 20075K, committed 20096K, reserved 1067008K
  class space    used 2181K, capacity 2412K, committed 2432K, reserved 1048576K
}
Event: 5.351 GC heap before
{Heap before GC invocations=1 (full 1):
 garbage-first heap   total 24576K, used 5909K [0x000000070a800000, 0x0000000800000000)
  region size 1024K, 0 young (0K), 0 survivors (0K)
 Metaspace       used 19575K, capacity 20075K, committed 20096K, reserved 1067008K
  class space    used 2181K, capacity 2412K, committed 2432K, reserved 1048576K
}
Event: 5.358 GC heap after
{Heap after GC invocations=2 (full 2):
 garbage-first heap   total 24576K, used 5909K [0x000000070a800000, 0x0000000800000000)
  region size 1024K, 0 young (0K), 0 survivors (0K)
 Metaspace       used 19575K, capacity 20075K, committed 20096K, reserved 1067008K
  class space    used 2181K, capacity 2412K, committed 2432K, reserved 1048576K
}

Deoptimization events (20 events):
Event: 5.418 Thread 0x00000233105f0800 DEOPT PACKING pc=0x0000023321f8fee4 sp=0x00000042e4cfaa20
Event: 5.418 Thread 0x00000233105f0800 DEOPT UNPACKING pc=0x000002331a4a772f sp=0x00000042e4cfa9c0 mode 2
Event: 5.419 Thread 0x00000233105f0800 Uncommon trap: trap_request=0xffffffde fr.pc=0x0000023321fabffc relative=0x00000000000022fc
Event: 5.419 Thread 0x00000233105f0800 Uncommon trap: reason=class_check action=maybe_recompile pc=0x0000023321fabffc method=java.lang.invoke.InvokerBytecodeGenerator.emitPushArgument(Ljava/lang/Class;Ljava/lang/Object;)V @ 6 c2
Event: 5.419 Thread 0x00000233105f0800 DEOPT PACKING pc=0x0000023321fabffc sp=0x00000042e4cfaae0
Event: 5.419 Thread 0x00000233105f0800 DEOPT UNPACKING pc=0x000002331a4a772f sp=0x00000042e4cfaac8 mode 2
Event: 5.419 Thread 0x00000233105f0800 Uncommon trap: trap_request=0xffffff4d fr.pc=0x0000023321fabd3c relative=0x000000000000203c
Event: 5.419 Thread 0x00000233105f0800 Uncommon trap: reason=unstable_if action=reinterpret pc=0x0000023321fabd3c method=java.lang.invoke.InvokerBytecodeGenerator.getInternalName(Ljava/lang/Class;)Ljava/lang/String; @ 12 c2
Event: 5.419 Thread 0x00000233105f0800 DEOPT PACKING pc=0x0000023321fabd3c sp=0x00000042e4cfab00
Event: 5.419 Thread 0x00000233105f0800 DEOPT UNPACKING pc=0x000002331a4a772f sp=0x00000042e4cfa980 mode 2
Event: 5.423 Thread 0x00000233105f0800 DEOPT PACKING pc=0x000002331aa7815b sp=0x00000042e4cfbcf0
Event: 5.423 Thread 0x00000233105f0800 DEOPT UNPACKING pc=0x000002331a4a754e sp=0x00000042e4cfb190 mode 0
Event: 5.434 Thread 0x00000233105f0800 Uncommon trap: trap_request=0xffffff4d fr.pc=0x0000023321fe0e5c relative=0x000000000000003c
Event: 5.434 Thread 0x00000233105f0800 Uncommon trap: reason=unstable_if action=reinterpret pc=0x0000023321fe0e5c method=sun.nio.fs.WindowsPathParser.isSlash(C)Z @ 9 c2
Event: 5.434 Thread 0x00000233105f0800 DEOPT PACKING pc=0x0000023321fe0e5c sp=0x00000042e4cfbd10
Event: 5.434 Thread 0x00000233105f0800 DEOPT UNPACKING pc=0x000002331a4a772f sp=0x00000042e4cfbc98 mode 2
Event: 5.493 Thread 0x00000233105f0800 Uncommon trap: trap_request=0xffffffcc fr.pc=0x0000023321fe0380 relative=0x00000000000002c0
Event: 5.493 Thread 0x00000233105f0800 Uncommon trap: reason=intrinsic_or_type_checked_inlining action=make_not_entrant pc=0x0000023321fe0380 method=java.util.Arrays.copyOf([Ljava/lang/Object;ILjava/lang/Class;)[Ljava/lang/Object; @ 35 c2
Event: 5.493 Thread 0x00000233105f0800 DEOPT PACKING pc=0x0000023321fe0380 sp=0x00000042e4cfe510
Event: 5.493 Thread 0x00000233105f0800 DEOPT UNPACKING pc=0x000002331a4a772f sp=0x00000042e4cfe4a0 mode 2

Classes redefined (0 events):
No events

Internal exceptions (20 events):
Event: 3.501 Thread 0x0000023337186800 Exception <a 'java/lang/NoSuchMethodError'{0x0000000719074640}: 'java.lang.Object java.lang.invoke.DirectMethodHandle$Holder.invokeStatic(java.lang.Object, java.lang.Object, java.lang.Object, java.lang.Object, java.lang.Object, java.lang.Object, java.lang.Object, java.lang.Object, java.lang.Object, java.lang.Object, java.lang.Object, int)'> (0x0000000719074640) thrown at [./src/hotspot/share/interpreter/linkResolver.cpp, line 773]
Event: 3.502 Thread 0x0000023337186800 Exception <a 'java/lang/NoSuchMethodError'{0x0000000719092a38}: 'java.lang.Object java.lang.invoke.DirectMethodHandle$Holder.invokeStatic(java.lang.Object, java.lang.Object, java.lang.Object, java.lang.Object, java.lang.Object, java.lang.Object, java.lang.Object, java.lang.Object, java.lang.Object, java.lang.Object, java.lang.Object, int, int)'> (0x0000000719092a38) thrown at [./src/hotspot/share/interpreter/linkResolver.cpp, line 773]
Event: 3.502 Thread 0x0000023337186800 Exception <a 'java/lang/NoSuchMethodError'{0x00000007190b17c8}: 'java.lang.Object java.lang.invoke.DirectMethodHandle$Holder.invokeStatic(java.lang.Object, java.lang.Object, java.lang.Object, java.lang.Object, java.lang.Object, java.lang.Object, java.lang.Object, java.lang.Object, java.lang.Object, java.lang.Object, java.lang.Object, int, int, java.lang.Object)'> (0x00000007190b17c8) thrown at [./src/hotspot/share/interpreter/linkResolver.cpp, line 773]
Event: 3.503 Thread 0x0000023337186800 Exception <a 'java/lang/NoSuchMethodError'{0x00000007190d1c20}: 'java.lang.Object java.lang.invoke.DirectMethodHandle$Holder.invokeStatic(java.lang.Object, java.lang.Object, java.lang.Object, java.lang.Object, java.lang.Object, java.lang.Object, java.lang.Object, java.lang.Object, java.lang.Object, java.lang.Object, java.lang.Object, int, int, java.lang.Object, java.lang.Object)'> (0x00000007190d1c20) thrown at [./src/hotspot/share/interpreter/linkResolver.cpp, line 773]
Event: 3.508 Thread 0x0000023337186800 Exception <a 'java/lang/NoSuchMethodError'{0x0000000718f4ca20}: 'java.lang.Object java.lang.invoke.DirectMethodHandle$Holder.invokeStatic(java.lang.Object, java.lang.Object, java.lang.Object, java.lang.Object, java.lang.Object, java.lang.Object, java.lang.Object, java.lang.Object, java.lang.Object, java.lang.Object, java.lang.Object, java.lang.Object, java.lang.Object, int)'> (0x0000000718f4ca20) thrown at [./src/hotspot/share/interpreter/linkResolver.cpp, line 773]
Event: 3.508 Thread 0x0000023337186800 Exception <a 'java/lang/NoSuchMethodError'{0x0000000718f591d0}: 'java.lang.Object java.lang.invoke.DirectMethodHandle$Holder.invokeStatic(java.lang.Object, java.lang.Object, java.lang.Object, java.lang.Object, java.lang.Object, java.lang.Object, java.lang.Object, java.lang.Object, java.lang.Object, java.lang.Object, java.lang.Object, java.lang.Object, java.lang.Object, int, int)'> (0x0000000718f591d0) thrown at [./src/hotspot/share/interpreter/linkResolver.cpp, line 773]
Event: 3.513 Thread 0x0000023337186800 Exception <a 'java/lang/ClassNotFoundException'{0x0000000718fac548}: com/sun/java/swing/plaf/windows/resources/spi/windowsProvider> (0x0000000718fac548) thrown at [./src/hotspot/share/classfile/systemDictionary.cpp, line 231]
Event: 3.626 Thread 0x0000023337186800 Exception <a 'java/lang/NoSuchMethodError'{0x0000000718b2e5f8}: 'java.lang.Object java.lang.invoke.Invokers$Holder.linkToTargetMethod(java.lang.Object, int, java.lang.Object)'> (0x0000000718b2e5f8) thrown at [./src/hotspot/share/interpreter/linkResolver.cpp, line 773]
Event: 5.368 Thread 0x00000233105f0800 Exception <a 'java/lang/ClassNotFoundException'{0x00000007127e8120}: sun/util/logging/resources/spi/loggingProvider> (0x00000007127e8120) thrown at [./src/hotspot/share/classfile/systemDictionary.cpp, line 231]
Event: 5.377 Thread 0x00000233105f0800 Implicit null exception at 0x0000023321f95d94 to 0x0000023321f96394
Event: 5.377 Thread 0x00000233105f0800 Implicit null exception at 0x0000023321f8a814 to 0x0000023321f8ae00
Event: 5.418 Thread 0x00000233105f0800 Implicit null exception at 0x0000023321f97dd0 to 0x0000023321f98240
Event: 5.419 Thread 0x00000233105f0800 Exception <a 'java/lang/NoSuchMethodError'{0x000000070bccdd88}: 'void java.lang.invoke.DelegatingMethodHandle$Holder.delegate(java.lang.Object, java.lang.Object, int, java.lang.Object)'> (0x000000070bccdd88) thrown at [./src/hotspot/share/interpreter/linkResolver.cpp, line 773]
Event: 5.419 Thread 0x00000233105f0800 Exception <a 'java/lang/NoSuchMethodError'{0x000000070bcd53f0}: 'java.lang.Object java.lang.invoke.DirectMethodHandle$Holder.invokeStaticInit(java.lang.Object, java.lang.Object, java.lang.Object)'> (0x000000070bcd53f0) thrown at [./src/hotspot/share/interpreter/linkResolver.cpp, line 773]
Event: 5.435 Thread 0x00000233105f0800 Exception <a 'sun/nio/fs/WindowsException'{0x000000070bb0d5f8}> (0x000000070bb0d5f8) thrown at [./src/hotspot/share/prims/jni.cpp, line 615]
Event: 5.435 Thread 0x00000233105f0800 Exception <a 'sun/nio/fs/WindowsException'{0x000000070bb0db88}> (0x000000070bb0db88) thrown at [./src/hotspot/share/prims/jni.cpp, line 615]
Event: 5.447 Thread 0x00000233105f0800 Exception <a 'sun/nio/fs/WindowsException'{0x000000070bb807d0}> (0x000000070bb807d0) thrown at [./src/hotspot/share/prims/jni.cpp, line 615]
Event: 5.447 Thread 0x00000233105f0800 Exception <a 'sun/nio/fs/WindowsException'{0x000000070bb80ba8}> (0x000000070bb80ba8) thrown at [./src/hotspot/share/prims/jni.cpp, line 615]
Event: 5.462 Thread 0x00000233105f0800 Exception <a 'sun/nio/fs/WindowsException'{0x000000070ba11918}> (0x000000070ba11918) thrown at [./src/hotspot/share/prims/jni.cpp, line 615]
Event: 5.462 Thread 0x00000233105f0800 Exception <a 'sun/nio/fs/WindowsException'{0x000000070ba11cc0}> (0x000000070ba11cc0) thrown at [./src/hotspot/share/prims/jni.cpp, line 615]

Events (20 events):
Event: 5.451 loading class org/lwjgl/system/JNI
Event: 5.451 loading class org/lwjgl/system/JNI done
Event: 5.456 loading class org/lwjgl/system/dyncall/DynCallback
Event: 5.456 loading class org/lwjgl/system/dyncall/DynCallback done
Event: 5.456 loading class org/lwjgl/glfw/GLFW
Event: 5.456 loading class org/lwjgl/glfw/GLFW done
Event: 5.457 loading class org/lwjgl/glfw/GLFWImage$Buffer
Event: 5.457 loading class org/lwjgl/glfw/GLFWImage$Buffer done
Event: 5.457 loading class org/lwjgl/system/StructBuffer
Event: 5.457 loading class org/lwjgl/system/StructBuffer done
Event: 5.464 loading class org/lwjgl/glfw/GLFW$Functions
Event: 5.464 loading class org/lwjgl/glfw/GLFW$Functions done
Event: 5.492 loading class org/lwjgl/glfw/GLFWVidMode
Event: 5.492 loading class org/lwjgl/glfw/GLFWVidMode done
Event: 5.493 loading class org/lwjgl/system/Struct$Member
Event: 5.493 loading class org/lwjgl/system/Struct$Member done
Event: 5.493 loading class org/lwjgl/system/Struct$Layout
Event: 5.493 loading class org/lwjgl/system/Struct$Layout done
Event: 5.493 loading class org/lwjgl/glfw/EventLoop$OffScreen
Event: 5.493 loading class org/lwjgl/glfw/EventLoop$OffScreen done


Dynamic libraries:
0x00007ff619040000 - 0x00007ff61904d000 	C:\Program Files\AdoptOpenJDK\jdk-11.0.9.11-hotspot\bin\javaw.exe
0x00007ff895400000 - 0x00007ff8955f0000 	C:\WINDOWS\SYSTEM32\ntdll.dll
0x00007ff8941f0000 - 0x00007ff8942a2000 	C:\WINDOWS\System32\KERNEL32.DLL
0x00007ff892370000 - 0x00007ff892615000 	C:\WINDOWS\System32\KERNELBASE.dll
0x00007ff8893f0000 - 0x00007ff889407000 	C:\Program Files\AdoptOpenJDK\jdk-11.0.9.11-hotspot\bin\jli.dll
0x00007ff8933b0000 - 0x00007ff8934aa000 	C:\WINDOWS\System32\ucrtbase.dll
0x00007ff889460000 - 0x00007ff889475000 	C:\Program Files\AdoptOpenJDK\jdk-11.0.9.11-hotspot\bin\VCRUNTIME140.dll
0x00007ff893db0000 - 0x00007ff893f44000 	C:\WINDOWS\System32\USER32.dll
0x00007ff880320000 - 0x00007ff8805a4000 	C:\WINDOWS\WinSxS\amd64_microsoft.windows.common-controls_6595b64144ccf1df_6.0.18362.1440_none_9e7dbfb9e45e8e67\COMCTL32.dll
0x00007ff893110000 - 0x00007ff893131000 	C:\WINDOWS\System32\win32u.dll
0x00007ff894360000 - 0x00007ff8943fe000 	C:\WINDOWS\System32\msvcrt.dll
0x00007ff894020000 - 0x00007ff894046000 	C:\WINDOWS\System32\GDI32.dll
0x00007ff894af0000 - 0x00007ff894e26000 	C:\WINDOWS\System32\combase.dll
0x00007ff892f70000 - 0x00007ff893108000 	C:\WINDOWS\System32\gdi32full.dll
0x00007ff8950a0000 - 0x00007ff8951bf000 	C:\WINDOWS\System32\RPCRT4.dll
0x00007ff892700000 - 0x00007ff89279e000 	C:\WINDOWS\System32\msvcp_win.dll
0x00007ff8931a0000 - 0x00007ff893221000 	C:\WINDOWS\System32\bcryptPrimitives.dll
0x00007ff8944a0000 - 0x00007ff8944ce000 	C:\WINDOWS\System32\IMM32.DLL
0x00007ff888480000 - 0x00007ff88851b000 	C:\Program Files\AdoptOpenJDK\jdk-11.0.9.11-hotspot\bin\msvcp140.dll
0x00007ff83cb70000 - 0x00007ff83d6b3000 	C:\Program Files\AdoptOpenJDK\jdk-11.0.9.11-hotspot\bin\server\jvm.dll
0x00007ff895310000 - 0x00007ff8953b3000 	C:\WINDOWS\System32\ADVAPI32.dll
0x00007ff8942b0000 - 0x00007ff894347000 	C:\WINDOWS\System32\sechost.dll
0x00007ff894350000 - 0x00007ff894358000 	C:\WINDOWS\System32\PSAPI.DLL
0x00007ff883cd0000 - 0x00007ff883cf4000 	C:\WINDOWS\SYSTEM32\WINMM.dll
0x00007ff88dda0000 - 0x00007ff88ddaa000 	C:\WINDOWS\SYSTEM32\VERSION.dll
0x00007ff882700000 - 0x00007ff882709000 	C:\WINDOWS\SYSTEM32\WSOCK32.dll
0x00007ff894180000 - 0x00007ff8941ef000 	C:\WINDOWS\System32\WS2_32.dll
0x00007ff883ca0000 - 0x00007ff883ccd000 	C:\WINDOWS\SYSTEM32\winmmbase.dll
0x00007ff892f20000 - 0x00007ff892f6a000 	C:\WINDOWS\System32\cfgmgr32.dll
0x00007ff8922e0000 - 0x00007ff8922f1000 	C:\WINDOWS\System32\kernel.appcore.dll
0x00007ff86d720000 - 0x00007ff86d730000 	C:\Program Files\AdoptOpenJDK\jdk-11.0.9.11-hotspot\bin\verify.dll
0x00007ff890790000 - 0x00007ff890984000 	C:\WINDOWS\SYSTEM32\DBGHELP.DLL
0x00007ff881bc0000 - 0x00007ff881bea000 	C:\WINDOWS\SYSTEM32\dbgcore.DLL
0x00007ff8531b0000 - 0x00007ff8531d8000 	C:\Program Files\AdoptOpenJDK\jdk-11.0.9.11-hotspot\bin\java.dll
0x00007ff869550000 - 0x00007ff86955a000 	C:\Program Files\AdoptOpenJDK\jdk-11.0.9.11-hotspot\bin\jimage.dll
0x00007ff86e610000 - 0x00007ff86e627000 	C:\Program Files\AdoptOpenJDK\jdk-11.0.9.11-hotspot\bin\zip.dll
0x00007ff893610000 - 0x00007ff893cf8000 	C:\WINDOWS\System32\SHELL32.dll
0x00007ff894050000 - 0x00007ff8940f7000 	C:\WINDOWS\System32\shcore.dll
0x00007ff8927a0000 - 0x00007ff892f1b000 	C:\WINDOWS\System32\windows.storage.dll
0x00007ff8922c0000 - 0x00007ff8922de000 	C:\WINDOWS\System32\profapi.dll
0x00007ff892320000 - 0x00007ff89236a000 	C:\WINDOWS\System32\powrprof.dll
0x00007ff8922b0000 - 0x00007ff8922c0000 	C:\WINDOWS\System32\UMPDC.dll
0x00007ff894fe0000 - 0x00007ff895032000 	C:\WINDOWS\System32\shlwapi.dll
0x00007ff893390000 - 0x00007ff8933a7000 	C:\WINDOWS\System32\cryptsp.dll
0x00007ff86e5f0000 - 0x00007ff86e609000 	C:\Program Files\AdoptOpenJDK\jdk-11.0.9.11-hotspot\bin\net.dll
0x00007ff88d690000 - 0x00007ff88d78a000 	C:\WINDOWS\SYSTEM32\WINHTTP.dll
0x00007ff891a90000 - 0x00007ff891af7000 	C:\WINDOWS\system32\mswsock.dll
0x00007ff865ce0000 - 0x00007ff865cf2000 	C:\Program Files\AdoptOpenJDK\jdk-11.0.9.11-hotspot\bin\nio.dll
0x00007ff87f770000 - 0x00007ff87f909000 	C:\Program Files\AdoptOpenJDK\jdk-11.0.9.11-hotspot\bin\awt.dll
0x00007ff895240000 - 0x00007ff895305000 	C:\WINDOWS\System32\OLEAUT32.dll
0x00007ff88f7a0000 - 0x00007ff88f82f000 	C:\WINDOWS\SYSTEM32\apphelp.dll
0x00007ff88ff00000 - 0x00007ff88ff99000 	C:\WINDOWS\system32\uxtheme.dll
0x00007ff894540000 - 0x00007ff894675000 	C:\WINDOWS\System32\MSCTF.dll
0x00007ff8934b0000 - 0x00007ff893607000 	C:\WINDOWS\System32\ole32.dll
0x00007ff890320000 - 0x00007ff89034d000 	C:\WINDOWS\system32\DWMAPI.DLL
0x00007ff860820000 - 0x00007ff860976000 	C:\WINDOWS\system32\opengl32.dll
0x00007ff860110000 - 0x00007ff86013c000 	C:\WINDOWS\SYSTEM32\GLU32.dll
0x00007ff890d90000 - 0x00007ff890db0000 	C:\WINDOWS\SYSTEM32\dxcore.dll
0x00007ff865a00000 - 0x00007ff865bc7000 	C:\WINDOWS\system32\d3d9.dll
0x00007ff878ae0000 - 0x00007ff878bce000 	C:\WINDOWS\System32\DriverStore\FileRepository\nvhdc.inf_amd64_641b900991c063c6\nvldumdx.dll
0x00007ff893230000 - 0x00007ff893381000 	C:\WINDOWS\System32\crypt32.dll
0x00007ff892300000 - 0x00007ff892312000 	C:\WINDOWS\System32\MSASN1.dll
0x00007ff893140000 - 0x00007ff89319c000 	C:\WINDOWS\System32\WINTRUST.DLL
0x00007ff894480000 - 0x00007ff89449d000 	C:\WINDOWS\System32\imagehlp.dll
0x00007ff8913a0000 - 0x00007ff8913d3000 	C:\WINDOWS\system32\rsaenh.dll
0x00007ff892620000 - 0x00007ff892646000 	C:\WINDOWS\System32\bcrypt.dll
0x00007ff891c60000 - 0x00007ff891c6c000 	C:\WINDOWS\SYSTEM32\CRYPTBASE.dll
0x00007ff85e2c0000 - 0x00007ff85f681000 	C:\WINDOWS\System32\DriverStore\FileRepository\nvhdc.inf_amd64_641b900991c063c6\nvd3dumx.dll
0x00007ff889450000 - 0x00007ff889459000 	C:\Program Files\AdoptOpenJDK\jdk-11.0.9.11-hotspot\bin\prefs.dll
0x00007ff8878c0000 - 0x00007ff887942000 	C:\Program Files\AdoptOpenJDK\jdk-11.0.9.11-hotspot\bin\freetype.dll
0x00007ff87ee30000 - 0x00007ff87eed6000 	C:\Program Files\AdoptOpenJDK\jdk-11.0.9.11-hotspot\bin\fontmanager.dll
0x00007ff878cb0000 - 0x00007ff878d4d000 	C:\WINDOWS\System32\TextInputFramework.dll
0x00007ff88f590000 - 0x00007ff88f664000 	C:\WINDOWS\System32\CoreMessaging.dll
0x00007ff87a530000 - 0x00007ff87a85a000 	C:\WINDOWS\System32\CoreUIComponents.dll
0x00007ff890d50000 - 0x00007ff890d81000 	C:\WINDOWS\SYSTEM32\ntmarta.dll
0x00007ff886810000 - 0x00007ff886962000 	C:\WINDOWS\SYSTEM32\wintypes.dll
0x00007ff884060000 - 0x00007ff884307000 	C:\WINDOWS\System32\iertutil.dll
0x00007ff859320000 - 0x00007ff85957d000 	C:\Users\loopnels162\git\ics4u_loop_nelson_162\bulletjme.dll
0x00007ff887dd0000 - 0x00007ff887e34000 	C:\Users\loopnels162\AppData\Local\Temp\lwjglLoopNels162\3.2.3-build-13\lwjgl.dll
0x00007ff852e90000 - 0x00007ff8530e3000 	C:\Users\LOOPNE~1\AppData\Local\Temp\lwjglLoopNels162\3.2.3-build-13\jemalloc.dll
0x00007ff883fa0000 - 0x00007ff884002000 	C:\Users\LOOPNE~1\AppData\Local\Temp\lwjglLoopNels162\3.2.3-build-13\glfw.dll
0x00007ff887530000 - 0x00007ff887573000 	C:\WINDOWS\SYSTEM32\dinput8.dll
0x00007ff887e80000 - 0x00007ff887e91000 	C:\WINDOWS\SYSTEM32\xinput1_4.dll
0x00007ff892090000 - 0x00007ff8920ba000 	C:\WINDOWS\SYSTEM32\DEVOBJ.dll
0x00007ff878d50000 - 0x00007ff878e6c000 	C:\WINDOWS\SYSTEM32\inputhost.dll
0x00007ff8870f0000 - 0x00007ff8871e0000 	C:\WINDOWS\SYSTEM32\PROPSYS.dll
0x00007ff890c20000 - 0x00007ff890c2e000 	C:\WINDOWS\SYSTEM32\HID.DLL
0x00007ff894680000 - 0x00007ff894af0000 	C:\WINDOWS\System32\SETUPAPI.DLL
0x0000000056d90000 - 0x000000005944f000 	C:\WINDOWS\System32\DriverStore\FileRepository\nvhdc.inf_amd64_641b900991c063c6\nvoglv64.dll
0x00007ff88e1f0000 - 0x00007ff88e203000 	C:\WINDOWS\SYSTEM32\WTSAPI32.dll
0x00007ff891cf0000 - 0x00007ff891d46000 	C:\WINDOWS\SYSTEM32\WINSTA.dll

dbghelp: loaded successfully - version: 4.0.5 - missing functions: none
symbol engine: initialized successfully - sym options: 0x614 - pdb path: .;C:\Program Files\AdoptOpenJDK\jdk-11.0.9.11-hotspot\bin;C:\WINDOWS\SYSTEM32;C:\WINDOWS\WinSxS\amd64_microsoft.windows.common-controls_6595b64144ccf1df_6.0.18362.1440_none_9e7dbfb9e45e8e67;C:\Program Files\AdoptOpenJDK\jdk-11.0.9.11-hotspot\bin\server;C:\WINDOWS\System32\DriverStore\FileRepository\nvhdc.inf_amd64_641b900991c063c6;C:\Users\loopnels162\git\ics4u_loop_nelson_162;C:\Users\loopnels162\AppData\Local\Temp\lwjglLoopNels162\3.2.3-build-13;C:\Users\LOOPNE~1\AppData\Local\Temp\lwjglLoopNels162\3.2.3-build-13

VM Arguments:
jvm_args: -Dfile.encoding=Cp1252 
java_command: nelsoncca.CCAProject2
java_class_path (initial): C:\Users\loopnels162\git\ics4u_loop_nelson_162\target\classes;C:\Users\loopnels162\.m2\repository\org\jmonkeyengine\jme3-core\3.3.2-stable\jme3-core-3.3.2-stable.jar;C:\Users\loopnels162\.m2\repository\org\jmonkeyengine\jme3-desktop\3.3.2-stable\jme3-desktop-3.3.2-stable.jar;C:\Users\loopnels162\.m2\repository\org\jmonkeyengine\jme3-lwjgl3\3.3.2-stable\jme3-lwjgl3-3.3.2-stable.jar;C:\Users\loopnels162\.m2\repository\org\lwjgl\lwjgl\3.2.3\lwjgl-3.2.3.jar;C:\Users\loopnels162\.m2\repository\org\lwjgl\lwjgl-glfw\3.2.3\lwjgl-glfw-3.2.3.jar;C:\Users\loopnels162\.m2\repository\org\lwjgl\lwjgl-jemalloc\3.2.3\lwjgl-jemalloc-3.2.3.jar;C:\Users\loopnels162\.m2\repository\org\lwjgl\lwjgl-openal\3.2.3\lwjgl-openal-3.2.3.jar;C:\Users\loopnels162\.m2\repository\org\lwjgl\lwjgl-opencl\3.2.3\lwjgl-opencl-3.2.3.jar;C:\Users\loopnels162\.m2\repository\org\lwjgl\lwjgl-opengl\3.2.3\lwjgl-opengl-3.2.3.jar;C:\Users\loopnels162\.m2\repository\org\lwjgl\lwjgl\3.2.3\lwjgl-3.2.3-natives-windows.jar;C:\Users\loopnels162\.m2\repository\org\lwjgl\lwjgl\3.2.3\lwjgl-3.2.3-natives-linux.jar;C:\Users\loopnels162\.m2\repository\org\lwjgl\lwjgl\3.2.3\lwjgl-3.2.3-natives-macos.jar;C:\Users\loopnels162\.m2\repository\org\lwjgl\lwjgl-glfw\3.2.3\lwjgl-glfw-3.2.3-natives-windows.jar;C:\Users\loopnels162\.m2\repository\org\lwjgl\lwjgl-glfw\3.2.3\lwjgl-glfw-3.2.3-natives-linux.jar;C:\Users\loopnels162\.m2\repository\org\lwjgl\lwjgl-glfw\3.2.3\lwjgl-glfw-3.2.3-natives-macos.jar;C:\Users\loopnels162\.m2\repository\org\lwjgl\lwjgl-jemalloc\3.2.3\lwjgl-jemalloc-3.2.3-natives-windows.jar;C:\Users\loopnels162\.m2\repository\org\lwjgl\lwjgl-jemalloc\3.2.3\lwjgl-jemalloc-3.2.3-natives-linux.jar;C:\Users\loopnels162\.m2\repository\org\lwjgl\lwjgl-jemalloc\3.2.3\lwjgl-jemalloc-3.2.3-natives-macos.jar;C:\Users\loopnels162\.m2\repository\org\lwjgl\lwjgl-opengl\3.2.3\lwjgl-opengl-3.2.3-natives-windows.jar;C:\Users\loopnels162\.m2\repository\org\lwjgl\lwjgl-opengl\3.2.3\lwjgl-opengl-3.2.3-nat
Launcher Type: SUN_STANDARD

[Global flags]
     intx CICompilerCount                          = 4                                         {product} {ergonomic}
     uint ConcGCThreads                            = 3                                         {product} {ergonomic}
     uint G1ConcRefinementThreads                  = 10                                        {product} {ergonomic}
   size_t G1HeapRegionSize                         = 1048576                                   {product} {ergonomic}
    uintx GCDrainStackTargetSize                   = 64                                        {product} {ergonomic}
   size_t InitialHeapSize                          = 257949696                                 {product} {ergonomic}
   size_t MarkStackSize                            = 4194304                                   {product} {ergonomic}
   size_t MaxHeapSize                              = 4118806528                                {product} {ergonomic}
   size_t MaxNewSize                               = 2470445056                                {product} {ergonomic}
   size_t MinHeapDeltaBytes                        = 1048576                                   {product} {ergonomic}
    uintx NonNMethodCodeHeapSize                   = 5836300                                {pd product} {ergonomic}
    uintx NonProfiledCodeHeapSize                  = 122910970                              {pd product} {ergonomic}
    uintx ProfiledCodeHeapSize                     = 122910970                              {pd product} {ergonomic}
    uintx ReservedCodeCacheSize                    = 251658240                              {pd product} {ergonomic}
     bool SegmentedCodeCache                       = true                                      {product} {ergonomic}
     bool UseCompressedClassPointers               = true                                 {lp64_product} {ergonomic}
     bool UseCompressedOops                        = true                                 {lp64_product} {ergonomic}
     bool UseG1GC                                  = true                                      {product} {ergonomic}
     bool UseLargePagesIndividualAllocation        = false                                  {pd product} {ergonomic}

Logging:
Log output configuration:
 #0: stdout all=warning uptime,level,tags
 #1: stderr all=off uptime,level,tags

Environment Variables:
JAVA_HOME=C:\Program Files\AdoptOpenJDK\jdk-11.0.9.11-hotspot
PATH=C:/Program Files/AdoptOpenJDK/jdk-11.0.9.11-hotspot/bin/client;C:/Program Files/AdoptOpenJDK/jdk-11.0.9.11-hotspot/bin;C:\Program Files\AdoptOpenJDK\jdk-11.0.9.11-hotspot\bin;C:\WINDOWS\system32;C:\WINDOWS;C:\WINDOWS\System32\Wbem;C:\WINDOWS\System32\WindowsPowerShell\v1.0\;C:\WINDOWS\System32\OpenSSH\;C:\WINDOWS\system32\config\systemprofile\AppData\Local\Microsoft\WindowsApps;C:\ProgramData\MinGW\bin;C:\ProgramData\MinGW\msys\1.0\bin;c:\Program Files (x86)\Microsoft SQL Server\100\Tools\Binn\;c:\Program Files\Microsoft SQL Server\100\Tools\Binn\;c:\Program Files\Microsoft SQL Server\100\DTS\Binn\;C:\Users\loopnels162\AppData\Local\Microsoft\WindowsApps;;C:\WINDOWS\system32;
USERNAME=LoopNels162
OS=Windows_NT
PROCESSOR_IDENTIFIER=Intel64 Family 6 Model 158 Stepping 10, GenuineIntel



---------------  S Y S T E M  ---------------

OS: Windows 10 , 64 bit Build 18362 (10.0.18362.1350)
OS uptime: 0 days 2:52 hours

CPU:total 12 (initial active 12) (6 cores per cpu, 2 threads per core) family 6 model 158 stepping 10, cmov, cx8, fxsr, mmx, sse, sse2, sse3, ssse3, sse4.1, sse4.2, popcnt, avx, avx2, aes, clmul, erms, rtm, 3dnowpref, lzcnt, ht, tsc, tscinvbit, bmi1, bmi2, adx, fma

Memory: 4k page, system-wide physical 15710M (9539M free)
TotalPageFile size 18142M (AvailPageFile size 9956M)
current process WorkingSet (physical memory assigned to process): 132M, peak: 132M
current process commit charge ("private bytes"): 213M, peak: 401M

vm_info: OpenJDK 64-Bit Server VM (11.0.9+11) for windows-amd64 JRE (11.0.9+11), built on Oct 24 2020 15:15:35 by "" with MS VC++ 15.9 (VS2017)

END.
