#
# A fatal error has been detected by the Java Runtime Environment:
#
#  EXCEPTION_ACCESS_VIOLATION (0xc0000005) at pc=0x00000000575c3111, pid=11424, tid=1560
#
# JRE version: OpenJDK Runtime Environment AdoptOpenJDK (11.0.9+11) (build 11.0.9+11)
# Java VM: OpenJDK 64-Bit Server VM AdoptOpenJDK (11.0.9+11, mixed mode, tiered, compressed oops, g1 gc, windows-amd64)
# Problematic frame:
# C  [nvoglv64.dll+0x833111]
#
# No core dump will be written. Minidumps are not enabled by default on client versions of Windows
#
# If you would like to submit a bug report, please visit:
#   https://github.com/AdoptOpenJDK/openjdk-support/issues
# The crash happened outside the Java Virtual Machine in native code.
# See problematic frame for where to report the bug.
#

---------------  S U M M A R Y ------------

Command Line: -Dfile.encoding=Cp1252 nelsoncca.CCAProject2

Host: Intel(R) Core(TM) i7-8700 CPU @ 3.20GHz, 12 cores, 15G,  Windows 10 , 64 bit Build 18362 (10.0.18362.1350)
Time: Wed Mar 24 11:43:26 2021 Eastern Daylight Time elapsed time: 5.110151 seconds (0d 0h 0m 5s)

---------------  T H R E A D  ---------------

Current thread (0x000002ac436c0800):  JavaThread "main" [_thread_in_native, id=1560, stack(0x000000f849100000,0x000000f849200000)]

Stack: [0x000000f849100000,0x000000f849200000],  sp=0x000000f8491fe830,  free space=1018k
Native frames: (J=compiled Java code, j=interpreted, Vv=VM code, C=native code)
C  [nvoglv64.dll+0x833111]

Java frames: (J=compiled Java code, j=interpreted, Vv=VM code)
j  org.lwjgl.system.JNI.invokePPPP(IIJJJJ)J+0
j  org.lwjgl.glfw.GLFW.nglfwCreateWindow(IIJJJ)J+14
j  org.lwjgl.glfw.GLFW.glfwCreateWindow(IILjava/lang/CharSequence;JJ)J+37
j  com.jme3.system.lwjgl.LwjglWindow.createContext(Lcom/jme3/system/AppSettings;)V+314
j  com.jme3.system.lwjgl.LwjglWindow.initInThread()Z+34
j  com.jme3.system.lwjgl.LwjglWindow.run()V+32
j  com.jme3.system.lwjgl.LwjglWindow.create(Z)V+27
j  com.jme3.app.LegacyApplication.start(Lcom/jme3/system/JmeContext$Type;Z)V+92
j  com.jme3.app.LegacyApplication.start()V+5
j  com.jme3.app.SimpleApplication.start()V+51
j  nelsoncca.CCAProject2.main([Ljava/lang/String;)V+39
v  ~StubRoutines::call_stub

siginfo: EXCEPTION_ACCESS_VIOLATION (0xc0000005), reading address 0x0000000000000004


Register to memory mapping:

RIP=0x00000000575c3111 nvoglv64.dll
RAX=0x0 is NULL
RBX=0x0 is NULL
RCX=0x000002ac73a02080 points into unknown readable memory: 00 00 00 00 00 00 00 00
RDX=0x0000000000000002 is an unknown value
RSP=0x000000f8491fe830 is pointing into the stack for thread: 0x000002ac436c0800
RBP=0x0 is NULL
RSI=0x000002ac7418c080 points into unknown readable memory: 00 00 00 00 00 00 00 00
RDI=0x000002ac73a02080 points into unknown readable memory: 00 00 00 00 00 00 00 00
R8 =0x000000f8491fe783 is pointing into the stack for thread: 0x000002ac436c0800
R9 =0x000000007ffef000 points into unknown readable memory: 48 61 6c 54 00 00 00 00
R10=0x00000000546c6148 is an unknown value
R11=0xfffffffff7f1af25 is an unknown value
R12=0x000000005201115c is an unknown value
R13=0x0000000000000001 is an unknown value
R14=0x0 is NULL
R15=0x0000000000000002 is an unknown value


Registers:
RAX=0x0000000000000000, RBX=0x0000000000000000, RCX=0x000002ac73a02080, RDX=0x0000000000000002
RSP=0x000000f8491fe830, RBP=0x0000000000000000, RSI=0x000002ac7418c080, RDI=0x000002ac73a02080
R8 =0x000000f8491fe783, R9 =0x000000007ffef000, R10=0x00000000546c6148, R11=0xfffffffff7f1af25
R12=0x000000005201115c, R13=0x0000000000000001, R14=0x0000000000000000, R15=0x0000000000000002
RIP=0x00000000575c3111, EFLAGS=0x0000000000010246

Top of Stack: (sp=0x000000f8491fe830)
0x000000f8491fe830:   000002ac73a02080 0000000057841768
0x000000f8491fe840:   00007ff860845030 000002ac73a02080
0x000000f8491fe850:   000000000007b368 000002ac73a02080
0x000000f8491fe860:   000000000007b368 0000000057827ddb
0x000000f8491fe870:   0000000000000000 00007ff860845030
0x000000f8491fe880:   000000f8491fe978 00007ff860845030
0x000000f8491fe890:   00007ff800000001 00007ff8923c7170
0x000000f8491fe8a0:   000002ac67b02430 00007ff89542f381
0x000000f8491fe8b0:   0000000000000000 0000000000000000
0x000000f8491fe8c0:   000000f8491fe978 0000000000000000
0x000000f8491fe8d0:   000002ac73281d00 0000000000000618
0x000000f8491fe8e0:   00007ff860946000 00007ff860946a90
0x000000f8491fe8f0:   0000000000020000 00007ff86084528b
0x000000f8491fe900:   000000005201115c 000002ac70141650
0x000000f8491fe910:   00007ff860845030 0000000000000000
0x000000f8491fe920:   0000000000020000 0000000000000007 

Instructions: (pc=0x00000000575c3111)
0x00000000575c3011:   38 c6 01 c6 43 4a 01 e8 d3 d8 ff ff 48 8b 43 58
0x00000000575c3021:   65 48 89 04 25 48 12 00 00 48 8b 4b 58 48 81 c1
0x00000000575c3031:   08 02 00 00 e8 d6 08 00 00 48 8b 4b 58 48 81 c1
0x00000000575c3041:   98 01 00 00 e8 c6 08 00 00 48 8b 4b 58 48 81 c1
0x00000000575c3051:   78 02 00 00 e8 b6 08 00 00 48 8b 53 58 83 82 18
0x00000000575c3061:   39 54 00 01 75 2a 45 33 c0 48 8d 8a 28 18 00 00
0x00000000575c3071:   41 8b c0 ff c0 44 89 01 48 8d 89 90 0a 00 00 3d
0x00000000575c3081:   f7 07 00 00 72 ed c7 82 18 39 54 00 01 00 00 00
0x00000000575c3091:   8b 82 18 39 54 00 40 b7 01 89 82 98 0d 00 00 40
0x00000000575c30a1:   0f b6 c7 48 8b 5c 24 30 48 83 c4 20 5f c3 cc 48
0x00000000575c30b1:   85 d2 74 0d 33 c0 83 ba 00 01 00 00 13 48 0f 47
0x00000000575c30c1:   d0 48 89 91 40 ed 54 00 48 89 91 80 ed 54 00 e9
0x00000000575c30d1:   7b eb 57 00 cc cc cc cc cc cc cc cc cc cc cc 40
0x00000000575c30e1:   56 57 48 83 ec 28 48 8b b1 80 ed 54 00 48 8b f9
0x00000000575c30f1:   48 85 f6 0f 84 73 05 00 00 48 8b 86 b8 fb 05 00
0x00000000575c3101:   48 89 6c 24 48 48 8b 2e 4c 89 74 24 50 45 33 f6
0x00000000575c3111:   44 8b 40 04 ff 81 18 39 54 00 4c 89 7c 24 20 44
0x00000000575c3121:   39 b1 18 39 54 00 75 27 41 8b c6 48 81 c1 28 18
0x00000000575c3131:   00 00 ff c0 44 89 31 48 8d 89 90 0a 00 00 3d f7
0x00000000575c3141:   07 00 00 72 ed c7 87 18 39 54 00 01 00 00 00 8b
0x00000000575c3151:   87 18 39 54 00 48 8d 8f 98 0d 00 00 89 01 48 8b
0x00000000575c3161:   87 e8 02 00 00 44 39 40 04 74 53 45 85 c0 74 32
0x00000000575c3171:   b8 6f 45 21 01 41 8b c8 41 f7 e0 41 8b c0 2b c2
0x00000000575c3181:   d1 e8 03 c2 c1 e8 0a 69 c0 f7 07 00 00 2b c8 8b
0x00000000575c3191:   c1 48 69 c8 90 0a 00 00 48 81 c1 28 18 00 00 48
0x00000000575c31a1:   03 cf 48 89 8f e8 02 00 00 c7 81 88 0a 00 00 01
0x00000000575c31b1:   00 00 00 48 8b 87 e8 02 00 00 44 89 40 04 4c 8b
0x00000000575c31c1:   87 e8 02 00 00 48 8d 97 1c 39 54 00 48 8d 8e 00
0x00000000575c31d1:   c9 05 00 e8 f7 da ff ff 48 8b 8f e8 02 00 00 48
0x00000000575c31e1:   8b d7 8b 87 18 39 54 00 89 01 48 8b ce 0f 10 86
0x00000000575c31f1:   04 23 05 00 0f 11 87 38 39 54 00 0f 10 8e 14 23
0x00000000575c3201:   05 00 0f 11 8f 48 39 54 00 f2 0f 10 86 24 23 05 


Stack slot to memory mapping:
stack at sp + 0 slots: 0x000002ac73a02080 points into unknown readable memory: 00 00 00 00 00 00 00 00
stack at sp + 1 slots: 0x0000000057841768 nvoglv64.dll
stack at sp + 2 slots: 0x00007ff860845030 opengl32.dll
stack at sp + 3 slots: 0x000002ac73a02080 points into unknown readable memory: 00 00 00 00 00 00 00 00
stack at sp + 4 slots: 0x000000000007b368 is an unknown value
stack at sp + 5 slots: 0x000002ac73a02080 points into unknown readable memory: 00 00 00 00 00 00 00 00
stack at sp + 6 slots: 0x000000000007b368 is an unknown value
stack at sp + 7 slots: 0x0000000057827ddb nvoglv64.dll


---------------  P R O C E S S  ---------------

Threads class SMR info:
_java_thread_list=0x000002ac70066fc0, length=18, elements={
0x000002ac436c0800, 0x000002ac67244000, 0x000002ac67afa800, 0x000002ac67b12000,
0x000002ac67b14800, 0x000002ac67b15800, 0x000002ac67b65800, 0x000002ac67b78800,
0x000002ac67ce5000, 0x000002ac67cfd000, 0x000002ac684ba800, 0x000002ac68311800,
0x000002ac68355000, 0x000002ac68308800, 0x000002ac6fb0e800, 0x000002ac6f59e800,
0x000002ac6f477000, 0x000002ac682c8800
}

Java Threads: ( => current thread )
=>0x000002ac436c0800 JavaThread "main" [_thread_in_native, id=1560, stack(0x000000f849100000,0x000000f849200000)]
  0x000002ac67244000 JavaThread "Reference Handler" daemon [_thread_blocked, id=908, stack(0x000000f849800000,0x000000f849900000)]
  0x000002ac67afa800 JavaThread "Finalizer" daemon [_thread_blocked, id=2012, stack(0x000000f849900000,0x000000f849a00000)]
  0x000002ac67b12000 JavaThread "Signal Dispatcher" daemon [_thread_blocked, id=11652, stack(0x000000f849a00000,0x000000f849b00000)]
  0x000002ac67b14800 JavaThread "Attach Listener" daemon [_thread_blocked, id=7948, stack(0x000000f849b00000,0x000000f849c00000)]
  0x000002ac67b15800 JavaThread "C2 CompilerThread0" daemon [_thread_blocked, id=8240, stack(0x000000f849c00000,0x000000f849d00000)]
  0x000002ac67b65800 JavaThread "C1 CompilerThread0" daemon [_thread_blocked, id=6708, stack(0x000000f849d00000,0x000000f849e00000)]
  0x000002ac67b78800 JavaThread "Sweeper thread" daemon [_thread_blocked, id=616, stack(0x000000f849e00000,0x000000f849f00000)]
  0x000002ac67ce5000 JavaThread "Service Thread" daemon [_thread_blocked, id=10012, stack(0x000000f849f00000,0x000000f84a000000)]
  0x000002ac67cfd000 JavaThread "Common-Cleaner" daemon [_thread_blocked, id=10544, stack(0x000000f84a100000,0x000000f84a200000)]
  0x000002ac684ba800 JavaThread "Java2D Disposer" daemon [_thread_blocked, id=708, stack(0x000000f84a200000,0x000000f84a300000)]
  0x000002ac68311800 JavaThread "AWT-Shutdown" [_thread_blocked, id=11232, stack(0x000000f84a300000,0x000000f84a400000)]
  0x000002ac68355000 JavaThread "AWT-Windows" daemon [_thread_in_native, id=9468, stack(0x000000f84a400000,0x000000f84a500000)]
  0x000002ac68308800 JavaThread "AWT-EventQueue-0" [_thread_blocked, id=3604, stack(0x000000f84a500000,0x000000f84a600000)]
  0x000002ac6fb0e800 JavaThread "Image Fetcher 0" daemon [_thread_blocked, id=8068, stack(0x000000f84a800000,0x000000f84a900000)]
  0x000002ac6f59e800 JavaThread "D3D Screen Updater" daemon [_thread_blocked, id=11680, stack(0x000000f84a900000,0x000000f84aa00000)]
  0x000002ac6f477000 JavaThread "TimerQueue" daemon [_thread_blocked, id=636, stack(0x000000f84aa00000,0x000000f84ab00000)]
  0x000002ac682c8800 JavaThread "C2 CompilerThread1" daemon [_thread_blocked, id=8348, stack(0x000000f84ae00000,0x000000f84af00000)]

Other Threads:
  0x000002ac67269800 VMThread "VM Thread" [stack: 0x000000f849700000,0x000000f849800000] [id=10528]
  0x000002ac67cfc800 WatcherThread [stack: 0x000000f84a000000,0x000000f84a100000] [id=5592]
  0x000002ac436d7000 GCTaskThread "GC Thread#0" [stack: 0x000000f849200000,0x000000f849300000] [id=9288]
  0x000002ac6fc92000 GCTaskThread "GC Thread#1" [stack: 0x000000f84a700000,0x000000f84a800000] [id=3528]
  0x000002ac6fc92800 GCTaskThread "GC Thread#2" [stack: 0x000000f84ab00000,0x000000f84ac00000] [id=10484]
  0x000002ac6fbc5000 GCTaskThread "GC Thread#3" [stack: 0x000000f84ac00000,0x000000f84ad00000] [id=7516]
  0x000002ac6fc93800 GCTaskThread "GC Thread#4" [stack: 0x000000f84ad00000,0x000000f84ae00000] [id=10164]
  0x000002ac43735800 ConcurrentGCThread "G1 Main Marker" [stack: 0x000000f849300000,0x000000f849400000] [id=11136]
  0x000002ac43737000 ConcurrentGCThread "G1 Conc#0" [stack: 0x000000f849400000,0x000000f849500000] [id=7780]
  0x000002ac6712d800 ConcurrentGCThread "G1 Refine#0" [stack: 0x000000f849500000,0x000000f849600000] [id=2592]
  0x000002ac6712f800 ConcurrentGCThread "G1 Young RemSet Sampling" [stack: 0x000000f849600000,0x000000f849700000] [id=7992]

Threads with active compile tasks:

VM state:not at safepoint (normal execution)

VM Mutex/Monitor currently owned by a thread: None

Heap address: 0x000000070a800000, size: 3928 MB, Compressed Oops mode: Zero based, Oop shift amount: 3
Narrow klass base: 0x0000000800000000, Narrow klass shift: 0
Compressed class space size: 1073741824 Address: 0x0000000800000000

Heap:
 garbage-first heap   total 24576K, used 11023K [0x000000070a800000, 0x0000000800000000)
  region size 1024K, 6 young (6144K), 0 survivors (0K)
 Metaspace       used 22056K, capacity 22617K, committed 22656K, reserved 1069056K
  class space    used 2384K, capacity 2650K, committed 2688K, reserved 1048576K
Heap Regions: E=young(eden), S=young(survivor), O=old, HS=humongous(starts), HC=humongous(continues), CS=collection set, F=free, A=archive, TAMS=top-at-mark-start (previous, next)
|   0|0x000000070a800000, 0x000000070a900000, 0x000000070a900000|100%|HS|  |TAMS 0x000000070a800000, 0x000000070a800000| Untracked 
|   1|0x000000070a900000, 0x000000070aa00000, 0x000000070aa00000|100%|HC|  |TAMS 0x000000070a900000, 0x000000070a900000| Untracked 
|   2|0x000000070aa00000, 0x000000070aaff670, 0x000000070ab00000| 99%| O|  |TAMS 0x000000070aa00000, 0x000000070aa00000| Untracked 
|   3|0x000000070ab00000, 0x000000070abffff8, 0x000000070ac00000| 99%| O|  |TAMS 0x000000070ab00000, 0x000000070ab00000| Untracked 
|   4|0x000000070ac00000, 0x000000070ace3f10, 0x000000070ad00000| 89%| O|  |TAMS 0x000000070ac00000, 0x000000070ac00000| Untracked 
|   5|0x000000070ad00000, 0x000000070ad7a9e0, 0x000000070ae00000| 47%| O|  |TAMS 0x000000070ad00000, 0x000000070ad00000| Untracked 
|   6|0x000000070ae00000, 0x000000070ae00000, 0x000000070af00000|  0%| F|  |TAMS 0x000000070ae00000, 0x000000070ae00000| Untracked 
|   7|0x000000070af00000, 0x000000070af00000, 0x000000070b000000|  0%| F|  |TAMS 0x000000070af00000, 0x000000070af00000| Untracked 
|   8|0x000000070b000000, 0x000000070b000000, 0x000000070b100000|  0%| F|  |TAMS 0x000000070b000000, 0x000000070b000000| Untracked 
|   9|0x000000070b100000, 0x000000070b100000, 0x000000070b200000|  0%| F|  |TAMS 0x000000070b100000, 0x000000070b100000| Untracked 
|  10|0x000000070b200000, 0x000000070b200000, 0x000000070b300000|  0%| F|  |TAMS 0x000000070b200000, 0x000000070b200000| Untracked 
|  11|0x000000070b300000, 0x000000070b300000, 0x000000070b400000|  0%| F|  |TAMS 0x000000070b300000, 0x000000070b300000| Untracked 
|  12|0x000000070b400000, 0x000000070b400000, 0x000000070b500000|  0%| F|  |TAMS 0x000000070b400000, 0x000000070b400000| Untracked 
|  13|0x000000070b500000, 0x000000070b500000, 0x000000070b600000|  0%| F|  |TAMS 0x000000070b500000, 0x000000070b500000| Untracked 
|  14|0x000000070b600000, 0x000000070b600000, 0x000000070b700000|  0%| F|  |TAMS 0x000000070b600000, 0x000000070b600000| Untracked 
|  15|0x000000070b700000, 0x000000070b700000, 0x000000070b800000|  0%| F|  |TAMS 0x000000070b700000, 0x000000070b700000| Untracked 
|  16|0x000000070b800000, 0x000000070b800000, 0x000000070b900000|  0%| F|  |TAMS 0x000000070b800000, 0x000000070b800000| Untracked 
|  17|0x000000070b900000, 0x000000070b94ebf0, 0x000000070ba00000| 30%| E|  |TAMS 0x000000070b900000, 0x000000070b900000| Complete 
|  18|0x000000070ba00000, 0x000000070bb00000, 0x000000070bb00000|100%| E|CS|TAMS 0x000000070ba00000, 0x000000070ba00000| Complete 
|  19|0x000000070bb00000, 0x000000070bc00000, 0x000000070bc00000|100%| E|CS|TAMS 0x000000070bb00000, 0x000000070bb00000| Complete 
|  20|0x000000070bc00000, 0x000000070bd00000, 0x000000070bd00000|100%| E|CS|TAMS 0x000000070bc00000, 0x000000070bc00000| Complete 
|  80|0x000000070f800000, 0x000000070f900000, 0x000000070f900000|100%| E|CS|TAMS 0x000000070f800000, 0x000000070f800000| Complete 
|  92|0x0000000710400000, 0x0000000710465d50, 0x0000000710500000| 39%| O|  |TAMS 0x0000000710400000, 0x0000000710400000| Untracked 
| 167|0x0000000714f00000, 0x0000000715000000, 0x0000000715000000|100%| E|CS|TAMS 0x0000000714f00000, 0x0000000714f00000| Complete 

Card table byte_map: [0x000002ac5baa0000,0x000002ac5c250000] _byte_map_base: 0x000002ac5824c000

Marking Bits (Prev, Next): (CMBitMap*) 0x000002ac43724478, (CMBitMap*) 0x000002ac437244b0
 Prev Bits: [0x000002ac5ca00000, 0x000002ac60760000)
 Next Bits: [0x000002ac60760000, 0x000002ac644c0000)

Polling page: 0x000002ac41440000

Metaspace:

Usage:
  Non-class:     19.50 MB capacity,    19.21 MB ( 99%) used,   234.30 KB (  1%) free+waste,    60.69 KB ( <1%) overhead. 
      Class:      2.59 MB capacity,     2.33 MB ( 90%) used,   232.74 KB (  9%) free+waste,    32.56 KB (  1%) overhead. 
       Both:     22.09 MB capacity,    21.54 MB ( 98%) used,   467.05 KB (  2%) free+waste,    93.25 KB ( <1%) overhead. 

Virtual space:
  Non-class space:       20.00 MB reserved,      19.50 MB ( 98%) committed 
      Class space:        1.00 GB reserved,       2.63 MB ( <1%) committed 
             Both:        1.02 GB reserved,      22.13 MB (  2%) committed 

Chunk freelists:
   Non-Class:  1.00 KB
       Class:  6.00 KB
        Both:  7.00 KB

MaxMetaspaceSize: 17179869184.00 GB
CompressedClassSpaceSize: 1.00 GB

CodeHeap 'non-profiled nmethods': size=120000Kb used=583Kb max_used=583Kb free=119416Kb
 bounds [0x000002ac53870000, 0x000002ac53ae0000, 0x000002ac5ada0000]
CodeHeap 'profiled nmethods': size=120000Kb used=3350Kb max_used=3350Kb free=116649Kb
 bounds [0x000002ac4c340000, 0x000002ac4c690000, 0x000002ac53870000]
CodeHeap 'non-nmethods': size=5760Kb used=1563Kb max_used=1577Kb free=4196Kb
 bounds [0x000002ac4bda0000, 0x000002ac4c010000, 0x000002ac4c340000]
 total_blobs=2864 nmethods=1754 adapters=1021
 compilation: enabled
              stopped_count=0, restarted_count=0
 full_count=0

Compilation events (20 events):
Event: 4.763 Thread 0x000002ac67b65800 nmethod 1744 0x000002ac4c67e910 code [0x000002ac4c67eb80, 0x000002ac4c67f718]
Event: 4.763 Thread 0x000002ac67b65800 1747       3       sun.misc.Unsafe::putInt (11 bytes)
Event: 4.763 Thread 0x000002ac67b65800 nmethod 1747 0x000002ac4c67fa10 code [0x000002ac4c67fbc0, 0x000002ac4c67fcb8]
Event: 4.763 Thread 0x000002ac67b65800 1746       3       java.lang.Integer::toUnsignedLong (7 bytes)
Event: 4.763 Thread 0x000002ac67b65800 nmethod 1746 0x000002ac4c67fd90 code [0x000002ac4c67ff40, 0x000002ac4c680038]
Event: 4.763 Thread 0x000002ac67b65800 1748       3       org.lwjgl.system.MemoryUtil::encodeASCII (66 bytes)
Event: 4.763 Thread 0x000002ac67b65800 nmethod 1748 0x000002ac4c680110 code [0x000002ac4c680320, 0x000002ac4c6808b8]
Event: 4.763 Thread 0x000002ac67b65800 1749       1       org.lwjgl.system.Pointer$Default::address (5 bytes)
Event: 4.763 Thread 0x000002ac67b65800 nmethod 1749 0x000002ac53900690 code [0x000002ac53900840, 0x000002ac539008f8]
Event: 4.770 Thread 0x000002ac67b15800 nmethod 1741 0x000002ac53900990 code [0x000002ac53900b60, 0x000002ac53901698]
Event: 4.794 Thread 0x000002ac67b65800 1751       3       java.util.ArrayDeque::pollFirst (36 bytes)
Event: 4.794 Thread 0x000002ac67b65800 nmethod 1751 0x000002ac4c680b10 code [0x000002ac4c680ce0, 0x000002ac4c681118]
Event: 4.794 Thread 0x000002ac67b65800 1752  s    3       jdk.internal.loader.Resource::cachedInputStream (20 bytes)
Event: 4.794 Thread 0x000002ac67b65800 nmethod 1752 0x000002ac4c681290 code [0x000002ac4c681460, 0x000002ac4c681868]
Event: 4.794 Thread 0x000002ac67b65800 1750       3       java.util.zip.ZipFile::getZipEntry (301 bytes)
Event: 4.795 Thread 0x000002ac67b65800 nmethod 1750 0x000002ac4c681910 code [0x000002ac4c681ca0, 0x000002ac4c683948]
Event: 4.795 Thread 0x000002ac67b65800 1753       3       java.util.Vector::add (23 bytes)
Event: 4.795 Thread 0x000002ac67b65800 nmethod 1753 0x000002ac4c684410 code [0x000002ac4c684620, 0x000002ac4c684b98]
Event: 4.795 Thread 0x000002ac67b65800 1754       3       java.util.zip.InflaterInputStream::<init> (79 bytes)
Event: 4.795 Thread 0x000002ac67b65800 nmethod 1754 0x000002ac4c684e10 code [0x000002ac4c685020, 0x000002ac4c685878]

GC Heap History (4 events):
Event: 4.641 GC heap before
{Heap before GC invocations=0 (full 0):
 garbage-first heap   total 251904K, used 21504K [0x000000070a800000, 0x0000000800000000)
  region size 1024K, 21 young (21504K), 0 survivors (0K)
 Metaspace       used 19540K, capacity 20070K, committed 20096K, reserved 1067008K
  class space    used 2178K, capacity 2412K, committed 2432K, reserved 1048576K
}
Event: 4.649 GC heap after
{Heap after GC invocations=1 (full 1):
 garbage-first heap   total 24576K, used 5903K [0x000000070a800000, 0x0000000800000000)
  region size 1024K, 0 young (0K), 0 survivors (0K)
 Metaspace       used 19540K, capacity 20070K, committed 20096K, reserved 1067008K
  class space    used 2178K, capacity 2412K, committed 2432K, reserved 1048576K
}
Event: 4.649 GC heap before
{Heap before GC invocations=1 (full 1):
 garbage-first heap   total 24576K, used 5903K [0x000000070a800000, 0x0000000800000000)
  region size 1024K, 0 young (0K), 0 survivors (0K)
 Metaspace       used 19540K, capacity 20070K, committed 20096K, reserved 1067008K
  class space    used 2178K, capacity 2412K, committed 2432K, reserved 1048576K
}
Event: 4.658 GC heap after
{Heap after GC invocations=2 (full 2):
 garbage-first heap   total 24576K, used 5903K [0x000000070a800000, 0x0000000800000000)
  region size 1024K, 0 young (0K), 0 survivors (0K)
 Metaspace       used 19540K, capacity 20070K, committed 20096K, reserved 1067008K
  class space    used 2178K, capacity 2412K, committed 2432K, reserved 1048576K
}

Deoptimization events (20 events):
Event: 4.716 Thread 0x000002ac436c0800 Uncommon trap: trap_request=0xffffff4d fr.pc=0x000002ac5389d144 relative=0x0000000000000ee4
Event: 4.716 Thread 0x000002ac436c0800 Uncommon trap: reason=unstable_if action=reinterpret pc=0x000002ac5389d144 method=java.lang.invoke.LambdaForm$Name.replaceNames([Ljava/lang/invoke/LambdaForm$Name;[Ljava/lang/invoke/LambdaForm$Name;II)Ljava/lang/invoke/LambdaForm$Name; @ 3 c2
Event: 4.716 Thread 0x000002ac436c0800 DEOPT PACKING pc=0x000002ac5389d144 sp=0x000000f8491fae30
Event: 4.716 Thread 0x000002ac436c0800 DEOPT UNPACKING pc=0x000002ac4bdc772f sp=0x000000f8491fae08 mode 2
Event: 4.716 Thread 0x000002ac436c0800 Uncommon trap: trap_request=0xffffff45 fr.pc=0x000002ac538afbf8 relative=0x0000000000003458
Event: 4.716 Thread 0x000002ac436c0800 Uncommon trap: reason=unstable_fused_if action=reinterpret pc=0x000002ac538afbf8 method=jdk.internal.org.objectweb.asm.Frame.execute(IILjdk/internal/org/objectweb/asm/ClassWriter;Ljdk/internal/org/objectweb/asm/Item;)V @ 1 c2
Event: 4.716 Thread 0x000002ac436c0800 DEOPT PACKING pc=0x000002ac538afbf8 sp=0x000000f8491fa9d0
Event: 4.716 Thread 0x000002ac436c0800 DEOPT UNPACKING pc=0x000002ac4bdc772f sp=0x000000f8491fa970 mode 2
Event: 4.717 Thread 0x000002ac436c0800 Uncommon trap: trap_request=0xffffff4d fr.pc=0x000002ac538c4eb8 relative=0x0000000000001678
Event: 4.717 Thread 0x000002ac436c0800 Uncommon trap: reason=unstable_if action=reinterpret pc=0x000002ac538c4eb8 method=java.lang.invoke.InvokerBytecodeGenerator.getInternalName(Ljava/lang/Class;)Ljava/lang/String; @ 12 c2
Event: 4.717 Thread 0x000002ac436c0800 DEOPT PACKING pc=0x000002ac538c4eb8 sp=0x000000f8491faa00
Event: 4.717 Thread 0x000002ac436c0800 DEOPT UNPACKING pc=0x000002ac4bdc772f sp=0x000000f8491fa8f0 mode 2
Event: 4.733 Thread 0x000002ac436c0800 Uncommon trap: trap_request=0xffffff4d fr.pc=0x000002ac538fea5c relative=0x000000000000003c
Event: 4.733 Thread 0x000002ac436c0800 Uncommon trap: reason=unstable_if action=reinterpret pc=0x000002ac538fea5c method=sun.nio.fs.WindowsPathParser.isSlash(C)Z @ 9 c2
Event: 4.733 Thread 0x000002ac436c0800 DEOPT PACKING pc=0x000002ac538fea5c sp=0x000000f8491fbcb0
Event: 4.733 Thread 0x000002ac436c0800 DEOPT UNPACKING pc=0x000002ac4bdc772f sp=0x000000f8491fbc38 mode 2
Event: 4.794 Thread 0x000002ac436c0800 Uncommon trap: trap_request=0xffffffcc fr.pc=0x000002ac538fe500 relative=0x00000000000002c0
Event: 4.794 Thread 0x000002ac436c0800 Uncommon trap: reason=intrinsic_or_type_checked_inlining action=make_not_entrant pc=0x000002ac538fe500 method=java.util.Arrays.copyOf([Ljava/lang/Object;ILjava/lang/Class;)[Ljava/lang/Object; @ 35 c2
Event: 4.794 Thread 0x000002ac436c0800 DEOPT PACKING pc=0x000002ac538fe500 sp=0x000000f8491fe4b0
Event: 4.794 Thread 0x000002ac436c0800 DEOPT UNPACKING pc=0x000002ac4bdc772f sp=0x000000f8491fe440 mode 2

Classes redefined (0 events):
No events

Internal exceptions (20 events):
Event: 2.740 Thread 0x000002ac68308800 Exception <a 'java/lang/NoSuchMethodError'{0x0000000719074698}: 'java.lang.Object java.lang.invoke.DirectMethodHandle$Holder.invokeStatic(java.lang.Object, java.lang.Object, java.lang.Object, java.lang.Object, java.lang.Object, java.lang.Object, java.lang.Object, java.lang.Object, java.lang.Object, java.lang.Object, java.lang.Object, int)'> (0x0000000719074698) thrown at [./src/hotspot/share/interpreter/linkResolver.cpp, line 773]
Event: 2.741 Thread 0x000002ac68308800 Exception <a 'java/lang/NoSuchMethodError'{0x0000000719092a78}: 'java.lang.Object java.lang.invoke.DirectMethodHandle$Holder.invokeStatic(java.lang.Object, java.lang.Object, java.lang.Object, java.lang.Object, java.lang.Object, java.lang.Object, java.lang.Object, java.lang.Object, java.lang.Object, java.lang.Object, java.lang.Object, int, int)'> (0x0000000719092a78) thrown at [./src/hotspot/share/interpreter/linkResolver.cpp, line 773]
Event: 2.742 Thread 0x000002ac68308800 Exception <a 'java/lang/NoSuchMethodError'{0x00000007190b1808}: 'java.lang.Object java.lang.invoke.DirectMethodHandle$Holder.invokeStatic(java.lang.Object, java.lang.Object, java.lang.Object, java.lang.Object, java.lang.Object, java.lang.Object, java.lang.Object, java.lang.Object, java.lang.Object, java.lang.Object, java.lang.Object, int, int, java.lang.Object)'> (0x00000007190b1808) thrown at [./src/hotspot/share/interpreter/linkResolver.cpp, line 773]
Event: 2.742 Thread 0x000002ac68308800 Exception <a 'java/lang/NoSuchMethodError'{0x00000007190d1c60}: 'java.lang.Object java.lang.invoke.DirectMethodHandle$Holder.invokeStatic(java.lang.Object, java.lang.Object, java.lang.Object, java.lang.Object, java.lang.Object, java.lang.Object, java.lang.Object, java.lang.Object, java.lang.Object, java.lang.Object, java.lang.Object, int, int, java.lang.Object, java.lang.Object)'> (0x00000007190d1c60) thrown at [./src/hotspot/share/interpreter/linkResolver.cpp, line 773]
Event: 2.747 Thread 0x000002ac68308800 Exception <a 'java/lang/NoSuchMethodError'{0x0000000718f4ca38}: 'java.lang.Object java.lang.invoke.DirectMethodHandle$Holder.invokeStatic(java.lang.Object, java.lang.Object, java.lang.Object, java.lang.Object, java.lang.Object, java.lang.Object, java.lang.Object, java.lang.Object, java.lang.Object, java.lang.Object, java.lang.Object, java.lang.Object, java.lang.Object, int)'> (0x0000000718f4ca38) thrown at [./src/hotspot/share/interpreter/linkResolver.cpp, line 773]
Event: 2.747 Thread 0x000002ac68308800 Exception <a 'java/lang/NoSuchMethodError'{0x0000000718f591e8}: 'java.lang.Object java.lang.invoke.DirectMethodHandle$Holder.invokeStatic(java.lang.Object, java.lang.Object, java.lang.Object, java.lang.Object, java.lang.Object, java.lang.Object, java.lang.Object, java.lang.Object, java.lang.Object, java.lang.Object, java.lang.Object, java.lang.Object, java.lang.Object, int, int)'> (0x0000000718f591e8) thrown at [./src/hotspot/share/interpreter/linkResolver.cpp, line 773]
Event: 2.752 Thread 0x000002ac68308800 Exception <a 'java/lang/ClassNotFoundException'{0x0000000718fac558}: com/sun/java/swing/plaf/windows/resources/spi/windowsProvider> (0x0000000718fac558) thrown at [./src/hotspot/share/classfile/systemDictionary.cpp, line 231]
Event: 2.866 Thread 0x000002ac68308800 Exception <a 'java/lang/NoSuchMethodError'{0x0000000718b2e640}: 'java.lang.Object java.lang.invoke.Invokers$Holder.linkToTargetMethod(java.lang.Object, int, java.lang.Object)'> (0x0000000718b2e640) thrown at [./src/hotspot/share/interpreter/linkResolver.cpp, line 773]
Event: 4.668 Thread 0x000002ac436c0800 Exception <a 'java/lang/ClassNotFoundException'{0x0000000714fed2a8}: sun/util/logging/resources/spi/loggingProvider> (0x0000000714fed2a8) thrown at [./src/hotspot/share/classfile/systemDictionary.cpp, line 231]
Event: 4.677 Thread 0x000002ac436c0800 Implicit null exception at 0x000002ac538b5014 to 0x000002ac538b5614
Event: 4.677 Thread 0x000002ac436c0800 Implicit null exception at 0x000002ac538aa114 to 0x000002ac538aa700
Event: 4.716 Thread 0x000002ac436c0800 Implicit null exception at 0x000002ac538b7450 to 0x000002ac538b78c0
Event: 4.717 Thread 0x000002ac436c0800 Exception <a 'java/lang/NoSuchMethodError'{0x000000070bbd3b70}: 'void java.lang.invoke.DelegatingMethodHandle$Holder.delegate(java.lang.Object, java.lang.Object, int, java.lang.Object)'> (0x000000070bbd3b70) thrown at [./src/hotspot/share/interpreter/linkResolver.cpp, line 773]
Event: 4.718 Thread 0x000002ac436c0800 Exception <a 'java/lang/NoSuchMethodError'{0x000000070bbdb1d0}: 'java.lang.Object java.lang.invoke.DirectMethodHandle$Holder.invokeStaticInit(java.lang.Object, java.lang.Object, java.lang.Object)'> (0x000000070bbdb1d0) thrown at [./src/hotspot/share/interpreter/linkResolver.cpp, line 773]
Event: 4.733 Thread 0x000002ac436c0800 Exception <a 'sun/nio/fs/WindowsException'{0x000000070ba135c8}> (0x000000070ba135c8) thrown at [./src/hotspot/share/prims/jni.cpp, line 615]
Event: 4.733 Thread 0x000002ac436c0800 Exception <a 'sun/nio/fs/WindowsException'{0x000000070ba13b58}> (0x000000070ba13b58) thrown at [./src/hotspot/share/prims/jni.cpp, line 615]
Event: 4.745 Thread 0x000002ac436c0800 Exception <a 'sun/nio/fs/WindowsException'{0x000000070ba86a50}> (0x000000070ba86a50) thrown at [./src/hotspot/share/prims/jni.cpp, line 615]
Event: 4.745 Thread 0x000002ac436c0800 Exception <a 'sun/nio/fs/WindowsException'{0x000000070ba86e28}> (0x000000070ba86e28) thrown at [./src/hotspot/share/prims/jni.cpp, line 615]
Event: 4.759 Thread 0x000002ac436c0800 Exception <a 'sun/nio/fs/WindowsException'{0x000000070b917860}> (0x000000070b917860) thrown at [./src/hotspot/share/prims/jni.cpp, line 615]
Event: 4.759 Thread 0x000002ac436c0800 Exception <a 'sun/nio/fs/WindowsException'{0x000000070b917c08}> (0x000000070b917c08) thrown at [./src/hotspot/share/prims/jni.cpp, line 615]

Events (20 events):
Event: 4.749 loading class org/lwjgl/system/JNI
Event: 4.749 loading class org/lwjgl/system/JNI done
Event: 4.753 loading class org/lwjgl/system/dyncall/DynCallback
Event: 4.753 loading class org/lwjgl/system/dyncall/DynCallback done
Event: 4.754 loading class org/lwjgl/glfw/GLFW
Event: 4.754 loading class org/lwjgl/glfw/GLFW done
Event: 4.755 loading class org/lwjgl/glfw/GLFWImage$Buffer
Event: 4.755 loading class org/lwjgl/glfw/GLFWImage$Buffer done
Event: 4.755 loading class org/lwjgl/system/StructBuffer
Event: 4.755 loading class org/lwjgl/system/StructBuffer done
Event: 4.762 loading class org/lwjgl/glfw/GLFW$Functions
Event: 4.762 loading class org/lwjgl/glfw/GLFW$Functions done
Event: 4.793 loading class org/lwjgl/glfw/GLFWVidMode
Event: 4.793 loading class org/lwjgl/glfw/GLFWVidMode done
Event: 4.794 loading class org/lwjgl/system/Struct$Member
Event: 4.794 loading class org/lwjgl/system/Struct$Member done
Event: 4.794 loading class org/lwjgl/system/Struct$Layout
Event: 4.794 loading class org/lwjgl/system/Struct$Layout done
Event: 4.794 loading class org/lwjgl/glfw/EventLoop$OffScreen
Event: 4.794 loading class org/lwjgl/glfw/EventLoop$OffScreen done


Dynamic libraries:
0x00007ff619040000 - 0x00007ff61904d000 	C:\Program Files\AdoptOpenJDK\jdk-11.0.9.11-hotspot\bin\javaw.exe
0x00007ff895400000 - 0x00007ff8955f0000 	C:\WINDOWS\SYSTEM32\ntdll.dll
0x00007ff8941f0000 - 0x00007ff8942a2000 	C:\WINDOWS\System32\KERNEL32.DLL
0x00007ff892370000 - 0x00007ff892615000 	C:\WINDOWS\System32\KERNELBASE.dll
0x00007ff8933b0000 - 0x00007ff8934aa000 	C:\WINDOWS\System32\ucrtbase.dll
0x00007ff8893b0000 - 0x00007ff8893c5000 	C:\Program Files\AdoptOpenJDK\jdk-11.0.9.11-hotspot\bin\VCRUNTIME140.dll
0x00007ff8893d0000 - 0x00007ff8893e7000 	C:\Program Files\AdoptOpenJDK\jdk-11.0.9.11-hotspot\bin\jli.dll
0x00007ff893db0000 - 0x00007ff893f44000 	C:\WINDOWS\System32\USER32.dll
0x00007ff880320000 - 0x00007ff8805a4000 	C:\WINDOWS\WinSxS\amd64_microsoft.windows.common-controls_6595b64144ccf1df_6.0.18362.1440_none_9e7dbfb9e45e8e67\COMCTL32.dll
0x00007ff893110000 - 0x00007ff893131000 	C:\WINDOWS\System32\win32u.dll
0x00007ff894360000 - 0x00007ff8943fe000 	C:\WINDOWS\System32\msvcrt.dll
0x00007ff894020000 - 0x00007ff894046000 	C:\WINDOWS\System32\GDI32.dll
0x00007ff894af0000 - 0x00007ff894e26000 	C:\WINDOWS\System32\combase.dll
0x00007ff892f70000 - 0x00007ff893108000 	C:\WINDOWS\System32\gdi32full.dll
0x00007ff8950a0000 - 0x00007ff8951bf000 	C:\WINDOWS\System32\RPCRT4.dll
0x00007ff892700000 - 0x00007ff89279e000 	C:\WINDOWS\System32\msvcp_win.dll
0x00007ff8931a0000 - 0x00007ff893221000 	C:\WINDOWS\System32\bcryptPrimitives.dll
0x00007ff8944a0000 - 0x00007ff8944ce000 	C:\WINDOWS\System32\IMM32.DLL
0x00007ff888fb0000 - 0x00007ff88904b000 	C:\Program Files\AdoptOpenJDK\jdk-11.0.9.11-hotspot\bin\msvcp140.dll
0x00007ff83cb70000 - 0x00007ff83d6b3000 	C:\Program Files\AdoptOpenJDK\jdk-11.0.9.11-hotspot\bin\server\jvm.dll
0x00007ff895310000 - 0x00007ff8953b3000 	C:\WINDOWS\System32\ADVAPI32.dll
0x00007ff8942b0000 - 0x00007ff894347000 	C:\WINDOWS\System32\sechost.dll
0x00007ff894350000 - 0x00007ff894358000 	C:\WINDOWS\System32\PSAPI.DLL
0x00007ff883cd0000 - 0x00007ff883cf4000 	C:\WINDOWS\SYSTEM32\WINMM.dll
0x00007ff882700000 - 0x00007ff882709000 	C:\WINDOWS\SYSTEM32\WSOCK32.dll
0x00007ff88dda0000 - 0x00007ff88ddaa000 	C:\WINDOWS\SYSTEM32\VERSION.dll
0x00007ff894180000 - 0x00007ff8941ef000 	C:\WINDOWS\System32\WS2_32.dll
0x00007ff883ca0000 - 0x00007ff883ccd000 	C:\WINDOWS\SYSTEM32\WINMMBASE.dll
0x00007ff892f20000 - 0x00007ff892f6a000 	C:\WINDOWS\System32\cfgmgr32.dll
0x00007ff8922e0000 - 0x00007ff8922f1000 	C:\WINDOWS\System32\kernel.appcore.dll
0x00007ff86d720000 - 0x00007ff86d730000 	C:\Program Files\AdoptOpenJDK\jdk-11.0.9.11-hotspot\bin\verify.dll
0x00007ff890790000 - 0x00007ff890984000 	C:\WINDOWS\SYSTEM32\DBGHELP.DLL
0x00007ff881bc0000 - 0x00007ff881bea000 	C:\WINDOWS\SYSTEM32\dbgcore.DLL
0x00007ff8531b0000 - 0x00007ff8531d8000 	C:\Program Files\AdoptOpenJDK\jdk-11.0.9.11-hotspot\bin\java.dll
0x00007ff869550000 - 0x00007ff86955a000 	C:\Program Files\AdoptOpenJDK\jdk-11.0.9.11-hotspot\bin\jimage.dll
0x00007ff86e610000 - 0x00007ff86e627000 	C:\Program Files\AdoptOpenJDK\jdk-11.0.9.11-hotspot\bin\zip.dll
0x00007ff893610000 - 0x00007ff893cf8000 	C:\WINDOWS\System32\SHELL32.dll
0x00007ff894050000 - 0x00007ff8940f7000 	C:\WINDOWS\System32\shcore.dll
0x00007ff8927a0000 - 0x00007ff892f1b000 	C:\WINDOWS\System32\windows.storage.dll
0x00007ff8922c0000 - 0x00007ff8922de000 	C:\WINDOWS\System32\profapi.dll
0x00007ff892320000 - 0x00007ff89236a000 	C:\WINDOWS\System32\powrprof.dll
0x00007ff8922b0000 - 0x00007ff8922c0000 	C:\WINDOWS\System32\UMPDC.dll
0x00007ff894fe0000 - 0x00007ff895032000 	C:\WINDOWS\System32\shlwapi.dll
0x00007ff893390000 - 0x00007ff8933a7000 	C:\WINDOWS\System32\cryptsp.dll
0x00007ff86e5f0000 - 0x00007ff86e609000 	C:\Program Files\AdoptOpenJDK\jdk-11.0.9.11-hotspot\bin\net.dll
0x00007ff88d690000 - 0x00007ff88d78a000 	C:\WINDOWS\SYSTEM32\WINHTTP.dll
0x00007ff891a90000 - 0x00007ff891af7000 	C:\WINDOWS\system32\mswsock.dll
0x00007ff865ce0000 - 0x00007ff865cf2000 	C:\Program Files\AdoptOpenJDK\jdk-11.0.9.11-hotspot\bin\nio.dll
0x00007ff888310000 - 0x00007ff8884a9000 	C:\Program Files\AdoptOpenJDK\jdk-11.0.9.11-hotspot\bin\awt.dll
0x00007ff895240000 - 0x00007ff895305000 	C:\WINDOWS\System32\OLEAUT32.dll
0x00007ff88f7a0000 - 0x00007ff88f82f000 	C:\WINDOWS\SYSTEM32\apphelp.dll
0x00007ff88ff00000 - 0x00007ff88ff99000 	C:\WINDOWS\system32\uxtheme.dll
0x00007ff894540000 - 0x00007ff894675000 	C:\WINDOWS\System32\MSCTF.dll
0x00007ff8934b0000 - 0x00007ff893607000 	C:\WINDOWS\System32\ole32.dll
0x00007ff890320000 - 0x00007ff89034d000 	C:\WINDOWS\system32\DWMAPI.DLL
0x00007ff860820000 - 0x00007ff860976000 	C:\WINDOWS\system32\opengl32.dll
0x00007ff860110000 - 0x00007ff86013c000 	C:\WINDOWS\SYSTEM32\GLU32.dll
0x00007ff890d90000 - 0x00007ff890db0000 	C:\WINDOWS\SYSTEM32\dxcore.dll
0x00007ff865a00000 - 0x00007ff865bc7000 	C:\WINDOWS\system32\d3d9.dll
0x00007ff878ae0000 - 0x00007ff878bce000 	C:\WINDOWS\System32\DriverStore\FileRepository\nvhdc.inf_amd64_641b900991c063c6\nvldumdx.dll
0x00007ff893230000 - 0x00007ff893381000 	C:\WINDOWS\System32\crypt32.dll
0x00007ff892300000 - 0x00007ff892312000 	C:\WINDOWS\System32\MSASN1.dll
0x00007ff893140000 - 0x00007ff89319c000 	C:\WINDOWS\System32\WINTRUST.DLL
0x00007ff894480000 - 0x00007ff89449d000 	C:\WINDOWS\System32\imagehlp.dll
0x00007ff8913a0000 - 0x00007ff8913d3000 	C:\WINDOWS\system32\rsaenh.dll
0x00007ff892620000 - 0x00007ff892646000 	C:\WINDOWS\System32\bcrypt.dll
0x00007ff891c60000 - 0x00007ff891c6c000 	C:\WINDOWS\SYSTEM32\CRYPTBASE.dll
0x00007ff85e2c0000 - 0x00007ff85f681000 	C:\WINDOWS\System32\DriverStore\FileRepository\nvhdc.inf_amd64_641b900991c063c6\nvd3dumx.dll
0x00007ff88e270000 - 0x00007ff88e279000 	C:\Program Files\AdoptOpenJDK\jdk-11.0.9.11-hotspot\bin\prefs.dll
0x00007ff888e20000 - 0x00007ff888ea2000 	C:\Program Files\AdoptOpenJDK\jdk-11.0.9.11-hotspot\bin\freetype.dll
0x00007ff888620000 - 0x00007ff8886c6000 	C:\Program Files\AdoptOpenJDK\jdk-11.0.9.11-hotspot\bin\fontmanager.dll
0x00007ff878cb0000 - 0x00007ff878d4d000 	C:\WINDOWS\System32\TextInputFramework.dll
0x00007ff88f590000 - 0x00007ff88f664000 	C:\WINDOWS\System32\CoreMessaging.dll
0x00007ff87a530000 - 0x00007ff87a85a000 	C:\WINDOWS\System32\CoreUIComponents.dll
0x00007ff890d50000 - 0x00007ff890d81000 	C:\WINDOWS\SYSTEM32\ntmarta.dll
0x00007ff886810000 - 0x00007ff886962000 	C:\WINDOWS\SYSTEM32\wintypes.dll
0x00007ff884060000 - 0x00007ff884307000 	C:\WINDOWS\System32\iertutil.dll
0x00007ff887520000 - 0x00007ff88777d000 	C:\Users\loopnels162\git\ics4u_loop_nelson_162\bulletjme.dll
0x00007ff888ed0000 - 0x00007ff888f34000 	C:\Users\loopnels162\AppData\Local\Temp\lwjglLoopNels162\3.2.3-build-13\lwjgl.dll
0x00007ff87f830000 - 0x00007ff87fa83000 	C:\Users\LOOPNE~1\AppData\Local\Temp\lwjglLoopNels162\3.2.3-build-13\jemalloc.dll
0x00007ff8885b0000 - 0x00007ff888612000 	C:\Users\LOOPNE~1\AppData\Local\Temp\lwjglLoopNels162\3.2.3-build-13\glfw.dll
0x00007ff888560000 - 0x00007ff8885a3000 	C:\WINDOWS\SYSTEM32\dinput8.dll
0x00007ff889390000 - 0x00007ff8893a1000 	C:\WINDOWS\SYSTEM32\xinput1_4.dll
0x00007ff892090000 - 0x00007ff8920ba000 	C:\WINDOWS\SYSTEM32\DEVOBJ.dll
0x00007ff878d50000 - 0x00007ff878e6c000 	C:\WINDOWS\SYSTEM32\inputhost.dll
0x00007ff8870f0000 - 0x00007ff8871e0000 	C:\WINDOWS\SYSTEM32\PROPSYS.dll
0x00007ff890c20000 - 0x00007ff890c2e000 	C:\WINDOWS\SYSTEM32\HID.DLL
0x00007ff894680000 - 0x00007ff894af0000 	C:\WINDOWS\System32\SETUPAPI.DLL
0x0000000056d90000 - 0x000000005944f000 	C:\WINDOWS\System32\DriverStore\FileRepository\nvhdc.inf_amd64_641b900991c063c6\nvoglv64.dll
0x00007ff88e1f0000 - 0x00007ff88e203000 	C:\WINDOWS\SYSTEM32\WTSAPI32.dll
0x00007ff891cf0000 - 0x00007ff891d46000 	C:\WINDOWS\SYSTEM32\WINSTA.dll

dbghelp: loaded successfully - version: 4.0.5 - missing functions: none
symbol engine: initialized successfully - sym options: 0x614 - pdb path: .;C:\Program Files\AdoptOpenJDK\jdk-11.0.9.11-hotspot\bin;C:\WINDOWS\SYSTEM32;C:\WINDOWS\WinSxS\amd64_microsoft.windows.common-controls_6595b64144ccf1df_6.0.18362.1440_none_9e7dbfb9e45e8e67;C:\Program Files\AdoptOpenJDK\jdk-11.0.9.11-hotspot\bin\server;C:\WINDOWS\System32\DriverStore\FileRepository\nvhdc.inf_amd64_641b900991c063c6;C:\Users\loopnels162\git\ics4u_loop_nelson_162;C:\Users\loopnels162\AppData\Local\Temp\lwjglLoopNels162\3.2.3-build-13;C:\Users\LOOPNE~1\AppData\Local\Temp\lwjglLoopNels162\3.2.3-build-13

VM Arguments:
jvm_args: -Dfile.encoding=Cp1252 
java_command: nelsoncca.CCAProject2
java_class_path (initial): C:\Users\loopnels162\git\ics4u_loop_nelson_162\target\classes;C:\Users\loopnels162\.m2\repository\org\jmonkeyengine\jme3-core\3.3.2-stable\jme3-core-3.3.2-stable.jar;C:\Users\loopnels162\.m2\repository\org\jmonkeyengine\jme3-desktop\3.3.2-stable\jme3-desktop-3.3.2-stable.jar;C:\Users\loopnels162\.m2\repository\org\jmonkeyengine\jme3-lwjgl3\3.3.2-stable\jme3-lwjgl3-3.3.2-stable.jar;C:\Users\loopnels162\.m2\repository\org\lwjgl\lwjgl\3.2.3\lwjgl-3.2.3.jar;C:\Users\loopnels162\.m2\repository\org\lwjgl\lwjgl-glfw\3.2.3\lwjgl-glfw-3.2.3.jar;C:\Users\loopnels162\.m2\repository\org\lwjgl\lwjgl-jemalloc\3.2.3\lwjgl-jemalloc-3.2.3.jar;C:\Users\loopnels162\.m2\repository\org\lwjgl\lwjgl-openal\3.2.3\lwjgl-openal-3.2.3.jar;C:\Users\loopnels162\.m2\repository\org\lwjgl\lwjgl-opencl\3.2.3\lwjgl-opencl-3.2.3.jar;C:\Users\loopnels162\.m2\repository\org\lwjgl\lwjgl-opengl\3.2.3\lwjgl-opengl-3.2.3.jar;C:\Users\loopnels162\.m2\repository\org\lwjgl\lwjgl\3.2.3\lwjgl-3.2.3-natives-windows.jar;C:\Users\loopnels162\.m2\repository\org\lwjgl\lwjgl\3.2.3\lwjgl-3.2.3-natives-linux.jar;C:\Users\loopnels162\.m2\repository\org\lwjgl\lwjgl\3.2.3\lwjgl-3.2.3-natives-macos.jar;C:\Users\loopnels162\.m2\repository\org\lwjgl\lwjgl-glfw\3.2.3\lwjgl-glfw-3.2.3-natives-windows.jar;C:\Users\loopnels162\.m2\repository\org\lwjgl\lwjgl-glfw\3.2.3\lwjgl-glfw-3.2.3-natives-linux.jar;C:\Users\loopnels162\.m2\repository\org\lwjgl\lwjgl-glfw\3.2.3\lwjgl-glfw-3.2.3-natives-macos.jar;C:\Users\loopnels162\.m2\repository\org\lwjgl\lwjgl-jemalloc\3.2.3\lwjgl-jemalloc-3.2.3-natives-windows.jar;C:\Users\loopnels162\.m2\repository\org\lwjgl\lwjgl-jemalloc\3.2.3\lwjgl-jemalloc-3.2.3-natives-linux.jar;C:\Users\loopnels162\.m2\repository\org\lwjgl\lwjgl-jemalloc\3.2.3\lwjgl-jemalloc-3.2.3-natives-macos.jar;C:\Users\loopnels162\.m2\repository\org\lwjgl\lwjgl-opengl\3.2.3\lwjgl-opengl-3.2.3-natives-windows.jar;C:\Users\loopnels162\.m2\repository\org\lwjgl\lwjgl-opengl\3.2.3\lwjgl-opengl-3.2.3-nat
Launcher Type: SUN_STANDARD

[Global flags]
     intx CICompilerCount                          = 4                                         {product} {ergonomic}
     uint ConcGCThreads                            = 3                                         {product} {ergonomic}
     uint G1ConcRefinementThreads                  = 10                                        {product} {ergonomic}
   size_t G1HeapRegionSize                         = 1048576                                   {product} {ergonomic}
    uintx GCDrainStackTargetSize                   = 64                                        {product} {ergonomic}
   size_t InitialHeapSize                          = 257949696                                 {product} {ergonomic}
   size_t MarkStackSize                            = 4194304                                   {product} {ergonomic}
   size_t MaxHeapSize                              = 4118806528                                {product} {ergonomic}
   size_t MaxNewSize                               = 2470445056                                {product} {ergonomic}
   size_t MinHeapDeltaBytes                        = 1048576                                   {product} {ergonomic}
    uintx NonNMethodCodeHeapSize                   = 5836300                                {pd product} {ergonomic}
    uintx NonProfiledCodeHeapSize                  = 122910970                              {pd product} {ergonomic}
    uintx ProfiledCodeHeapSize                     = 122910970                              {pd product} {ergonomic}
    uintx ReservedCodeCacheSize                    = 251658240                              {pd product} {ergonomic}
     bool SegmentedCodeCache                       = true                                      {product} {ergonomic}
     bool UseCompressedClassPointers               = true                                 {lp64_product} {ergonomic}
     bool UseCompressedOops                        = true                                 {lp64_product} {ergonomic}
     bool UseG1GC                                  = true                                      {product} {ergonomic}
     bool UseLargePagesIndividualAllocation        = false                                  {pd product} {ergonomic}

Logging:
Log output configuration:
 #0: stdout all=warning uptime,level,tags
 #1: stderr all=off uptime,level,tags

Environment Variables:
JAVA_HOME=C:\Program Files\AdoptOpenJDK\jdk-11.0.9.11-hotspot
PATH=C:/Program Files/AdoptOpenJDK/jdk-11.0.9.11-hotspot/bin/client;C:/Program Files/AdoptOpenJDK/jdk-11.0.9.11-hotspot/bin;C:\Program Files\AdoptOpenJDK\jdk-11.0.9.11-hotspot\bin;C:\WINDOWS\system32;C:\WINDOWS;C:\WINDOWS\System32\Wbem;C:\WINDOWS\System32\WindowsPowerShell\v1.0\;C:\WINDOWS\System32\OpenSSH\;C:\WINDOWS\system32\config\systemprofile\AppData\Local\Microsoft\WindowsApps;C:\ProgramData\MinGW\bin;C:\ProgramData\MinGW\msys\1.0\bin;c:\Program Files (x86)\Microsoft SQL Server\100\Tools\Binn\;c:\Program Files\Microsoft SQL Server\100\Tools\Binn\;c:\Program Files\Microsoft SQL Server\100\DTS\Binn\;C:\Users\loopnels162\AppData\Local\Microsoft\WindowsApps;;C:\WINDOWS\system32;
USERNAME=LoopNels162
OS=Windows_NT
PROCESSOR_IDENTIFIER=Intel64 Family 6 Model 158 Stepping 10, GenuineIntel



---------------  S Y S T E M  ---------------

OS: Windows 10 , 64 bit Build 18362 (10.0.18362.1350)
OS uptime: 0 days 3:29 hours

CPU:total 12 (initial active 12) (6 cores per cpu, 2 threads per core) family 6 model 158 stepping 10, cmov, cx8, fxsr, mmx, sse, sse2, sse3, ssse3, sse4.1, sse4.2, popcnt, avx, avx2, aes, clmul, erms, rtm, 3dnowpref, lzcnt, ht, tsc, tscinvbit, bmi1, bmi2, adx, fma

Memory: 4k page, system-wide physical 15710M (10900M free)
TotalPageFile size 18142M (AvailPageFile size 12237M)
current process WorkingSet (physical memory assigned to process): 138M, peak: 138M
current process commit charge ("private bytes"): 220M, peak: 411M

vm_info: OpenJDK 64-Bit Server VM (11.0.9+11) for windows-amd64 JRE (11.0.9+11), built on Oct 24 2020 15:15:35 by "" with MS VC++ 15.9 (VS2017)

END.
